<?xml version="1.0" encoding="UTF-8"?>
<!-- Generated by org.testng.reporters.JUnitXMLReporter -->
<testsuite ignored="0" hostname="CPC-ShaikIrF-B1" failures="3" tests="7" name="Career_Opportunities_CSC_scenarios(failed)(failed)" time="256.186" errors="0" timestamp="2023-10-26T00:42:09 IST">
  <testcase classname="com.test.user.Career_Opportunities_CSC_scenarios" name="RUNALL" time="21.397">
    <failure type="java.lang.Exception" message="java.lang.AssertionError: Text below Employment Application text not validated expected [FITNESS INTERNATIONAL, LLC, IS AN EQUAL OPPORTUNITY EMPLOYER WHO RECOGNIZES THE VALUE OF HAVING A DIVERSE WORKFORCE. WE SEEK AND ENCOURAGE QUALIFIED APPLICANTS REGARDLESS OF GENDER, ETHNICITY, RELIGION OR OTHER CULTURAL OR PHYSICAL CHARACTERISTICS, IN COMPLIANCE WITH STATE AND FEDERAL LAW. MUST BE AT LEAST 18 YEARS OF AGE. FOR INDIVIDUALS WITH DISABILITIES, ACCOMMODATIONS ARE AVAILABLE UPON REQUEST. CALIFORNIA APPLICANTS: FOR PURPOSES OF THE CALIFORNIA CONSUMER PRIVACY ACT, PLEASE SEE OUR CA APPLICANT PRIVACY NOTICE AND YOUR PRIVACY CHOICES.] but found [FITNESS INTERNATIONAL, LLC, IS AN EQUAL OPPORTUNITY EMPLOYER WHO RECOGNIZES THE VALUE OF HAVING A DIVERSE WORKFORCE. WE SEEK AND ENCOURAGE QUALIFIED APPLICANTS REGARDLESS OF GENDER, ETHNICITY, RELIGION OR OTHER CULTURAL OR PHYSICAL CHARACTERISTICS, IN COMPLIANCE WITH STATE AND FEDERAL LAW. MUST BE AT LEAST 18 YEARS OF AGE. FOR INDIVIDUALS WITH DISABILITIES, ACCOMMODATIONS ARE AVAILABLE UPON REQUEST. CALIFORNIA APPLICANTS: FOR PURPOSES OF THE CALIFORNIA CONSUMER PRIVACY ACT, PLEASE SEE OUR NOTICE AT COLLECTION AND YOUR PRIVACY CHOICES.]
	at org.testng.Assert.fail(Assert.java:99)
	at org.testng.Assert.failNotEquals(Assert.java:1037)
	at org.testng.Assert.assertEqualsImpl(Assert.java:140)
	at org.testng.Assert.assertEquals(Assert.java:122)
	at org.testng.Assert.assertEquals(Assert.java:629)
	at com.pages.CareerOpportunities_CSC.TC_02_CS_Validate_Text_Below_EmploymentApp_PT(CareerOpportunities_CSC.java:476)
	at com.test.user.Career_Opportunities_CSC_scenarios.RUNALL(Career_Opportunities_CSC_scenarios.java:248)
	at java.base/jdk.internal.reflect.DirectMethodHandleAccessor.invoke(DirectMethodHandleAccessor.java:104)
	at java.base/java.lang.reflect.Method.invoke(Method.java:577)
	at org.testng.internal.MethodInvocationHelper.invokeMethod(MethodInvocationHelper.java:133)
	at org.testng.internal.TestInvoker.invokeMethod(TestInvoker.java:598)
	at org.testng.internal.TestInvoker.invokeTestMethod(TestInvoker.java:173)
	at org.testng.internal.MethodRunner.runInSequence(MethodRunner.java:46)
	at org.testng.internal.TestInvoker$MethodInvocationAgent.invoke(TestInvoker.java:824)
	at org.testng.internal.TestInvoker.invokeTestMethods(TestInvoker.java:146)
	at org.testng.internal.TestMethodWorker.invokeTestMethods(TestMethodWorker.java:146)
	at org.testng.internal.TestMethodWorker.run(TestMethodWorker.java:128)
	at java.base/java.util.ArrayList.forEach(ArrayList.java:1511)
	at org.testng.TestRunner.privateRun(TestRunner.java:794)
	at org.testng.TestRunner.run(TestRunner.java:596)
	at org.testng.SuiteRunner.runTest(SuiteRunner.java:377)
	at org.testng.SuiteRunner.runSequentially(SuiteRunner.java:371)
	at org.testng.SuiteRunner.privateRun(SuiteRunner.java:332)
	at org.testng.SuiteRunner.run(SuiteRunner.java:276)
	at org.testng.SuiteRunnerWorker.runSuite(SuiteRunnerWorker.java:53)
	at org.testng.SuiteRunnerWorker.run(SuiteRunnerWorker.java:96)
	at org.testng.TestNG.runSuitesSequentially(TestNG.java:1212)
	at org.testng.TestNG.runSuitesLocally(TestNG.java:1134)
	at org.testng.TestNG.runSuites(TestNG.java:1063)
	at org.testng.TestNG.run(TestNG.java:1031)
	at org.testng.remote.AbstractRemoteTestNG.run(AbstractRemoteTestNG.java:115)
	at org.testng.remote.RemoteTestNG.initAndRun(RemoteTestNG.java:251)
	at org.testng.remote.RemoteTestNG.main(RemoteTestNG.java:77)
">
      <![CDATA[java.lang.Exception: java.lang.AssertionError: Text below Employment Application text not validated expected [FITNESS INTERNATIONAL, LLC, IS AN EQUAL OPPORTUNITY EMPLOYER WHO RECOGNIZES THE VALUE OF HAVING A DIVERSE WORKFORCE. WE SEEK AND ENCOURAGE QUALIFIED APPLICANTS REGARDLESS OF GENDER, ETHNICITY, RELIGION OR OTHER CULTURAL OR PHYSICAL CHARACTERISTICS, IN COMPLIANCE WITH STATE AND FEDERAL LAW. MUST BE AT LEAST 18 YEARS OF AGE. FOR INDIVIDUALS WITH DISABILITIES, ACCOMMODATIONS ARE AVAILABLE UPON REQUEST. CALIFORNIA APPLICANTS: FOR PURPOSES OF THE CALIFORNIA CONSUMER PRIVACY ACT, PLEASE SEE OUR CA APPLICANT PRIVACY NOTICE AND YOUR PRIVACY CHOICES.] but found [FITNESS INTERNATIONAL, LLC, IS AN EQUAL OPPORTUNITY EMPLOYER WHO RECOGNIZES THE VALUE OF HAVING A DIVERSE WORKFORCE. WE SEEK AND ENCOURAGE QUALIFIED APPLICANTS REGARDLESS OF GENDER, ETHNICITY, RELIGION OR OTHER CULTURAL OR PHYSICAL CHARACTERISTICS, IN COMPLIANCE WITH STATE AND FEDERAL LAW. MUST BE AT LEAST 18 YEARS OF AGE. FOR INDIVIDUALS WITH DISABILITIES, ACCOMMODATIONS ARE AVAILABLE UPON REQUEST. CALIFORNIA APPLICANTS: FOR PURPOSES OF THE CALIFORNIA CONSUMER PRIVACY ACT, PLEASE SEE OUR NOTICE AT COLLECTION AND YOUR PRIVACY CHOICES.]
at com.pages.CareerOpportunities_CSC.TC_02_CS_Validate_Text_Below_EmploymentApp_PT(CareerOpportunities_CSC.java:476)
at com.test.user.Career_Opportunities_CSC_scenarios.RUNALL(Career_Opportunities_CSC_scenarios.java:248)
at java.base/java.util.ArrayList.forEach(ArrayList.java:1511)

at com.test.user.Career_Opportunities_CSC_scenarios.RUNALL(Career_Opportunities_CSC_scenarios.java:2380)
at java.base/java.util.ArrayList.forEach(ArrayList.java:1511)
... Removed 55 stack frames]]>
    </failure>
  </testcase> <!-- RUNALL -->
  <testcase classname="com.test.user.Career_Opportunities_CSC_scenarios" name="RUNALL" time="31.039"/>
  <testcase classname="com.test.user.Career_Opportunities_CSC_scenarios" name="RUNALL" time="41.811"/>
  <testcase classname="com.test.user.Career_Opportunities_CSC_scenarios" name="RUNALL" time="25.616">
    <failure type="java.lang.Exception" message="org.openqa.selenium.ElementNotInteractableException: element not interactable: [object HTMLSelectElement] has no size and location
  (Session info: chrome=115.0.5790.170)
Build info: version: &amp;apos;4.11.0&amp;apos;, revision: &amp;apos;040bc5406b&amp;apos;
System info: os.name: &amp;apos;Windows 11&amp;apos;, os.arch: &amp;apos;amd64&amp;apos;, os.version: &amp;apos;10.0&amp;apos;, java.version: &amp;apos;18.0.1.1&amp;apos;
Driver info: org.openqa.selenium.chrome.ChromeDriver
Command: [6dd2db45d89450f78fcd2d7f5fed1d3e, actions {actions=[org.openqa.selenium.interactions.Sequence@340fc1aa]}]
Capabilities {acceptInsecureCerts: false, browserName: chrome, browserVersion: 115.0.5790.170, chrome: {chromedriverVersion: 115.0.5790.170 (cc0d30c2ca5..., userDataDir: C:\Users\SHAIK~1.IRS\AppDat...}, goog:chromeOptions: {debuggerAddress: localhost:61588}, networkConnectionEnabled: false, pageLoadStrategy: eager, platformName: windows, proxy: Proxy(), se:cdp: ws://localhost:61588/devtoo..., se:cdpVersion: 115.0.5790.170, setWindowRect: true, strictFileInteractability: false, timeouts: {implicit: 0, pageLoad: 300000, script: 30000}, unhandledPromptBehavior: dismiss and notify, webauthn:extension:credBlob: true, webauthn:extension:largeBlob: true, webauthn:extension:minPinLength: true, webauthn:extension:prf: true, webauthn:virtualAuthenticators: true}
Session ID: 6dd2db45d89450f78fcd2d7f5fed1d3e
	at java.base/jdk.internal.reflect.DirectConstructorHandleAccessor.newInstance(DirectConstructorHandleAccessor.java:67)
	at java.base/java.lang.reflect.Constructor.newInstanceWithCaller(Constructor.java:499)
	at java.base/java.lang.reflect.Constructor.newInstance(Constructor.java:483)
	at org.openqa.selenium.remote.codec.w3c.W3CHttpResponseCodec.createException(W3CHttpResponseCodec.java:200)
	at org.openqa.selenium.remote.codec.w3c.W3CHttpResponseCodec.decode(W3CHttpResponseCodec.java:133)
	at org.openqa.selenium.remote.codec.w3c.W3CHttpResponseCodec.decode(W3CHttpResponseCodec.java:52)
	at org.openqa.selenium.remote.HttpCommandExecutor.execute(HttpCommandExecutor.java:191)
	at org.openqa.selenium.remote.service.DriverCommandExecutor.invokeExecute(DriverCommandExecutor.java:196)
	at org.openqa.selenium.remote.service.DriverCommandExecutor.execute(DriverCommandExecutor.java:171)
	at org.openqa.selenium.remote.RemoteWebDriver.execute(RemoteWebDriver.java:518)
	at org.openqa.selenium.remote.RemoteWebDriver.perform(RemoteWebDriver.java:604)
	at org.openqa.selenium.interactions.Actions$BuiltAction.perform(Actions.java:605)
	at org.openqa.selenium.interactions.Actions.perform(Actions.java:574)
	at com.BasePackage.Base_Class.MoveToElement(Base_Class.java:491)
	at com.pages.CareerOpportunities_CSC.TC_21_CS_Validate_NextPage_ClickofELNextbutton_PT(CareerOpportunities_CSC.java:1231)
	at com.pages.CareerOpportunities_CSC.TC_41_CS_Validate_Click_NextExperInfopage_PT(CareerOpportunities_CSC.java:2102)
	at com.pages.CareerOpportunities_CSC.TC_67_CS_Validate_onClickNextbtn_EH_PT(CareerOpportunities_CSC.java:2938)
	at com.pages.CareerOpportunities_CSC.TC_72_CS_Validate_OnClickNextBtn_LanguageSkills_PT(CareerOpportunities_CSC.java:3114)
	at com.pages.CareerOpportunities_CSC.TC_86_CS_Validate_OnClickNextBtn_CO_PT(CareerOpportunities_CSC.java:3582)
	at com.pages.CareerOpportunities_CSC.TC_103_CS_Validate_NextBtn_EOE_PT(CareerOpportunities_CSC.java:4173)
	at com.pages.CareerOpportunities_CSC.TC_107_CS_Validate_text_Iacknowledge_AS_PT(CareerOpportunities_CSC.java:4297)
	at com.test.user.Career_Opportunities_CSC_scenarios.RUNALL(Career_Opportunities_CSC_scenarios.java:1085)
	at java.base/jdk.internal.reflect.DirectMethodHandleAccessor.invoke(DirectMethodHandleAccessor.java:104)
	at java.base/java.lang.reflect.Method.invoke(Method.java:577)
	at org.testng.internal.MethodInvocationHelper.invokeMethod(MethodInvocationHelper.java:133)
	at org.testng.internal.TestInvoker.invokeMethod(TestInvoker.java:598)
	at org.testng.internal.TestInvoker.invokeTestMethod(TestInvoker.java:173)
	at org.testng.internal.MethodRunner.runInSequence(MethodRunner.java:46)
	at org.testng.internal.TestInvoker$MethodInvocationAgent.invoke(TestInvoker.java:824)
	at org.testng.internal.TestInvoker.invokeTestMethods(TestInvoker.java:146)
	at org.testng.internal.TestMethodWorker.invokeTestMethods(TestMethodWorker.java:146)
	at org.testng.internal.TestMethodWorker.run(TestMethodWorker.java:128)
	at java.base/java.util.ArrayList.forEach(ArrayList.java:1511)
	at org.testng.TestRunner.privateRun(TestRunner.java:794)
	at org.testng.TestRunner.run(TestRunner.java:596)
	at org.testng.SuiteRunner.runTest(SuiteRunner.java:377)
	at org.testng.SuiteRunner.runSequentially(SuiteRunner.java:371)
	at org.testng.SuiteRunner.privateRun(SuiteRunner.java:332)
	at org.testng.SuiteRunner.run(SuiteRunner.java:276)
	at org.testng.SuiteRunnerWorker.runSuite(SuiteRunnerWorker.java:53)
	at org.testng.SuiteRunnerWorker.run(SuiteRunnerWorker.java:96)
	at org.testng.TestNG.runSuitesSequentially(TestNG.java:1212)
	at org.testng.TestNG.runSuitesLocally(TestNG.java:1134)
	at org.testng.TestNG.runSuites(TestNG.java:1063)
	at org.testng.TestNG.run(TestNG.java:1031)
	at org.testng.remote.AbstractRemoteTestNG.run(AbstractRemoteTestNG.java:115)
	at org.testng.remote.RemoteTestNG.initAndRun(RemoteTestNG.java:251)
	at org.testng.remote.RemoteTestNG.main(RemoteTestNG.java:77)
">
      <![CDATA[java.lang.Exception: org.openqa.selenium.ElementNotInteractableException: element not interactable: [object HTMLSelectElement] has no size and location
  (Session info: chrome=115.0.5790.170)
Build info: version: '4.11.0', revision: '040bc5406b'
System info: os.name: 'Windows 11', os.arch: 'amd64', os.version: '10.0', java.version: '18.0.1.1'
Driver info: org.openqa.selenium.chrome.ChromeDriver
Command: [6dd2db45d89450f78fcd2d7f5fed1d3e, actions {actions=[org.openqa.selenium.interactions.Sequence@340fc1aa]}]
Capabilities {acceptInsecureCerts: false, browserName: chrome, browserVersion: 115.0.5790.170, chrome: {chromedriverVersion: 115.0.5790.170 (cc0d30c2ca5..., userDataDir: C:\Users\SHAIK~1.IRS\AppDat...}, goog:chromeOptions: {debuggerAddress: localhost:61588}, networkConnectionEnabled: false, pageLoadStrategy: eager, platformName: windows, proxy: Proxy(), se:cdp: ws://localhost:61588/devtoo..., se:cdpVersion: 115.0.5790.170, setWindowRect: true, strictFileInteractability: false, timeouts: {implicit: 0, pageLoad: 300000, script: 30000}, unhandledPromptBehavior: dismiss and notify, webauthn:extension:credBlob: true, webauthn:extension:largeBlob: true, webauthn:extension:minPinLength: true, webauthn:extension:prf: true, webauthn:virtualAuthenticators: true}
Session ID: 6dd2db45d89450f78fcd2d7f5fed1d3e
at org.openqa.selenium.remote.codec.w3c.W3CHttpResponseCodec.createException(W3CHttpResponseCodec.java:200)
at org.openqa.selenium.remote.codec.w3c.W3CHttpResponseCodec.decode(W3CHttpResponseCodec.java:133)
at org.openqa.selenium.remote.codec.w3c.W3CHttpResponseCodec.decode(W3CHttpResponseCodec.java:52)
at org.openqa.selenium.remote.HttpCommandExecutor.execute(HttpCommandExecutor.java:191)
at org.openqa.selenium.remote.service.DriverCommandExecutor.invokeExecute(DriverCommandExecutor.java:196)
at org.openqa.selenium.remote.service.DriverCommandExecutor.execute(DriverCommandExecutor.java:171)
at org.openqa.selenium.remote.RemoteWebDriver.execute(RemoteWebDriver.java:518)
at org.openqa.selenium.remote.RemoteWebDriver.perform(RemoteWebDriver.java:604)
at org.openqa.selenium.interactions.Actions$BuiltAction.perform(Actions.java:605)
at org.openqa.selenium.interactions.Actions.perform(Actions.java:574)
at com.BasePackage.Base_Class.MoveToElement(Base_Class.java:491)
at com.pages.CareerOpportunities_CSC.TC_21_CS_Validate_NextPage_ClickofELNextbutton_PT(CareerOpportunities_CSC.java:1231)
at com.pages.CareerOpportunities_CSC.TC_41_CS_Validate_Click_NextExperInfopage_PT(CareerOpportunities_CSC.java:2102)
at com.pages.CareerOpportunities_CSC.TC_67_CS_Validate_onClickNextbtn_EH_PT(CareerOpportunities_CSC.java:2938)
at com.pages.CareerOpportunities_CSC.TC_72_CS_Validate_OnClickNextBtn_LanguageSkills_PT(CareerOpportunities_CSC.java:3114)
at com.pages.CareerOpportunities_CSC.TC_86_CS_Validate_OnClickNextBtn_CO_PT(CareerOpportunities_CSC.java:3582)
at com.pages.CareerOpportunities_CSC.TC_103_CS_Validate_NextBtn_EOE_PT(CareerOpportunities_CSC.java:4173)
at com.pages.CareerOpportunities_CSC.TC_107_CS_Validate_text_Iacknowledge_AS_PT(CareerOpportunities_CSC.java:4297)
at com.test.user.Career_Opportunities_CSC_scenarios.RUNALL(Career_Opportunities_CSC_scenarios.java:1085)
at java.base/java.util.ArrayList.forEach(ArrayList.java:1511)

at com.test.user.Career_Opportunities_CSC_scenarios.RUNALL(Career_Opportunities_CSC_scenarios.java:2342)
at java.base/java.util.ArrayList.forEach(ArrayList.java:1511)
... Removed 53 stack frames]]>
    </failure>
  </testcase> <!-- RUNALL -->
  <testcase classname="com.test.user.Career_Opportunities_CSC_scenarios" name="RUNALL" time="54.594"/>
  <testcase classname="com.test.user.Career_Opportunities_CSC_scenarios" name="RUNALL" time="53.146"/>
  <testcase classname="com.test.user.Career_Opportunities_CSC_scenarios" name="RUNALL" time="25.033">
    <failure type="java.lang.Exception" message="org.openqa.selenium.ElementNotInteractableException: element not interactable: [object HTMLSelectElement] has no size and location
  (Session info: chrome=115.0.5790.170)
Build info: version: &amp;apos;4.11.0&amp;apos;, revision: &amp;apos;040bc5406b&amp;apos;
System info: os.name: &amp;apos;Windows 11&amp;apos;, os.arch: &amp;apos;amd64&amp;apos;, os.version: &amp;apos;10.0&amp;apos;, java.version: &amp;apos;18.0.1.1&amp;apos;
Driver info: org.openqa.selenium.chrome.ChromeDriver
Command: [fddcbf3089702b26e4f9d81eb493c5bb, actions {actions=[org.openqa.selenium.interactions.Sequence@44d36b56]}]
Capabilities {acceptInsecureCerts: false, browserName: chrome, browserVersion: 115.0.5790.170, chrome: {chromedriverVersion: 115.0.5790.170 (cc0d30c2ca5..., userDataDir: C:\Users\SHAIK~1.IRS\AppDat...}, goog:chromeOptions: {debuggerAddress: localhost:61926}, networkConnectionEnabled: false, pageLoadStrategy: eager, platformName: windows, proxy: Proxy(), se:cdp: ws://localhost:61926/devtoo..., se:cdpVersion: 115.0.5790.170, setWindowRect: true, strictFileInteractability: false, timeouts: {implicit: 0, pageLoad: 300000, script: 30000}, unhandledPromptBehavior: dismiss and notify, webauthn:extension:credBlob: true, webauthn:extension:largeBlob: true, webauthn:extension:minPinLength: true, webauthn:extension:prf: true, webauthn:virtualAuthenticators: true}
Session ID: fddcbf3089702b26e4f9d81eb493c5bb
	at java.base/jdk.internal.reflect.DirectConstructorHandleAccessor.newInstance(DirectConstructorHandleAccessor.java:67)
	at java.base/java.lang.reflect.Constructor.newInstanceWithCaller(Constructor.java:499)
	at java.base/java.lang.reflect.Constructor.newInstance(Constructor.java:483)
	at org.openqa.selenium.remote.codec.w3c.W3CHttpResponseCodec.createException(W3CHttpResponseCodec.java:200)
	at org.openqa.selenium.remote.codec.w3c.W3CHttpResponseCodec.decode(W3CHttpResponseCodec.java:133)
	at org.openqa.selenium.remote.codec.w3c.W3CHttpResponseCodec.decode(W3CHttpResponseCodec.java:52)
	at org.openqa.selenium.remote.HttpCommandExecutor.execute(HttpCommandExecutor.java:191)
	at org.openqa.selenium.remote.service.DriverCommandExecutor.invokeExecute(DriverCommandExecutor.java:196)
	at org.openqa.selenium.remote.service.DriverCommandExecutor.execute(DriverCommandExecutor.java:171)
	at org.openqa.selenium.remote.RemoteWebDriver.execute(RemoteWebDriver.java:518)
	at org.openqa.selenium.remote.RemoteWebDriver.perform(RemoteWebDriver.java:604)
	at org.openqa.selenium.interactions.Actions$BuiltAction.perform(Actions.java:605)
	at org.openqa.selenium.interactions.Actions.perform(Actions.java:574)
	at com.BasePackage.Base_Class.MoveToElement(Base_Class.java:491)
	at com.pages.CareerOpportunities_CSC.TC_21_CS_Validate_NextPage_ClickofELNextbutton_PT(CareerOpportunities_CSC.java:1231)
	at com.pages.CareerOpportunities_CSC.TC_41_CS_Validate_Click_NextExperInfopage_PT(CareerOpportunities_CSC.java:2102)
	at com.pages.CareerOpportunities_CSC.TC_67_CS_Validate_onClickNextbtn_EH_PT(CareerOpportunities_CSC.java:2938)
	at com.pages.CareerOpportunities_CSC.TC_72_CS_Validate_OnClickNextBtn_LanguageSkills_PT(CareerOpportunities_CSC.java:3114)
	at com.pages.CareerOpportunities_CSC.TC_86_CS_Validate_OnClickNextBtn_CO_PT(CareerOpportunities_CSC.java:3582)
	at com.pages.CareerOpportunities_CSC.TC_103_CS_Validate_NextBtn_EOE_PT(CareerOpportunities_CSC.java:4173)
	at com.pages.CareerOpportunities_CSC.TC_109_CS_Validate_Nextbtn_AS_PT(CareerOpportunities_CSC.java:4358)
	at com.pages.CareerOpportunities_CSC.TC_119_CS_Validate_Text_DateweekMonth_AandD_PT(CareerOpportunities_CSC.java:4564)
	at com.test.user.Career_Opportunities_CSC_scenarios.RUNALL(Career_Opportunities_CSC_scenarios.java:1172)
	at java.base/jdk.internal.reflect.DirectMethodHandleAccessor.invoke(DirectMethodHandleAccessor.java:104)
	at java.base/java.lang.reflect.Method.invoke(Method.java:577)
	at org.testng.internal.MethodInvocationHelper.invokeMethod(MethodInvocationHelper.java:133)
	at org.testng.internal.TestInvoker.invokeMethod(TestInvoker.java:598)
	at org.testng.internal.TestInvoker.invokeTestMethod(TestInvoker.java:173)
	at org.testng.internal.MethodRunner.runInSequence(MethodRunner.java:46)
	at org.testng.internal.TestInvoker$MethodInvocationAgent.invoke(TestInvoker.java:824)
	at org.testng.internal.TestInvoker.invokeTestMethods(TestInvoker.java:146)
	at org.testng.internal.TestMethodWorker.invokeTestMethods(TestMethodWorker.java:146)
	at org.testng.internal.TestMethodWorker.run(TestMethodWorker.java:128)
	at java.base/java.util.ArrayList.forEach(ArrayList.java:1511)
	at org.testng.TestRunner.privateRun(TestRunner.java:794)
	at org.testng.TestRunner.run(TestRunner.java:596)
	at org.testng.SuiteRunner.runTest(SuiteRunner.java:377)
	at org.testng.SuiteRunner.runSequentially(SuiteRunner.java:371)
	at org.testng.SuiteRunner.privateRun(SuiteRunner.java:332)
	at org.testng.SuiteRunner.run(SuiteRunner.java:276)
	at org.testng.SuiteRunnerWorker.runSuite(SuiteRunnerWorker.java:53)
	at org.testng.SuiteRunnerWorker.run(SuiteRunnerWorker.java:96)
	at org.testng.TestNG.runSuitesSequentially(TestNG.java:1212)
	at org.testng.TestNG.runSuitesLocally(TestNG.java:1134)
	at org.testng.TestNG.runSuites(TestNG.java:1063)
	at org.testng.TestNG.run(TestNG.java:1031)
	at org.testng.remote.AbstractRemoteTestNG.run(AbstractRemoteTestNG.java:115)
	at org.testng.remote.RemoteTestNG.initAndRun(RemoteTestNG.java:251)
	at org.testng.remote.RemoteTestNG.main(RemoteTestNG.java:77)
">
      <![CDATA[java.lang.Exception: org.openqa.selenium.ElementNotInteractableException: element not interactable: [object HTMLSelectElement] has no size and location
  (Session info: chrome=115.0.5790.170)
Build info: version: '4.11.0', revision: '040bc5406b'
System info: os.name: 'Windows 11', os.arch: 'amd64', os.version: '10.0', java.version: '18.0.1.1'
Driver info: org.openqa.selenium.chrome.ChromeDriver
Command: [fddcbf3089702b26e4f9d81eb493c5bb, actions {actions=[org.openqa.selenium.interactions.Sequence@44d36b56]}]
Capabilities {acceptInsecureCerts: false, browserName: chrome, browserVersion: 115.0.5790.170, chrome: {chromedriverVersion: 115.0.5790.170 (cc0d30c2ca5..., userDataDir: C:\Users\SHAIK~1.IRS\AppDat...}, goog:chromeOptions: {debuggerAddress: localhost:61926}, networkConnectionEnabled: false, pageLoadStrategy: eager, platformName: windows, proxy: Proxy(), se:cdp: ws://localhost:61926/devtoo..., se:cdpVersion: 115.0.5790.170, setWindowRect: true, strictFileInteractability: false, timeouts: {implicit: 0, pageLoad: 300000, script: 30000}, unhandledPromptBehavior: dismiss and notify, webauthn:extension:credBlob: true, webauthn:extension:largeBlob: true, webauthn:extension:minPinLength: true, webauthn:extension:prf: true, webauthn:virtualAuthenticators: true}
Session ID: fddcbf3089702b26e4f9d81eb493c5bb
at org.openqa.selenium.remote.codec.w3c.W3CHttpResponseCodec.createException(W3CHttpResponseCodec.java:200)
at org.openqa.selenium.remote.codec.w3c.W3CHttpResponseCodec.decode(W3CHttpResponseCodec.java:133)
at org.openqa.selenium.remote.codec.w3c.W3CHttpResponseCodec.decode(W3CHttpResponseCodec.java:52)
at org.openqa.selenium.remote.HttpCommandExecutor.execute(HttpCommandExecutor.java:191)
at org.openqa.selenium.remote.service.DriverCommandExecutor.invokeExecute(DriverCommandExecutor.java:196)
at org.openqa.selenium.remote.service.DriverCommandExecutor.execute(DriverCommandExecutor.java:171)
at org.openqa.selenium.remote.RemoteWebDriver.execute(RemoteWebDriver.java:518)
at org.openqa.selenium.remote.RemoteWebDriver.perform(RemoteWebDriver.java:604)
at org.openqa.selenium.interactions.Actions$BuiltAction.perform(Actions.java:605)
at org.openqa.selenium.interactions.Actions.perform(Actions.java:574)
at com.BasePackage.Base_Class.MoveToElement(Base_Class.java:491)
at com.pages.CareerOpportunities_CSC.TC_21_CS_Validate_NextPage_ClickofELNextbutton_PT(CareerOpportunities_CSC.java:1231)
at com.pages.CareerOpportunities_CSC.TC_41_CS_Validate_Click_NextExperInfopage_PT(CareerOpportunities_CSC.java:2102)
at com.pages.CareerOpportunities_CSC.TC_67_CS_Validate_onClickNextbtn_EH_PT(CareerOpportunities_CSC.java:2938)
at com.pages.CareerOpportunities_CSC.TC_72_CS_Validate_OnClickNextBtn_LanguageSkills_PT(CareerOpportunities_CSC.java:3114)
at com.pages.CareerOpportunities_CSC.TC_86_CS_Validate_OnClickNextBtn_CO_PT(CareerOpportunities_CSC.java:3582)
at com.pages.CareerOpportunities_CSC.TC_103_CS_Validate_NextBtn_EOE_PT(CareerOpportunities_CSC.java:4173)
at com.pages.CareerOpportunities_CSC.TC_109_CS_Validate_Nextbtn_AS_PT(CareerOpportunities_CSC.java:4358)
at com.pages.CareerOpportunities_CSC.TC_119_CS_Validate_Text_DateweekMonth_AandD_PT(CareerOpportunities_CSC.java:4564)
at com.test.user.Career_Opportunities_CSC_scenarios.RUNALL(Career_Opportunities_CSC_scenarios.java:1172)
at java.base/java.util.ArrayList.forEach(ArrayList.java:1511)

at com.test.user.Career_Opportunities_CSC_scenarios.RUNALL(Career_Opportunities_CSC_scenarios.java:2342)
at java.base/java.util.ArrayList.forEach(ArrayList.java:1511)
... Removed 53 stack frames]]>
    </failure>
  </testcase> <!-- RUNALL -->
</testsuite> <!-- Career_Opportunities_CSC_scenarios(failed)(failed) -->
