<?xml version="1.0" encoding="UTF-8"?>
<!-- Generated by org.testng.reporters.JUnitXMLReporter -->
<testsuite ignored="0" hostname="CPC-Lingraj5-1U" failures="10" tests="12" name="ClubStudio_scenarios(failed)(failed)" time="615.412" errors="0" timestamp="2023-09-28T10:30:46 IST">
  <testcase classname="com.test.user.ClubStudio_scenarios" name="RUNALL" time="15.293">
    <failure type="java.lang.Exception" message="java.lang.AssertionError: Employment Application paragraph text not validated expected [FITNESS INTERNATIONAL, LLC, IS AN EQUAL OPPORTUNITY EMPLOYER WHO RECOGNIZES THE VALUE OF HAVING A DIVERSE WORKFORCE. WE SEEK AND ENCOURAGE QUALIFIED APPLICANTS REGARDLESS OF GENDER, ETHNICITY, RELIGION OR OTHER CULTURAL OR PHYSICAL CHARACTERISTICS, IN COMPLIANCE WITH STATE AND FEDERAL LAW. MUST BE AT LEAST 18 YEARS OF AGE. FOR INDIVIDUALS WITH DISABILITIES, ACCOMMODATIONS ARE AVAILABLE UPON REQUEST. CALIFORNIA APPLICANTS: FOR PURPOSES OF THE CALIFORNIA CONSUMER PRIVACY ACT, PLEASE SEE OUR CA APPLICANT PRIVACY NOTICE AND YOUR PRIVACY CHOICES.] but found [FITNESS INTERNATIONAL, LLC, IS AN EQUAL OPPORTUNITY EMPLOYER WHO RECOGNIZES THE VALUE OF HAVING A DIVERSE WORKFORCE. WE SEEK AND ENCOURAGE QUALIFIED APPLICANTS REGARDLESS OF GENDER, ETHNICITY, RELIGION OR OTHER CULTURAL OR PHYSICAL CHARACTERISTICS, IN COMPLIANCE WITH STATE AND FEDERAL LAW. MUST BE AT LEAST 18 YEARS OF AGE. FOR INDIVIDUALS WITH DISABILITIES, ACCOMMODATIONS ARE AVAILABLE UPON REQUEST. CALIFORNIA APPLICANTS: FOR PURPOSES OF THE CALIFORNIA CONSUMER PRIVACY ACT, PLEASE SEE OUR NOTICE AT COLLECTION AND YOUR PRIVACY CHOICES.]
	at org.testng.Assert.fail(Assert.java:99)
	at org.testng.Assert.failNotEquals(Assert.java:1037)
	at org.testng.Assert.assertEqualsImpl(Assert.java:140)
	at org.testng.Assert.assertEquals(Assert.java:122)
	at org.testng.Assert.assertEquals(Assert.java:629)
	at com.pages.ClubStudio.Validate_emp_para(ClubStudio.java:1135)
	at com.test.user.ClubStudio_scenarios.RUNALL(ClubStudio_scenarios.java:291)
	at java.base/jdk.internal.reflect.NativeMethodAccessorImpl.invoke0(Native Method)
	at java.base/jdk.internal.reflect.NativeMethodAccessorImpl.invoke(NativeMethodAccessorImpl.java:77)
	at java.base/jdk.internal.reflect.DelegatingMethodAccessorImpl.invoke(DelegatingMethodAccessorImpl.java:43)
	at java.base/java.lang.reflect.Method.invoke(Method.java:568)
	at org.testng.internal.MethodInvocationHelper.invokeMethod(MethodInvocationHelper.java:133)
	at org.testng.internal.TestInvoker.invokeMethod(TestInvoker.java:598)
	at org.testng.internal.TestInvoker.invokeTestMethod(TestInvoker.java:173)
	at org.testng.internal.MethodRunner.runInSequence(MethodRunner.java:46)
	at org.testng.internal.TestInvoker$MethodInvocationAgent.invoke(TestInvoker.java:824)
	at org.testng.internal.TestInvoker.invokeTestMethods(TestInvoker.java:146)
	at org.testng.internal.TestMethodWorker.invokeTestMethods(TestMethodWorker.java:146)
	at org.testng.internal.TestMethodWorker.run(TestMethodWorker.java:128)
	at java.base/java.util.ArrayList.forEach(ArrayList.java:1511)
	at org.testng.TestRunner.privateRun(TestRunner.java:794)
	at org.testng.TestRunner.run(TestRunner.java:596)
	at org.testng.SuiteRunner.runTest(SuiteRunner.java:377)
	at org.testng.SuiteRunner.runSequentially(SuiteRunner.java:371)
	at org.testng.SuiteRunner.privateRun(SuiteRunner.java:332)
	at org.testng.SuiteRunner.run(SuiteRunner.java:276)
	at org.testng.SuiteRunnerWorker.runSuite(SuiteRunnerWorker.java:53)
	at org.testng.SuiteRunnerWorker.run(SuiteRunnerWorker.java:96)
	at org.testng.TestNG.runSuitesSequentially(TestNG.java:1212)
	at org.testng.TestNG.runSuitesLocally(TestNG.java:1134)
	at org.testng.TestNG.runSuites(TestNG.java:1063)
	at org.testng.TestNG.run(TestNG.java:1031)
	at org.testng.remote.AbstractRemoteTestNG.run(AbstractRemoteTestNG.java:115)
	at org.testng.remote.RemoteTestNG.initAndRun(RemoteTestNG.java:251)
	at org.testng.remote.RemoteTestNG.main(RemoteTestNG.java:77)
">
      <![CDATA[java.lang.Exception: java.lang.AssertionError: Employment Application paragraph text not validated expected [FITNESS INTERNATIONAL, LLC, IS AN EQUAL OPPORTUNITY EMPLOYER WHO RECOGNIZES THE VALUE OF HAVING A DIVERSE WORKFORCE. WE SEEK AND ENCOURAGE QUALIFIED APPLICANTS REGARDLESS OF GENDER, ETHNICITY, RELIGION OR OTHER CULTURAL OR PHYSICAL CHARACTERISTICS, IN COMPLIANCE WITH STATE AND FEDERAL LAW. MUST BE AT LEAST 18 YEARS OF AGE. FOR INDIVIDUALS WITH DISABILITIES, ACCOMMODATIONS ARE AVAILABLE UPON REQUEST. CALIFORNIA APPLICANTS: FOR PURPOSES OF THE CALIFORNIA CONSUMER PRIVACY ACT, PLEASE SEE OUR CA APPLICANT PRIVACY NOTICE AND YOUR PRIVACY CHOICES.] but found [FITNESS INTERNATIONAL, LLC, IS AN EQUAL OPPORTUNITY EMPLOYER WHO RECOGNIZES THE VALUE OF HAVING A DIVERSE WORKFORCE. WE SEEK AND ENCOURAGE QUALIFIED APPLICANTS REGARDLESS OF GENDER, ETHNICITY, RELIGION OR OTHER CULTURAL OR PHYSICAL CHARACTERISTICS, IN COMPLIANCE WITH STATE AND FEDERAL LAW. MUST BE AT LEAST 18 YEARS OF AGE. FOR INDIVIDUALS WITH DISABILITIES, ACCOMMODATIONS ARE AVAILABLE UPON REQUEST. CALIFORNIA APPLICANTS: FOR PURPOSES OF THE CALIFORNIA CONSUMER PRIVACY ACT, PLEASE SEE OUR NOTICE AT COLLECTION AND YOUR PRIVACY CHOICES.]
at com.pages.ClubStudio.Validate_emp_para(ClubStudio.java:1135)
at com.test.user.ClubStudio_scenarios.RUNALL(ClubStudio_scenarios.java:291)
at java.base/java.util.ArrayList.forEach(ArrayList.java:1511)

at com.test.user.ClubStudio_scenarios.RUNALL(ClubStudio_scenarios.java:4305)
at java.base/java.util.ArrayList.forEach(ArrayList.java:1511)
... Removed 59 stack frames]]>
    </failure>
  </testcase> <!-- RUNALL -->
  <testcase classname="com.test.user.ClubStudio_scenarios" name="RUNALL" time="80.431"/>
  <testcase classname="com.test.user.ClubStudio_scenarios" name="RUNALL" time="68.345">
    <failure type="java.lang.Exception" message="java.lang.AssertionError: Date: Thursday, September 28, 2023.  in Employment Submit Application Arbitration and Dispute Resolution Agreement level 9 page not validated expected [THURSDAY, SEPTEMBER 28, 2023] but found [WEDNESDAY, SEPTEMBER 27, 2023]
	at org.testng.Assert.fail(Assert.java:99)
	at org.testng.Assert.failNotEquals(Assert.java:1037)
	at org.testng.Assert.assertEqualsImpl(Assert.java:140)
	at org.testng.Assert.assertEquals(Assert.java:122)
	at org.testng.Assert.assertEquals(Assert.java:629)
	at com.pages.ClubStudio.Validate_ip_in_prtname_dateandipadd_in_l9(ClubStudio.java:7607)
	at com.test.user.ClubStudio_scenarios.RUNALL(ClubStudio_scenarios.java:1055)
	at java.base/jdk.internal.reflect.NativeMethodAccessorImpl.invoke0(Native Method)
	at java.base/jdk.internal.reflect.NativeMethodAccessorImpl.invoke(NativeMethodAccessorImpl.java:77)
	at java.base/jdk.internal.reflect.DelegatingMethodAccessorImpl.invoke(DelegatingMethodAccessorImpl.java:43)
	at java.base/java.lang.reflect.Method.invoke(Method.java:568)
	at org.testng.internal.MethodInvocationHelper.invokeMethod(MethodInvocationHelper.java:133)
	at org.testng.internal.TestInvoker.invokeMethod(TestInvoker.java:598)
	at org.testng.internal.TestInvoker.invokeTestMethod(TestInvoker.java:173)
	at org.testng.internal.MethodRunner.runInSequence(MethodRunner.java:46)
	at org.testng.internal.TestInvoker$MethodInvocationAgent.invoke(TestInvoker.java:824)
	at org.testng.internal.TestInvoker.invokeTestMethods(TestInvoker.java:146)
	at org.testng.internal.TestMethodWorker.invokeTestMethods(TestMethodWorker.java:146)
	at org.testng.internal.TestMethodWorker.run(TestMethodWorker.java:128)
	at java.base/java.util.ArrayList.forEach(ArrayList.java:1511)
	at org.testng.TestRunner.privateRun(TestRunner.java:794)
	at org.testng.TestRunner.run(TestRunner.java:596)
	at org.testng.SuiteRunner.runTest(SuiteRunner.java:377)
	at org.testng.SuiteRunner.runSequentially(SuiteRunner.java:371)
	at org.testng.SuiteRunner.privateRun(SuiteRunner.java:332)
	at org.testng.SuiteRunner.run(SuiteRunner.java:276)
	at org.testng.SuiteRunnerWorker.runSuite(SuiteRunnerWorker.java:53)
	at org.testng.SuiteRunnerWorker.run(SuiteRunnerWorker.java:96)
	at org.testng.TestNG.runSuitesSequentially(TestNG.java:1212)
	at org.testng.TestNG.runSuitesLocally(TestNG.java:1134)
	at org.testng.TestNG.runSuites(TestNG.java:1063)
	at org.testng.TestNG.run(TestNG.java:1031)
	at org.testng.remote.AbstractRemoteTestNG.run(AbstractRemoteTestNG.java:115)
	at org.testng.remote.RemoteTestNG.initAndRun(RemoteTestNG.java:251)
	at org.testng.remote.RemoteTestNG.main(RemoteTestNG.java:77)
">
      <![CDATA[java.lang.Exception: java.lang.AssertionError: Date: Thursday, September 28, 2023.  in Employment Submit Application Arbitration and Dispute Resolution Agreement level 9 page not validated expected [THURSDAY, SEPTEMBER 28, 2023] but found [WEDNESDAY, SEPTEMBER 27, 2023]
at com.pages.ClubStudio.Validate_ip_in_prtname_dateandipadd_in_l9(ClubStudio.java:7607)
at com.test.user.ClubStudio_scenarios.RUNALL(ClubStudio_scenarios.java:1055)
at java.base/java.util.ArrayList.forEach(ArrayList.java:1511)

at com.test.user.ClubStudio_scenarios.RUNALL(ClubStudio_scenarios.java:4305)
at java.base/java.util.ArrayList.forEach(ArrayList.java:1511)
... Removed 59 stack frames]]>
    </failure>
  </testcase> <!-- RUNALL -->
  <testcase classname="com.test.user.ClubStudio_scenarios" name="RUNALL" time="19.786">
    <failure type="java.lang.Exception" message="java.lang.AssertionError: Employment Application paragraph text not validated expected [FITNESS INTERNATIONAL, LLC, IS AN EQUAL OPPORTUNITY EMPLOYER WHO RECOGNIZES THE VALUE OF HAVING A DIVERSE WORKFORCE. WE SEEK AND ENCOURAGE QUALIFIED APPLICANTS REGARDLESS OF GENDER, ETHNICITY, RELIGION OR OTHER CULTURAL OR PHYSICAL CHARACTERISTICS, IN COMPLIANCE WITH STATE AND FEDERAL LAW. MUST BE AT LEAST 18 YEARS OF AGE. FOR INDIVIDUALS WITH DISABILITIES, ACCOMMODATIONS ARE AVAILABLE UPON REQUEST. CALIFORNIA APPLICANTS: FOR PURPOSES OF THE CALIFORNIA CONSUMER PRIVACY ACT, PLEASE SEE OUR CA APPLICANT PRIVACY NOTICE AND YOUR PRIVACY CHOICES.] but found [FITNESS INTERNATIONAL, LLC, IS AN EQUAL OPPORTUNITY EMPLOYER WHO RECOGNIZES THE VALUE OF HAVING A DIVERSE WORKFORCE. WE SEEK AND ENCOURAGE QUALIFIED APPLICANTS REGARDLESS OF GENDER, ETHNICITY, RELIGION OR OTHER CULTURAL OR PHYSICAL CHARACTERISTICS, IN COMPLIANCE WITH STATE AND FEDERAL LAW. MUST BE AT LEAST 18 YEARS OF AGE. FOR INDIVIDUALS WITH DISABILITIES, ACCOMMODATIONS ARE AVAILABLE UPON REQUEST. CALIFORNIA APPLICANTS: FOR PURPOSES OF THE CALIFORNIA CONSUMER PRIVACY ACT, PLEASE SEE OUR NOTICE AT COLLECTION AND YOUR PRIVACY CHOICES.]
	at org.testng.Assert.fail(Assert.java:99)
	at org.testng.Assert.failNotEquals(Assert.java:1037)
	at org.testng.Assert.assertEqualsImpl(Assert.java:140)
	at org.testng.Assert.assertEquals(Assert.java:122)
	at org.testng.Assert.assertEquals(Assert.java:629)
	at com.pages.ClubStudio.Validate_emp_para_RI(ClubStudio.java:7958)
	at com.test.user.ClubStudio_scenarios.RUNALL(ClubStudio_scenarios.java:1121)
	at java.base/jdk.internal.reflect.NativeMethodAccessorImpl.invoke0(Native Method)
	at java.base/jdk.internal.reflect.NativeMethodAccessorImpl.invoke(NativeMethodAccessorImpl.java:77)
	at java.base/jdk.internal.reflect.DelegatingMethodAccessorImpl.invoke(DelegatingMethodAccessorImpl.java:43)
	at java.base/java.lang.reflect.Method.invoke(Method.java:568)
	at org.testng.internal.MethodInvocationHelper.invokeMethod(MethodInvocationHelper.java:133)
	at org.testng.internal.TestInvoker.invokeMethod(TestInvoker.java:598)
	at org.testng.internal.TestInvoker.invokeTestMethod(TestInvoker.java:173)
	at org.testng.internal.MethodRunner.runInSequence(MethodRunner.java:46)
	at org.testng.internal.TestInvoker$MethodInvocationAgent.invoke(TestInvoker.java:824)
	at org.testng.internal.TestInvoker.invokeTestMethods(TestInvoker.java:146)
	at org.testng.internal.TestMethodWorker.invokeTestMethods(TestMethodWorker.java:146)
	at org.testng.internal.TestMethodWorker.run(TestMethodWorker.java:128)
	at java.base/java.util.ArrayList.forEach(ArrayList.java:1511)
	at org.testng.TestRunner.privateRun(TestRunner.java:794)
	at org.testng.TestRunner.run(TestRunner.java:596)
	at org.testng.SuiteRunner.runTest(SuiteRunner.java:377)
	at org.testng.SuiteRunner.runSequentially(SuiteRunner.java:371)
	at org.testng.SuiteRunner.privateRun(SuiteRunner.java:332)
	at org.testng.SuiteRunner.run(SuiteRunner.java:276)
	at org.testng.SuiteRunnerWorker.runSuite(SuiteRunnerWorker.java:53)
	at org.testng.SuiteRunnerWorker.run(SuiteRunnerWorker.java:96)
	at org.testng.TestNG.runSuitesSequentially(TestNG.java:1212)
	at org.testng.TestNG.runSuitesLocally(TestNG.java:1134)
	at org.testng.TestNG.runSuites(TestNG.java:1063)
	at org.testng.TestNG.run(TestNG.java:1031)
	at org.testng.remote.AbstractRemoteTestNG.run(AbstractRemoteTestNG.java:115)
	at org.testng.remote.RemoteTestNG.initAndRun(RemoteTestNG.java:251)
	at org.testng.remote.RemoteTestNG.main(RemoteTestNG.java:77)
">
      <![CDATA[java.lang.Exception: java.lang.AssertionError: Employment Application paragraph text not validated expected [FITNESS INTERNATIONAL, LLC, IS AN EQUAL OPPORTUNITY EMPLOYER WHO RECOGNIZES THE VALUE OF HAVING A DIVERSE WORKFORCE. WE SEEK AND ENCOURAGE QUALIFIED APPLICANTS REGARDLESS OF GENDER, ETHNICITY, RELIGION OR OTHER CULTURAL OR PHYSICAL CHARACTERISTICS, IN COMPLIANCE WITH STATE AND FEDERAL LAW. MUST BE AT LEAST 18 YEARS OF AGE. FOR INDIVIDUALS WITH DISABILITIES, ACCOMMODATIONS ARE AVAILABLE UPON REQUEST. CALIFORNIA APPLICANTS: FOR PURPOSES OF THE CALIFORNIA CONSUMER PRIVACY ACT, PLEASE SEE OUR CA APPLICANT PRIVACY NOTICE AND YOUR PRIVACY CHOICES.] but found [FITNESS INTERNATIONAL, LLC, IS AN EQUAL OPPORTUNITY EMPLOYER WHO RECOGNIZES THE VALUE OF HAVING A DIVERSE WORKFORCE. WE SEEK AND ENCOURAGE QUALIFIED APPLICANTS REGARDLESS OF GENDER, ETHNICITY, RELIGION OR OTHER CULTURAL OR PHYSICAL CHARACTERISTICS, IN COMPLIANCE WITH STATE AND FEDERAL LAW. MUST BE AT LEAST 18 YEARS OF AGE. FOR INDIVIDUALS WITH DISABILITIES, ACCOMMODATIONS ARE AVAILABLE UPON REQUEST. CALIFORNIA APPLICANTS: FOR PURPOSES OF THE CALIFORNIA CONSUMER PRIVACY ACT, PLEASE SEE OUR NOTICE AT COLLECTION AND YOUR PRIVACY CHOICES.]
at com.pages.ClubStudio.Validate_emp_para_RI(ClubStudio.java:7958)
at com.test.user.ClubStudio_scenarios.RUNALL(ClubStudio_scenarios.java:1121)
at java.base/java.util.ArrayList.forEach(ArrayList.java:1511)

at com.test.user.ClubStudio_scenarios.RUNALL(ClubStudio_scenarios.java:4305)
at java.base/java.util.ArrayList.forEach(ArrayList.java:1511)
... Removed 59 stack frames]]>
    </failure>
  </testcase> <!-- RUNALL -->
  <testcase classname="com.test.user.ClubStudio_scenarios" name="RUNALL" time="60.346">
    <failure type="java.lang.Exception" message="java.lang.AssertionError: Date: Thursday, September 28, 2023.  in Employment Submit Application Arbitration and Dispute Resolution Agreement level 9 page not validated expected [THURSDAY, SEPTEMBER 28, 2023] but found [WEDNESDAY, SEPTEMBER 27, 2023]
	at org.testng.Assert.fail(Assert.java:99)
	at org.testng.Assert.failNotEquals(Assert.java:1037)
	at org.testng.Assert.assertEqualsImpl(Assert.java:140)
	at org.testng.Assert.assertEquals(Assert.java:122)
	at org.testng.Assert.assertEquals(Assert.java:629)
	at com.pages.ClubStudio.Validate_ip_in_prtname_dateandipadd_in_l9_RI(ClubStudio.java:17655)
	at com.test.user.ClubStudio_scenarios.RUNALL(ClubStudio_scenarios.java:2073)
	at java.base/jdk.internal.reflect.NativeMethodAccessorImpl.invoke0(Native Method)
	at java.base/jdk.internal.reflect.NativeMethodAccessorImpl.invoke(NativeMethodAccessorImpl.java:77)
	at java.base/jdk.internal.reflect.DelegatingMethodAccessorImpl.invoke(DelegatingMethodAccessorImpl.java:43)
	at java.base/java.lang.reflect.Method.invoke(Method.java:568)
	at org.testng.internal.MethodInvocationHelper.invokeMethod(MethodInvocationHelper.java:133)
	at org.testng.internal.TestInvoker.invokeMethod(TestInvoker.java:598)
	at org.testng.internal.TestInvoker.invokeTestMethod(TestInvoker.java:173)
	at org.testng.internal.MethodRunner.runInSequence(MethodRunner.java:46)
	at org.testng.internal.TestInvoker$MethodInvocationAgent.invoke(TestInvoker.java:824)
	at org.testng.internal.TestInvoker.invokeTestMethods(TestInvoker.java:146)
	at org.testng.internal.TestMethodWorker.invokeTestMethods(TestMethodWorker.java:146)
	at org.testng.internal.TestMethodWorker.run(TestMethodWorker.java:128)
	at java.base/java.util.ArrayList.forEach(ArrayList.java:1511)
	at org.testng.TestRunner.privateRun(TestRunner.java:794)
	at org.testng.TestRunner.run(TestRunner.java:596)
	at org.testng.SuiteRunner.runTest(SuiteRunner.java:377)
	at org.testng.SuiteRunner.runSequentially(SuiteRunner.java:371)
	at org.testng.SuiteRunner.privateRun(SuiteRunner.java:332)
	at org.testng.SuiteRunner.run(SuiteRunner.java:276)
	at org.testng.SuiteRunnerWorker.runSuite(SuiteRunnerWorker.java:53)
	at org.testng.SuiteRunnerWorker.run(SuiteRunnerWorker.java:96)
	at org.testng.TestNG.runSuitesSequentially(TestNG.java:1212)
	at org.testng.TestNG.runSuitesLocally(TestNG.java:1134)
	at org.testng.TestNG.runSuites(TestNG.java:1063)
	at org.testng.TestNG.run(TestNG.java:1031)
	at org.testng.remote.AbstractRemoteTestNG.run(AbstractRemoteTestNG.java:115)
	at org.testng.remote.RemoteTestNG.initAndRun(RemoteTestNG.java:251)
	at org.testng.remote.RemoteTestNG.main(RemoteTestNG.java:77)
">
      <![CDATA[java.lang.Exception: java.lang.AssertionError: Date: Thursday, September 28, 2023.  in Employment Submit Application Arbitration and Dispute Resolution Agreement level 9 page not validated expected [THURSDAY, SEPTEMBER 28, 2023] but found [WEDNESDAY, SEPTEMBER 27, 2023]
at com.pages.ClubStudio.Validate_ip_in_prtname_dateandipadd_in_l9_RI(ClubStudio.java:17655)
at com.test.user.ClubStudio_scenarios.RUNALL(ClubStudio_scenarios.java:2073)
at java.base/java.util.ArrayList.forEach(ArrayList.java:1511)

at com.test.user.ClubStudio_scenarios.RUNALL(ClubStudio_scenarios.java:4305)
at java.base/java.util.ArrayList.forEach(ArrayList.java:1511)
... Removed 59 stack frames]]>
    </failure>
  </testcase> <!-- RUNALL -->
  <testcase classname="com.test.user.ClubStudio_scenarios" name="RUNALL" time="12.696">
    <failure type="java.lang.Exception" message="java.lang.AssertionError: Employment Application paragraph text not validated expected [FITNESS INTERNATIONAL, LLC, IS AN EQUAL OPPORTUNITY EMPLOYER WHO RECOGNIZES THE VALUE OF HAVING A DIVERSE WORKFORCE. WE SEEK AND ENCOURAGE QUALIFIED APPLICANTS REGARDLESS OF GENDER, ETHNICITY, RELIGION OR OTHER CULTURAL OR PHYSICAL CHARACTERISTICS, IN COMPLIANCE WITH STATE AND FEDERAL LAW. MUST BE AT LEAST 18 YEARS OF AGE. FOR INDIVIDUALS WITH DISABILITIES, ACCOMMODATIONS ARE AVAILABLE UPON REQUEST. CALIFORNIA APPLICANTS: FOR PURPOSES OF THE CALIFORNIA CONSUMER PRIVACY ACT, PLEASE SEE OUR CA APPLICANT PRIVACY NOTICE AND YOUR PRIVACY CHOICES.] but found [FITNESS INTERNATIONAL, LLC, IS AN EQUAL OPPORTUNITY EMPLOYER WHO RECOGNIZES THE VALUE OF HAVING A DIVERSE WORKFORCE. WE SEEK AND ENCOURAGE QUALIFIED APPLICANTS REGARDLESS OF GENDER, ETHNICITY, RELIGION OR OTHER CULTURAL OR PHYSICAL CHARACTERISTICS, IN COMPLIANCE WITH STATE AND FEDERAL LAW. MUST BE AT LEAST 18 YEARS OF AGE. FOR INDIVIDUALS WITH DISABILITIES, ACCOMMODATIONS ARE AVAILABLE UPON REQUEST. CALIFORNIA APPLICANTS: FOR PURPOSES OF THE CALIFORNIA CONSUMER PRIVACY ACT, PLEASE SEE OUR NOTICE AT COLLECTION AND YOUR PRIVACY CHOICES.]
	at org.testng.Assert.fail(Assert.java:99)
	at org.testng.Assert.failNotEquals(Assert.java:1037)
	at org.testng.Assert.assertEqualsImpl(Assert.java:140)
	at org.testng.Assert.assertEquals(Assert.java:122)
	at org.testng.Assert.assertEquals(Assert.java:629)
	at com.pages.ClubStudio.Validate_emp_para_RFI(ClubStudio.java:18006)
	at com.test.user.ClubStudio_scenarios.RUNALL(ClubStudio_scenarios.java:2142)
	at java.base/jdk.internal.reflect.NativeMethodAccessorImpl.invoke0(Native Method)
	at java.base/jdk.internal.reflect.NativeMethodAccessorImpl.invoke(NativeMethodAccessorImpl.java:77)
	at java.base/jdk.internal.reflect.DelegatingMethodAccessorImpl.invoke(DelegatingMethodAccessorImpl.java:43)
	at java.base/java.lang.reflect.Method.invoke(Method.java:568)
	at org.testng.internal.MethodInvocationHelper.invokeMethod(MethodInvocationHelper.java:133)
	at org.testng.internal.TestInvoker.invokeMethod(TestInvoker.java:598)
	at org.testng.internal.TestInvoker.invokeTestMethod(TestInvoker.java:173)
	at org.testng.internal.MethodRunner.runInSequence(MethodRunner.java:46)
	at org.testng.internal.TestInvoker$MethodInvocationAgent.invoke(TestInvoker.java:824)
	at org.testng.internal.TestInvoker.invokeTestMethods(TestInvoker.java:146)
	at org.testng.internal.TestMethodWorker.invokeTestMethods(TestMethodWorker.java:146)
	at org.testng.internal.TestMethodWorker.run(TestMethodWorker.java:128)
	at java.base/java.util.ArrayList.forEach(ArrayList.java:1511)
	at org.testng.TestRunner.privateRun(TestRunner.java:794)
	at org.testng.TestRunner.run(TestRunner.java:596)
	at org.testng.SuiteRunner.runTest(SuiteRunner.java:377)
	at org.testng.SuiteRunner.runSequentially(SuiteRunner.java:371)
	at org.testng.SuiteRunner.privateRun(SuiteRunner.java:332)
	at org.testng.SuiteRunner.run(SuiteRunner.java:276)
	at org.testng.SuiteRunnerWorker.runSuite(SuiteRunnerWorker.java:53)
	at org.testng.SuiteRunnerWorker.run(SuiteRunnerWorker.java:96)
	at org.testng.TestNG.runSuitesSequentially(TestNG.java:1212)
	at org.testng.TestNG.runSuitesLocally(TestNG.java:1134)
	at org.testng.TestNG.runSuites(TestNG.java:1063)
	at org.testng.TestNG.run(TestNG.java:1031)
	at org.testng.remote.AbstractRemoteTestNG.run(AbstractRemoteTestNG.java:115)
	at org.testng.remote.RemoteTestNG.initAndRun(RemoteTestNG.java:251)
	at org.testng.remote.RemoteTestNG.main(RemoteTestNG.java:77)
">
      <![CDATA[java.lang.Exception: java.lang.AssertionError: Employment Application paragraph text not validated expected [FITNESS INTERNATIONAL, LLC, IS AN EQUAL OPPORTUNITY EMPLOYER WHO RECOGNIZES THE VALUE OF HAVING A DIVERSE WORKFORCE. WE SEEK AND ENCOURAGE QUALIFIED APPLICANTS REGARDLESS OF GENDER, ETHNICITY, RELIGION OR OTHER CULTURAL OR PHYSICAL CHARACTERISTICS, IN COMPLIANCE WITH STATE AND FEDERAL LAW. MUST BE AT LEAST 18 YEARS OF AGE. FOR INDIVIDUALS WITH DISABILITIES, ACCOMMODATIONS ARE AVAILABLE UPON REQUEST. CALIFORNIA APPLICANTS: FOR PURPOSES OF THE CALIFORNIA CONSUMER PRIVACY ACT, PLEASE SEE OUR CA APPLICANT PRIVACY NOTICE AND YOUR PRIVACY CHOICES.] but found [FITNESS INTERNATIONAL, LLC, IS AN EQUAL OPPORTUNITY EMPLOYER WHO RECOGNIZES THE VALUE OF HAVING A DIVERSE WORKFORCE. WE SEEK AND ENCOURAGE QUALIFIED APPLICANTS REGARDLESS OF GENDER, ETHNICITY, RELIGION OR OTHER CULTURAL OR PHYSICAL CHARACTERISTICS, IN COMPLIANCE WITH STATE AND FEDERAL LAW. MUST BE AT LEAST 18 YEARS OF AGE. FOR INDIVIDUALS WITH DISABILITIES, ACCOMMODATIONS ARE AVAILABLE UPON REQUEST. CALIFORNIA APPLICANTS: FOR PURPOSES OF THE CALIFORNIA CONSUMER PRIVACY ACT, PLEASE SEE OUR NOTICE AT COLLECTION AND YOUR PRIVACY CHOICES.]
at com.pages.ClubStudio.Validate_emp_para_RFI(ClubStudio.java:18006)
at com.test.user.ClubStudio_scenarios.RUNALL(ClubStudio_scenarios.java:2142)
at java.base/java.util.ArrayList.forEach(ArrayList.java:1511)

at com.test.user.ClubStudio_scenarios.RUNALL(ClubStudio_scenarios.java:4305)
at java.base/java.util.ArrayList.forEach(ArrayList.java:1511)
... Removed 59 stack frames]]>
    </failure>
  </testcase> <!-- RUNALL -->
  <testcase classname="com.test.user.ClubStudio_scenarios" name="RUNALL" time="55.321">
    <failure type="java.lang.Exception" message="java.lang.AssertionError: Applicant Statement acknowledge text in Employment Submit Application Applicant Statement level 8 page not validated expected [I, ,  ACKNOWLEDGE THAT I AM OF LEGAL AGE AND I HEREBY CONSENT TO THE USE OF AN ELECTRONIC SIGNATURE TO RECORD MY AGREEMENT WITH THE TERMS OF THIS EMPLOYMENT APPLICATION AS OF  THURSDAY, SEPTEMBER 28, 2023.] but found [I, ,  ACKNOWLEDGE THAT I AM OF LEGAL AGE AND I HEREBY CONSENT TO THE USE OF AN ELECTRONIC SIGNATURE TO RECORD MY AGREEMENT WITH THE TERMS OF THIS EMPLOYMENT APPLICATION AS OF  WEDNESDAY, SEPTEMBER 27, 2023.]
	at org.testng.Assert.fail(Assert.java:99)
	at org.testng.Assert.failNotEquals(Assert.java:1037)
	at org.testng.Assert.assertEqualsImpl(Assert.java:140)
	at org.testng.Assert.assertEquals(Assert.java:122)
	at org.testng.Assert.assertEquals(Assert.java:629)
	at com.pages.ClubStudio.Validate_ackmnt_in_l8_RFI(ClubStudio.java:27420)
	at com.test.user.ClubStudio_scenarios.RUNALL(ClubStudio_scenarios.java:3049)
	at java.base/jdk.internal.reflect.NativeMethodAccessorImpl.invoke0(Native Method)
	at java.base/jdk.internal.reflect.NativeMethodAccessorImpl.invoke(NativeMethodAccessorImpl.java:77)
	at java.base/jdk.internal.reflect.DelegatingMethodAccessorImpl.invoke(DelegatingMethodAccessorImpl.java:43)
	at java.base/java.lang.reflect.Method.invoke(Method.java:568)
	at org.testng.internal.MethodInvocationHelper.invokeMethod(MethodInvocationHelper.java:133)
	at org.testng.internal.TestInvoker.invokeMethod(TestInvoker.java:598)
	at org.testng.internal.TestInvoker.invokeTestMethod(TestInvoker.java:173)
	at org.testng.internal.MethodRunner.runInSequence(MethodRunner.java:46)
	at org.testng.internal.TestInvoker$MethodInvocationAgent.invoke(TestInvoker.java:824)
	at org.testng.internal.TestInvoker.invokeTestMethods(TestInvoker.java:146)
	at org.testng.internal.TestMethodWorker.invokeTestMethods(TestMethodWorker.java:146)
	at org.testng.internal.TestMethodWorker.run(TestMethodWorker.java:128)
	at java.base/java.util.ArrayList.forEach(ArrayList.java:1511)
	at org.testng.TestRunner.privateRun(TestRunner.java:794)
	at org.testng.TestRunner.run(TestRunner.java:596)
	at org.testng.SuiteRunner.runTest(SuiteRunner.java:377)
	at org.testng.SuiteRunner.runSequentially(SuiteRunner.java:371)
	at org.testng.SuiteRunner.privateRun(SuiteRunner.java:332)
	at org.testng.SuiteRunner.run(SuiteRunner.java:276)
	at org.testng.SuiteRunnerWorker.runSuite(SuiteRunnerWorker.java:53)
	at org.testng.SuiteRunnerWorker.run(SuiteRunnerWorker.java:96)
	at org.testng.TestNG.runSuitesSequentially(TestNG.java:1212)
	at org.testng.TestNG.runSuitesLocally(TestNG.java:1134)
	at org.testng.TestNG.runSuites(TestNG.java:1063)
	at org.testng.TestNG.run(TestNG.java:1031)
	at org.testng.remote.AbstractRemoteTestNG.run(AbstractRemoteTestNG.java:115)
	at org.testng.remote.RemoteTestNG.initAndRun(RemoteTestNG.java:251)
	at org.testng.remote.RemoteTestNG.main(RemoteTestNG.java:77)
">
      <![CDATA[java.lang.Exception: java.lang.AssertionError: Applicant Statement acknowledge text in Employment Submit Application Applicant Statement level 8 page not validated expected [I, ,  ACKNOWLEDGE THAT I AM OF LEGAL AGE AND I HEREBY CONSENT TO THE USE OF AN ELECTRONIC SIGNATURE TO RECORD MY AGREEMENT WITH THE TERMS OF THIS EMPLOYMENT APPLICATION AS OF  THURSDAY, SEPTEMBER 28, 2023.] but found [I, ,  ACKNOWLEDGE THAT I AM OF LEGAL AGE AND I HEREBY CONSENT TO THE USE OF AN ELECTRONIC SIGNATURE TO RECORD MY AGREEMENT WITH THE TERMS OF THIS EMPLOYMENT APPLICATION AS OF  WEDNESDAY, SEPTEMBER 27, 2023.]
at com.pages.ClubStudio.Validate_ackmnt_in_l8_RFI(ClubStudio.java:27420)
at com.test.user.ClubStudio_scenarios.RUNALL(ClubStudio_scenarios.java:3049)
at java.base/java.util.ArrayList.forEach(ArrayList.java:1511)

at com.test.user.ClubStudio_scenarios.RUNALL(ClubStudio_scenarios.java:4305)
at java.base/java.util.ArrayList.forEach(ArrayList.java:1511)
... Removed 59 stack frames]]>
    </failure>
  </testcase> <!-- RUNALL -->
  <testcase classname="com.test.user.ClubStudio_scenarios" name="RUNALL" time="60.698">
    <failure type="java.lang.Exception" message="java.lang.AssertionError: Date: Thursday, September 28, 2023.  in Employment Submit Application Arbitration and Dispute Resolution Agreement level 9 page not validated expected [THURSDAY, SEPTEMBER 28, 2023] but found [WEDNESDAY, SEPTEMBER 27, 2023]
	at org.testng.Assert.fail(Assert.java:99)
	at org.testng.Assert.failNotEquals(Assert.java:1037)
	at org.testng.Assert.assertEqualsImpl(Assert.java:140)
	at org.testng.Assert.assertEquals(Assert.java:122)
	at org.testng.Assert.assertEquals(Assert.java:629)
	at com.pages.ClubStudio.Validate_ip_in_prtname_dateandipadd_in_l9_RFI(ClubStudio.java:27613)
	at com.test.user.ClubStudio_scenarios.RUNALL(ClubStudio_scenarios.java:3105)
	at java.base/jdk.internal.reflect.NativeMethodAccessorImpl.invoke0(Native Method)
	at java.base/jdk.internal.reflect.NativeMethodAccessorImpl.invoke(NativeMethodAccessorImpl.java:77)
	at java.base/jdk.internal.reflect.DelegatingMethodAccessorImpl.invoke(DelegatingMethodAccessorImpl.java:43)
	at java.base/java.lang.reflect.Method.invoke(Method.java:568)
	at org.testng.internal.MethodInvocationHelper.invokeMethod(MethodInvocationHelper.java:133)
	at org.testng.internal.TestInvoker.invokeMethod(TestInvoker.java:598)
	at org.testng.internal.TestInvoker.invokeTestMethod(TestInvoker.java:173)
	at org.testng.internal.MethodRunner.runInSequence(MethodRunner.java:46)
	at org.testng.internal.TestInvoker$MethodInvocationAgent.invoke(TestInvoker.java:824)
	at org.testng.internal.TestInvoker.invokeTestMethods(TestInvoker.java:146)
	at org.testng.internal.TestMethodWorker.invokeTestMethods(TestMethodWorker.java:146)
	at org.testng.internal.TestMethodWorker.run(TestMethodWorker.java:128)
	at java.base/java.util.ArrayList.forEach(ArrayList.java:1511)
	at org.testng.TestRunner.privateRun(TestRunner.java:794)
	at org.testng.TestRunner.run(TestRunner.java:596)
	at org.testng.SuiteRunner.runTest(SuiteRunner.java:377)
	at org.testng.SuiteRunner.runSequentially(SuiteRunner.java:371)
	at org.testng.SuiteRunner.privateRun(SuiteRunner.java:332)
	at org.testng.SuiteRunner.run(SuiteRunner.java:276)
	at org.testng.SuiteRunnerWorker.runSuite(SuiteRunnerWorker.java:53)
	at org.testng.SuiteRunnerWorker.run(SuiteRunnerWorker.java:96)
	at org.testng.TestNG.runSuitesSequentially(TestNG.java:1212)
	at org.testng.TestNG.runSuitesLocally(TestNG.java:1134)
	at org.testng.TestNG.runSuites(TestNG.java:1063)
	at org.testng.TestNG.run(TestNG.java:1031)
	at org.testng.remote.AbstractRemoteTestNG.run(AbstractRemoteTestNG.java:115)
	at org.testng.remote.RemoteTestNG.initAndRun(RemoteTestNG.java:251)
	at org.testng.remote.RemoteTestNG.main(RemoteTestNG.java:77)
">
      <![CDATA[java.lang.Exception: java.lang.AssertionError: Date: Thursday, September 28, 2023.  in Employment Submit Application Arbitration and Dispute Resolution Agreement level 9 page not validated expected [THURSDAY, SEPTEMBER 28, 2023] but found [WEDNESDAY, SEPTEMBER 27, 2023]
at com.pages.ClubStudio.Validate_ip_in_prtname_dateandipadd_in_l9_RFI(ClubStudio.java:27613)
at com.test.user.ClubStudio_scenarios.RUNALL(ClubStudio_scenarios.java:3105)
at java.base/java.util.ArrayList.forEach(ArrayList.java:1511)

at com.test.user.ClubStudio_scenarios.RUNALL(ClubStudio_scenarios.java:4305)
at java.base/java.util.ArrayList.forEach(ArrayList.java:1511)
... Removed 59 stack frames]]>
    </failure>
  </testcase> <!-- RUNALL -->
  <testcase classname="com.test.user.ClubStudio_scenarios" name="RUNALL" time="13.78">
    <failure type="java.lang.Exception" message="java.lang.AssertionError: Employment Application paragraph text not validated expected [FITNESS INTERNATIONAL, LLC, IS AN EQUAL OPPORTUNITY EMPLOYER WHO RECOGNIZES THE VALUE OF HAVING A DIVERSE WORKFORCE. WE SEEK AND ENCOURAGE QUALIFIED APPLICANTS REGARDLESS OF GENDER, ETHNICITY, RELIGION OR OTHER CULTURAL OR PHYSICAL CHARACTERISTICS, IN COMPLIANCE WITH STATE AND FEDERAL LAW. MUST BE AT LEAST 18 YEARS OF AGE. FOR INDIVIDUALS WITH DISABILITIES, ACCOMMODATIONS ARE AVAILABLE UPON REQUEST. CALIFORNIA APPLICANTS: FOR PURPOSES OF THE CALIFORNIA CONSUMER PRIVACY ACT, PLEASE SEE OUR CA APPLICANT PRIVACY NOTICE AND YOUR PRIVACY CHOICES.] but found [FITNESS INTERNATIONAL, LLC, IS AN EQUAL OPPORTUNITY EMPLOYER WHO RECOGNIZES THE VALUE OF HAVING A DIVERSE WORKFORCE. WE SEEK AND ENCOURAGE QUALIFIED APPLICANTS REGARDLESS OF GENDER, ETHNICITY, RELIGION OR OTHER CULTURAL OR PHYSICAL CHARACTERISTICS, IN COMPLIANCE WITH STATE AND FEDERAL LAW. MUST BE AT LEAST 18 YEARS OF AGE. FOR INDIVIDUALS WITH DISABILITIES, ACCOMMODATIONS ARE AVAILABLE UPON REQUEST. CALIFORNIA APPLICANTS: FOR PURPOSES OF THE CALIFORNIA CONSUMER PRIVACY ACT, PLEASE SEE OUR NOTICE AT COLLECTION AND YOUR PRIVACY CHOICES.]
	at org.testng.Assert.fail(Assert.java:99)
	at org.testng.Assert.failNotEquals(Assert.java:1037)
	at org.testng.Assert.assertEqualsImpl(Assert.java:140)
	at org.testng.Assert.assertEquals(Assert.java:122)
	at org.testng.Assert.assertEquals(Assert.java:629)
	at com.pages.ClubStudio.Validate_emp_para_BC(ClubStudio.java:27966)
	at com.test.user.ClubStudio_scenarios.RUNALL(ClubStudio_scenarios.java:3174)
	at java.base/jdk.internal.reflect.NativeMethodAccessorImpl.invoke0(Native Method)
	at java.base/jdk.internal.reflect.NativeMethodAccessorImpl.invoke(NativeMethodAccessorImpl.java:77)
	at java.base/jdk.internal.reflect.DelegatingMethodAccessorImpl.invoke(DelegatingMethodAccessorImpl.java:43)
	at java.base/java.lang.reflect.Method.invoke(Method.java:568)
	at org.testng.internal.MethodInvocationHelper.invokeMethod(MethodInvocationHelper.java:133)
	at org.testng.internal.TestInvoker.invokeMethod(TestInvoker.java:598)
	at org.testng.internal.TestInvoker.invokeTestMethod(TestInvoker.java:173)
	at org.testng.internal.MethodRunner.runInSequence(MethodRunner.java:46)
	at org.testng.internal.TestInvoker$MethodInvocationAgent.invoke(TestInvoker.java:824)
	at org.testng.internal.TestInvoker.invokeTestMethods(TestInvoker.java:146)
	at org.testng.internal.TestMethodWorker.invokeTestMethods(TestMethodWorker.java:146)
	at org.testng.internal.TestMethodWorker.run(TestMethodWorker.java:128)
	at java.base/java.util.ArrayList.forEach(ArrayList.java:1511)
	at org.testng.TestRunner.privateRun(TestRunner.java:794)
	at org.testng.TestRunner.run(TestRunner.java:596)
	at org.testng.SuiteRunner.runTest(SuiteRunner.java:377)
	at org.testng.SuiteRunner.runSequentially(SuiteRunner.java:371)
	at org.testng.SuiteRunner.privateRun(SuiteRunner.java:332)
	at org.testng.SuiteRunner.run(SuiteRunner.java:276)
	at org.testng.SuiteRunnerWorker.runSuite(SuiteRunnerWorker.java:53)
	at org.testng.SuiteRunnerWorker.run(SuiteRunnerWorker.java:96)
	at org.testng.TestNG.runSuitesSequentially(TestNG.java:1212)
	at org.testng.TestNG.runSuitesLocally(TestNG.java:1134)
	at org.testng.TestNG.runSuites(TestNG.java:1063)
	at org.testng.TestNG.run(TestNG.java:1031)
	at org.testng.remote.AbstractRemoteTestNG.run(AbstractRemoteTestNG.java:115)
	at org.testng.remote.RemoteTestNG.initAndRun(RemoteTestNG.java:251)
	at org.testng.remote.RemoteTestNG.main(RemoteTestNG.java:77)
">
      <![CDATA[java.lang.Exception: java.lang.AssertionError: Employment Application paragraph text not validated expected [FITNESS INTERNATIONAL, LLC, IS AN EQUAL OPPORTUNITY EMPLOYER WHO RECOGNIZES THE VALUE OF HAVING A DIVERSE WORKFORCE. WE SEEK AND ENCOURAGE QUALIFIED APPLICANTS REGARDLESS OF GENDER, ETHNICITY, RELIGION OR OTHER CULTURAL OR PHYSICAL CHARACTERISTICS, IN COMPLIANCE WITH STATE AND FEDERAL LAW. MUST BE AT LEAST 18 YEARS OF AGE. FOR INDIVIDUALS WITH DISABILITIES, ACCOMMODATIONS ARE AVAILABLE UPON REQUEST. CALIFORNIA APPLICANTS: FOR PURPOSES OF THE CALIFORNIA CONSUMER PRIVACY ACT, PLEASE SEE OUR CA APPLICANT PRIVACY NOTICE AND YOUR PRIVACY CHOICES.] but found [FITNESS INTERNATIONAL, LLC, IS AN EQUAL OPPORTUNITY EMPLOYER WHO RECOGNIZES THE VALUE OF HAVING A DIVERSE WORKFORCE. WE SEEK AND ENCOURAGE QUALIFIED APPLICANTS REGARDLESS OF GENDER, ETHNICITY, RELIGION OR OTHER CULTURAL OR PHYSICAL CHARACTERISTICS, IN COMPLIANCE WITH STATE AND FEDERAL LAW. MUST BE AT LEAST 18 YEARS OF AGE. FOR INDIVIDUALS WITH DISABILITIES, ACCOMMODATIONS ARE AVAILABLE UPON REQUEST. CALIFORNIA APPLICANTS: FOR PURPOSES OF THE CALIFORNIA CONSUMER PRIVACY ACT, PLEASE SEE OUR NOTICE AT COLLECTION AND YOUR PRIVACY CHOICES.]
at com.pages.ClubStudio.Validate_emp_para_BC(ClubStudio.java:27966)
at com.test.user.ClubStudio_scenarios.RUNALL(ClubStudio_scenarios.java:3174)
at java.base/java.util.ArrayList.forEach(ArrayList.java:1511)

at com.test.user.ClubStudio_scenarios.RUNALL(ClubStudio_scenarios.java:4305)
at java.base/java.util.ArrayList.forEach(ArrayList.java:1511)
... Removed 59 stack frames]]>
    </failure>
  </testcase> <!-- RUNALL -->
  <testcase classname="com.test.user.ClubStudio_scenarios" name="RUNALL" time="56.617">
    <failure type="java.lang.Exception" message="java.lang.AssertionError: Applicant Statement acknowledge text in Employment Submit Application Applicant Statement level 8 page not validated expected [I, ,  ACKNOWLEDGE THAT I AM OF LEGAL AGE AND I HEREBY CONSENT TO THE USE OF AN ELECTRONIC SIGNATURE TO RECORD MY AGREEMENT WITH THE TERMS OF THIS EMPLOYMENT APPLICATION AS OF  THURSDAY, SEPTEMBER 28, 2023.] but found [I, ,  ACKNOWLEDGE THAT I AM OF LEGAL AGE AND I HEREBY CONSENT TO THE USE OF AN ELECTRONIC SIGNATURE TO RECORD MY AGREEMENT WITH THE TERMS OF THIS EMPLOYMENT APPLICATION AS OF  WEDNESDAY, SEPTEMBER 27, 2023.]
	at org.testng.Assert.fail(Assert.java:99)
	at org.testng.Assert.failNotEquals(Assert.java:1037)
	at org.testng.Assert.assertEqualsImpl(Assert.java:140)
	at org.testng.Assert.assertEquals(Assert.java:122)
	at org.testng.Assert.assertEquals(Assert.java:629)
	at com.pages.ClubStudio.Validate_ackmnt_in_l8_BC(ClubStudio.java:37384)
	at com.test.user.ClubStudio_scenarios.RUNALL(ClubStudio_scenarios.java:4085)
	at java.base/jdk.internal.reflect.NativeMethodAccessorImpl.invoke0(Native Method)
	at java.base/jdk.internal.reflect.NativeMethodAccessorImpl.invoke(NativeMethodAccessorImpl.java:77)
	at java.base/jdk.internal.reflect.DelegatingMethodAccessorImpl.invoke(DelegatingMethodAccessorImpl.java:43)
	at java.base/java.lang.reflect.Method.invoke(Method.java:568)
	at org.testng.internal.MethodInvocationHelper.invokeMethod(MethodInvocationHelper.java:133)
	at org.testng.internal.TestInvoker.invokeMethod(TestInvoker.java:598)
	at org.testng.internal.TestInvoker.invokeTestMethod(TestInvoker.java:173)
	at org.testng.internal.MethodRunner.runInSequence(MethodRunner.java:46)
	at org.testng.internal.TestInvoker$MethodInvocationAgent.invoke(TestInvoker.java:824)
	at org.testng.internal.TestInvoker.invokeTestMethods(TestInvoker.java:146)
	at org.testng.internal.TestMethodWorker.invokeTestMethods(TestMethodWorker.java:146)
	at org.testng.internal.TestMethodWorker.run(TestMethodWorker.java:128)
	at java.base/java.util.ArrayList.forEach(ArrayList.java:1511)
	at org.testng.TestRunner.privateRun(TestRunner.java:794)
	at org.testng.TestRunner.run(TestRunner.java:596)
	at org.testng.SuiteRunner.runTest(SuiteRunner.java:377)
	at org.testng.SuiteRunner.runSequentially(SuiteRunner.java:371)
	at org.testng.SuiteRunner.privateRun(SuiteRunner.java:332)
	at org.testng.SuiteRunner.run(SuiteRunner.java:276)
	at org.testng.SuiteRunnerWorker.runSuite(SuiteRunnerWorker.java:53)
	at org.testng.SuiteRunnerWorker.run(SuiteRunnerWorker.java:96)
	at org.testng.TestNG.runSuitesSequentially(TestNG.java:1212)
	at org.testng.TestNG.runSuitesLocally(TestNG.java:1134)
	at org.testng.TestNG.runSuites(TestNG.java:1063)
	at org.testng.TestNG.run(TestNG.java:1031)
	at org.testng.remote.AbstractRemoteTestNG.run(AbstractRemoteTestNG.java:115)
	at org.testng.remote.RemoteTestNG.initAndRun(RemoteTestNG.java:251)
	at org.testng.remote.RemoteTestNG.main(RemoteTestNG.java:77)
">
      <![CDATA[java.lang.Exception: java.lang.AssertionError: Applicant Statement acknowledge text in Employment Submit Application Applicant Statement level 8 page not validated expected [I, ,  ACKNOWLEDGE THAT I AM OF LEGAL AGE AND I HEREBY CONSENT TO THE USE OF AN ELECTRONIC SIGNATURE TO RECORD MY AGREEMENT WITH THE TERMS OF THIS EMPLOYMENT APPLICATION AS OF  THURSDAY, SEPTEMBER 28, 2023.] but found [I, ,  ACKNOWLEDGE THAT I AM OF LEGAL AGE AND I HEREBY CONSENT TO THE USE OF AN ELECTRONIC SIGNATURE TO RECORD MY AGREEMENT WITH THE TERMS OF THIS EMPLOYMENT APPLICATION AS OF  WEDNESDAY, SEPTEMBER 27, 2023.]
at com.pages.ClubStudio.Validate_ackmnt_in_l8_BC(ClubStudio.java:37384)
at com.test.user.ClubStudio_scenarios.RUNALL(ClubStudio_scenarios.java:4085)
at java.base/java.util.ArrayList.forEach(ArrayList.java:1511)

at com.test.user.ClubStudio_scenarios.RUNALL(ClubStudio_scenarios.java:4305)
at java.base/java.util.ArrayList.forEach(ArrayList.java:1511)
... Removed 59 stack frames]]>
    </failure>
  </testcase> <!-- RUNALL -->
  <testcase classname="com.test.user.ClubStudio_scenarios" name="RUNALL" time="60.886">
    <failure type="java.lang.Exception" message="java.lang.AssertionError: Date: Thursday, September 28, 2023.  in Employment Submit Application Arbitration and Dispute Resolution Agreement level 9 page not validated expected [THURSDAY, SEPTEMBER 28, 2023] but found [WEDNESDAY, SEPTEMBER 27, 2023]
	at org.testng.Assert.fail(Assert.java:99)
	at org.testng.Assert.failNotEquals(Assert.java:1037)
	at org.testng.Assert.assertEqualsImpl(Assert.java:140)
	at org.testng.Assert.assertEquals(Assert.java:122)
	at org.testng.Assert.assertEquals(Assert.java:629)
	at com.pages.ClubStudio.Validate_ip_in_prtname_dateandipadd_in_l9_BC(ClubStudio.java:37577)
	at com.test.user.ClubStudio_scenarios.RUNALL(ClubStudio_scenarios.java:4141)
	at java.base/jdk.internal.reflect.NativeMethodAccessorImpl.invoke0(Native Method)
	at java.base/jdk.internal.reflect.NativeMethodAccessorImpl.invoke(NativeMethodAccessorImpl.java:77)
	at java.base/jdk.internal.reflect.DelegatingMethodAccessorImpl.invoke(DelegatingMethodAccessorImpl.java:43)
	at java.base/java.lang.reflect.Method.invoke(Method.java:568)
	at org.testng.internal.MethodInvocationHelper.invokeMethod(MethodInvocationHelper.java:133)
	at org.testng.internal.TestInvoker.invokeMethod(TestInvoker.java:598)
	at org.testng.internal.TestInvoker.invokeTestMethod(TestInvoker.java:173)
	at org.testng.internal.MethodRunner.runInSequence(MethodRunner.java:46)
	at org.testng.internal.TestInvoker$MethodInvocationAgent.invoke(TestInvoker.java:824)
	at org.testng.internal.TestInvoker.invokeTestMethods(TestInvoker.java:146)
	at org.testng.internal.TestMethodWorker.invokeTestMethods(TestMethodWorker.java:146)
	at org.testng.internal.TestMethodWorker.run(TestMethodWorker.java:128)
	at java.base/java.util.ArrayList.forEach(ArrayList.java:1511)
	at org.testng.TestRunner.privateRun(TestRunner.java:794)
	at org.testng.TestRunner.run(TestRunner.java:596)
	at org.testng.SuiteRunner.runTest(SuiteRunner.java:377)
	at org.testng.SuiteRunner.runSequentially(SuiteRunner.java:371)
	at org.testng.SuiteRunner.privateRun(SuiteRunner.java:332)
	at org.testng.SuiteRunner.run(SuiteRunner.java:276)
	at org.testng.SuiteRunnerWorker.runSuite(SuiteRunnerWorker.java:53)
	at org.testng.SuiteRunnerWorker.run(SuiteRunnerWorker.java:96)
	at org.testng.TestNG.runSuitesSequentially(TestNG.java:1212)
	at org.testng.TestNG.runSuitesLocally(TestNG.java:1134)
	at org.testng.TestNG.runSuites(TestNG.java:1063)
	at org.testng.TestNG.run(TestNG.java:1031)
	at org.testng.remote.AbstractRemoteTestNG.run(AbstractRemoteTestNG.java:115)
	at org.testng.remote.RemoteTestNG.initAndRun(RemoteTestNG.java:251)
	at org.testng.remote.RemoteTestNG.main(RemoteTestNG.java:77)
">
      <![CDATA[java.lang.Exception: java.lang.AssertionError: Date: Thursday, September 28, 2023.  in Employment Submit Application Arbitration and Dispute Resolution Agreement level 9 page not validated expected [THURSDAY, SEPTEMBER 28, 2023] but found [WEDNESDAY, SEPTEMBER 27, 2023]
at com.pages.ClubStudio.Validate_ip_in_prtname_dateandipadd_in_l9_BC(ClubStudio.java:37577)
at com.test.user.ClubStudio_scenarios.RUNALL(ClubStudio_scenarios.java:4141)
at java.base/java.util.ArrayList.forEach(ArrayList.java:1511)

at com.test.user.ClubStudio_scenarios.RUNALL(ClubStudio_scenarios.java:4305)
at java.base/java.util.ArrayList.forEach(ArrayList.java:1511)
... Removed 59 stack frames]]>
    </failure>
  </testcase> <!-- RUNALL -->
  <testcase classname="com.test.user.ClubStudio_scenarios" name="RUNALL" time="107.431"/>
</testsuite> <!-- ClubStudio_scenarios(failed)(failed) -->
