<html>
<head>
<title>TestNG:  Joinnow_CST_Scenarios(failed)(failed)</title>
<link href="../testng.css" rel="stylesheet" type="text/css" />
<link href="../my-testng.css" rel="stylesheet" type="text/css" />

<style type="text/css">
.log { display: none;} 
.stack-trace { display: none;} 
</style>
<script type="text/javascript">
<!--
function flip(e) {
  current = e.style.display;
  if (current == 'block') {
    e.style.display = 'none';
    return 0;
  }
  else {
    e.style.display = 'block';
    return 1;
  }
}

function toggleBox(szDivId, elem, msg1, msg2)
{
  var res = -1;  if (document.getElementById) {
    res = flip(document.getElementById(szDivId));
  }
  else if (document.all) {
    // this is the way old msie versions work
    res = flip(document.all[szDivId]);
  }
  if(elem) {
    if(res == 0) elem.innerHTML = msg1; else elem.innerHTML = msg2;
  }

}

function toggleAllBoxes() {
  if (document.getElementsByTagName) {
    d = document.getElementsByTagName('div');
    for (i = 0; i < d.length; i++) {
      if (d[i].className == 'log') {
        flip(d[i]);
      }
    }
  }
}

// -->
</script>

</head>
<body>
<h2 align='center'>Joinnow_CST_Scenarios(failed)(failed)</h2><table border='1' align="center">
<tr>
<td>Tests passed/Failed/Skipped:</td><td>0/2/0</td>
</tr><tr>
<td>Started on:</td><td>Thu Jun 01 20:55:37 IST 2023</td>
</tr>
<tr><td>Total time:</td><td>167 seconds (167194 ms)</td>
</tr><tr>
<td>Included groups:</td><td></td>
</tr><tr>
<td>Excluded groups:</td><td></td>
</tr>
</table><p/>
<small><i>(Hover the method name to see the test class name)</i></small><p/>
<table width='100%' border='1' class='invocation-failed'>
<tr><td colspan='4' align='center'><b>FAILED TESTS</b></td></tr>
<tr><td><b>Test method</b></td>
<td width="30%"><b>Exception</b></td>
<td width="10%"><b>Time (seconds)</b></td>
<td><b>Instance</b></td>
</tr>
<tr>
<td title='com.test.user.Joinnow_CST_Scenarios.RUNALL()'><b>RUNALL</b><br>Test class: com.test.user.Joinnow_CST_Scenarios<br>Parameters: {A_number=748004983, A_number_1=, Add_amenities=Recovery & Cryotherapy: $199.00, additional_input=, Aerobics_Instructor_Exp_DD=, Amount_details=, Annual_Fee_Per_Person=, Billing_Fname=, Billing_Frequency=, Billing_Lname=, Brand=ClubStudio, C_number=5454545454545454, C_number_1=, Can_contact_radio_button=, Card_name=, Certificate_No=, Certification_IssuedByDPValues=, Certified_In_DD=, Change_brand_name=, Checkbox_class_formats=, Class_per_week=, Club_Address=6310A E. PACIFIC COAST HIGHWAY, Club_Address2=LONG BEACH, CA 90803. Phone: (562) 270-6359, Club_city=, Club_Employer_DD=, Club_name=IRVINE - JEFFREY RD, Club_name1=LONG BEACH - MARINA PACIFICA (Presale), Club_phone=, Club_zip=, Country=USA, Date_to_begin=, Dropdown_values=CA, E_EducationLeve_Dropdown=, Email=testuser12@yopmail.com, Email1=, Emp_details=, Emp_gap=, Employer_name=, EmploymentHowResigned_dd=, EmploymentSuccess_ip=, EmploymentWhatDislike_ip=, EmploymentWhatLike_ip=, EmploymentWhyLeaveCurrent_ip=, EmploymentWhyReapply_ip=, EmploymentWhyResignInFuture_ip=, Everemployed_rdobtn=, Ex1_month=, Ex1_year=, Ex_month=July, Ex_year=2026, F_Name=John, F_Name1=, File_name=, First_Month_Dues=, From_date=, Full_name=, Gender_dd=, Hold_cert_GT_AC_ratio_button=, How_hear_abt_us=, Included_amenities=, Initial_Term=, Initiation_Fee=, input_data=Club Studio Fitness | Online Membership - Rate | , input_data1=1 for $189.00/month, input_data2=, input_data3=, input_data4=, input_data5=, input_data6=Club Studio Fitness | Online Membership - Review, input_data7=, IP_Address=, Job_long_des=, Job_short_des=, Job_title=, L_Name=Snow, L_Name1=, Languages=, Last_Month_Dues=, Leaving_Reason=, MD_amount=, Member_address=5715 ALTON PARKWAY, Member_City=IRVINE, Member_Phone=6312014391, Member_Zipcode=92618, Mobile_Device=, Module=Joinnow, No_Prev_emp_chk_box=, Number_of_Persons1=, Payment_type=CC, Payment_type_1=, Personal_Training_ExperienceDPValues=, Plan_rates=189.00, Prepayment=, PriorEmploymentWhyResigned_ip=, RaceEthnicity_dd=, Radiobtn18YearsOld=, Radius_travel_to_work=, Rates/amenities=, Rates_details=, Res_Run=, Routing_number=122000496, Routing_number_1=, Run=Yes, State=CA, Supervisor_name=, TestScenario=TC_99_Validate_YHC_edit, Text_input=Club Studio Fitness | Online Membership - Membership & Payment Information, TextMessage=Validate_YHC_edit, Time_period_DD=, To_date=, Total_initial_Payment=, Url=, Work_time=}, org.testng.TestRunner@4351171a</td>
<td><div><pre>java.lang.Exception: org.openqa.selenium.NoSuchElementException: Cannot locate element with text: 1 for $189.00/month
For documentation on this error, please visit: https://www.seleniumhq.org/exceptions/no_such_element.html
Build info: version: &apos;3.141.59&apos;, revision: &apos;e82be7d358&apos;, time: &apos;2018-11-14T08:17:03&apos;
System info: host: &apos;CPC-ShaikIrF-B1&apos;, ip: &apos;10.23.13.18&apos;, os.name: &apos;Windows 11&apos;, os.arch: &apos;amd64&apos;, os.version: &apos;10.0&apos;, java.version: &apos;18.0.1.1&apos;
Driver info: driver.version: unknown
	at org.openqa.selenium.support.ui.Select.selectByVisibleText(Select.java:147)
	at com.pages.Joinnow_CST.Select_Noofpersons_dd(Joinnow_CST.java:4391)
	at com.pages.Joinnow_CST.Validate_YHC_edit(Joinnow_CST.java:20491)
	at com.test.user.Joinnow_CST_Scenarios.RUNALL(Joinnow_CST_Scenarios.java:1004)
	at java.base/java.util.ArrayList.forEach(ArrayList.java:1511)

	at com.test.user.Joinnow_CST_Scenarios.RUNALL(Joinnow_CST_Scenarios.java:1157)
	at java.base/java.util.ArrayList.forEach(ArrayList.java:1511)
... Removed 50 stack frames</pre></div><a href='#' onClick='toggleBox("stack-trace636002577", this, "Click to show all stack frames", "Click to hide stack frames")'>Click to show all stack frames</a>
<div class='stack-trace' id='stack-trace636002577'><pre>java.lang.Exception: org.openqa.selenium.NoSuchElementException: Cannot locate element with text: 1 for $189.00/month
For documentation on this error, please visit: https://www.seleniumhq.org/exceptions/no_such_element.html
Build info: version: &apos;3.141.59&apos;, revision: &apos;e82be7d358&apos;, time: &apos;2018-11-14T08:17:03&apos;
System info: host: &apos;CPC-ShaikIrF-B1&apos;, ip: &apos;10.23.13.18&apos;, os.name: &apos;Windows 11&apos;, os.arch: &apos;amd64&apos;, os.version: &apos;10.0&apos;, java.version: &apos;18.0.1.1&apos;
Driver info: driver.version: unknown
	at org.openqa.selenium.support.ui.Select.selectByVisibleText(Select.java:147)
	at com.pages.Joinnow_CST.Select_Noofpersons_dd(Joinnow_CST.java:4391)
	at com.pages.Joinnow_CST.Validate_YHC_edit(Joinnow_CST.java:20491)
	at com.test.user.Joinnow_CST_Scenarios.RUNALL(Joinnow_CST_Scenarios.java:1004)
	at java.base/jdk.internal.reflect.DirectMethodHandleAccessor.invoke(DirectMethodHandleAccessor.java:104)
	at java.base/java.lang.reflect.Method.invoke(Method.java:577)
	at org.testng.internal.MethodInvocationHelper.invokeMethod(MethodInvocationHelper.java:133)
	at org.testng.internal.TestInvoker.invokeMethod(TestInvoker.java:598)
	at org.testng.internal.TestInvoker.invokeTestMethod(TestInvoker.java:173)
	at org.testng.internal.MethodRunner.runInSequence(MethodRunner.java:46)
	at org.testng.internal.TestInvoker$MethodInvocationAgent.invoke(TestInvoker.java:824)
	at org.testng.internal.TestInvoker.invokeTestMethods(TestInvoker.java:146)
	at org.testng.internal.TestMethodWorker.invokeTestMethods(TestMethodWorker.java:146)
	at org.testng.internal.TestMethodWorker.run(TestMethodWorker.java:128)
	at java.base/java.util.ArrayList.forEach(ArrayList.java:1511)
	at org.testng.TestRunner.privateRun(TestRunner.java:794)
	at org.testng.TestRunner.run(TestRunner.java:596)
	at org.testng.SuiteRunner.runTest(SuiteRunner.java:377)
	at org.testng.SuiteRunner.runSequentially(SuiteRunner.java:371)
	at org.testng.SuiteRunner.privateRun(SuiteRunner.java:332)
	at org.testng.SuiteRunner.run(SuiteRunner.java:276)
	at org.testng.SuiteRunnerWorker.runSuite(SuiteRunnerWorker.java:53)
	at org.testng.SuiteRunnerWorker.run(SuiteRunnerWorker.java:96)
	at org.testng.TestNG.runSuitesSequentially(TestNG.java:1212)
	at org.testng.TestNG.runSuitesLocally(TestNG.java:1134)
	at org.testng.TestNG.runSuites(TestNG.java:1063)
	at org.testng.TestNG.run(TestNG.java:1031)
	at org.testng.remote.AbstractRemoteTestNG.run(AbstractRemoteTestNG.java:115)
	at org.testng.remote.RemoteTestNG.initAndRun(RemoteTestNG.java:251)
	at org.testng.remote.RemoteTestNG.main(RemoteTestNG.java:77)

	at com.test.user.Joinnow_CST_Scenarios.RUNALL(Joinnow_CST_Scenarios.java:1157)
	at java.base/jdk.internal.reflect.DirectMethodHandleAccessor.invoke(DirectMethodHandleAccessor.java:104)
	at java.base/java.lang.reflect.Method.invoke(Method.java:577)
	at org.testng.internal.MethodInvocationHelper.invokeMethod(MethodInvocationHelper.java:133)
	at org.testng.internal.TestInvoker.invokeMethod(TestInvoker.java:598)
	at org.testng.internal.TestInvoker.invokeTestMethod(TestInvoker.java:173)
	at org.testng.internal.MethodRunner.runInSequence(MethodRunner.java:46)
	at org.testng.internal.TestInvoker$MethodInvocationAgent.invoke(TestInvoker.java:824)
	at org.testng.internal.TestInvoker.invokeTestMethods(TestInvoker.java:146)
	at org.testng.internal.TestMethodWorker.invokeTestMethods(TestMethodWorker.java:146)
	at org.testng.internal.TestMethodWorker.run(TestMethodWorker.java:128)
	at java.base/java.util.ArrayList.forEach(ArrayList.java:1511)
	at org.testng.TestRunner.privateRun(TestRunner.java:794)
	at org.testng.TestRunner.run(TestRunner.java:596)
	at org.testng.SuiteRunner.runTest(SuiteRunner.java:377)
	at org.testng.SuiteRunner.runSequentially(SuiteRunner.java:371)
	at org.testng.SuiteRunner.privateRun(SuiteRunner.java:332)
	at org.testng.SuiteRunner.run(SuiteRunner.java:276)
	at org.testng.SuiteRunnerWorker.runSuite(SuiteRunnerWorker.java:53)
	at org.testng.SuiteRunnerWorker.run(SuiteRunnerWorker.java:96)
	at org.testng.TestNG.runSuitesSequentially(TestNG.java:1212)
	at org.testng.TestNG.runSuitesLocally(TestNG.java:1134)
	at org.testng.TestNG.runSuites(TestNG.java:1063)
	at org.testng.TestNG.run(TestNG.java:1031)
	at org.testng.remote.AbstractRemoteTestNG.run(AbstractRemoteTestNG.java:115)
	at org.testng.remote.RemoteTestNG.initAndRun(RemoteTestNG.java:251)
	at org.testng.remote.RemoteTestNG.main(RemoteTestNG.java:77)
</pre></div></td>
<td>86</td>
<td>com.test.user.Joinnow_CST_Scenarios@223d2c72</td></tr>
<tr>
<td title='com.test.user.Joinnow_CST_Scenarios.RUNALL()'><b>RUNALL</b><br>Test class: com.test.user.Joinnow_CST_Scenarios<br>Parameters: {A_number=748004983, A_number_1=, Add_amenities=Recovery & Cryotherapy: $199.00, additional_input=, Aerobics_Instructor_Exp_DD=, Amount_details=, Annual_Fee_Per_Person=, Billing_Fname=, Billing_Frequency=, Billing_Lname=, Brand=ClubStudio, C_number=5454545454545454, C_number_1=, Can_contact_radio_button=, Card_name=, Certificate_No=, Certification_IssuedByDPValues=, Certified_In_DD=, Change_brand_name=, Checkbox_class_formats=, Class_per_week=, Club_Address=, Club_Address2=, Club_city=, Club_Employer_DD=, Club_name=IRVINE - JEFFREY RD, Club_name1=, Club_phone=, Club_zip=, Country=USA, Date_to_begin=, Dropdown_values=CA, E_EducationLeve_Dropdown=, Email=testuser12@yopmail.com, Email1=, Emp_details=, Emp_gap=, Employer_name=, EmploymentHowResigned_dd=, EmploymentSuccess_ip=, EmploymentWhatDislike_ip=, EmploymentWhatLike_ip=, EmploymentWhyLeaveCurrent_ip=, EmploymentWhyReapply_ip=, EmploymentWhyResignInFuture_ip=, Everemployed_rdobtn=, Ex1_month=, Ex1_year=, Ex_month=July, Ex_year=2026, F_Name=John, F_Name1=, File_name=, First_Month_Dues=, From_date=, Full_name=, Gender_dd=, Hold_cert_GT_AC_ratio_button=, How_hear_abt_us=, Included_amenities=, Initial_Term=, Initiation_Fee=, input_data=Club Studio Fitness | Online Membership - Rate | , input_data1=4 for $636.00/month, input_data2=James, Krish, Ali, input_data3=J, K, A, input_data4=testuser12@yopmail.com, testuser123@yopmail.com, testuser124@yopmail.com, input_data5=9848022551, 9848022338, 9848033119, input_data6=Club Studio Fitness | Online Membership - Review, input_data7=, IP_Address=, Job_long_des=, Job_short_des=, Job_title=, L_Name=Snow, L_Name1=, Languages=, Last_Month_Dues=, Leaving_Reason=, MD_amount=, Member_address=5715 ALTON PARKWAY, Member_City=IRVINE, Member_Phone=6312014391, Member_Zipcode=92618, Mobile_Device=, Module=Joinnow, No_Prev_emp_chk_box=, Number_of_Persons1=, Payment_type=CC, Payment_type_1=, Personal_Training_ExperienceDPValues=, Plan_rates=189.00, Prepayment=, PriorEmploymentWhyResigned_ip=, RaceEthnicity_dd=, Radiobtn18YearsOld=, Radius_travel_to_work=, Rates/amenities=, Rates_details=, Res_Run=, Routing_number=122000496, Routing_number_1=, Run=Yes, State=CA, Supervisor_name=, TestScenario=TC_85_Validate_MI_inRP_for4persons, Text_input=Club Studio Fitness | Online Membership - Membership & Payment Information, TextMessage=Validate_MI_inRP_for4persons, Time_period_DD=, To_date=, Total_initial_Payment=, Url=, Work_time=}, org.testng.TestRunner@4351171a</td>
<td><div><pre>java.lang.Exception: java.lang.AssertionError: Additional Member 2 mobile not validated expected [9848022338] but found [9848022551]
	at com.pages.Joinnow_CST.user_AMdetails_inreviewpage_for4persons(Joinnow_CST.java:16685)
	at com.pages.Joinnow_CST.Validate_MI_inRP_for4persons(Joinnow_CST.java:16873)
	at com.test.user.Joinnow_CST_Scenarios.RUNALL(Joinnow_CST_Scenarios.java:878)
	at java.base/java.util.ArrayList.forEach(ArrayList.java:1511)

	at com.test.user.Joinnow_CST_Scenarios.RUNALL(Joinnow_CST_Scenarios.java:1195)
	at java.base/java.util.ArrayList.forEach(ArrayList.java:1511)
... Removed 55 stack frames</pre></div><a href='#' onClick='toggleBox("stack-trace534798335", this, "Click to show all stack frames", "Click to hide stack frames")'>Click to show all stack frames</a>
<div class='stack-trace' id='stack-trace534798335'><pre>java.lang.Exception: java.lang.AssertionError: Additional Member 2 mobile not validated expected [9848022338] but found [9848022551]
	at org.testng.Assert.fail(Assert.java:99)
	at org.testng.Assert.failNotEquals(Assert.java:1037)
	at org.testng.Assert.assertEqualsImpl(Assert.java:140)
	at org.testng.Assert.assertEquals(Assert.java:122)
	at org.testng.Assert.assertEquals(Assert.java:629)
	at com.pages.Joinnow_CST.user_AMdetails_inreviewpage_for4persons(Joinnow_CST.java:16685)
	at com.pages.Joinnow_CST.Validate_MI_inRP_for4persons(Joinnow_CST.java:16873)
	at com.test.user.Joinnow_CST_Scenarios.RUNALL(Joinnow_CST_Scenarios.java:878)
	at java.base/jdk.internal.reflect.DirectMethodHandleAccessor.invoke(DirectMethodHandleAccessor.java:104)
	at java.base/java.lang.reflect.Method.invoke(Method.java:577)
	at org.testng.internal.MethodInvocationHelper.invokeMethod(MethodInvocationHelper.java:133)
	at org.testng.internal.TestInvoker.invokeMethod(TestInvoker.java:598)
	at org.testng.internal.TestInvoker.invokeTestMethod(TestInvoker.java:173)
	at org.testng.internal.MethodRunner.runInSequence(MethodRunner.java:46)
	at org.testng.internal.TestInvoker$MethodInvocationAgent.invoke(TestInvoker.java:824)
	at org.testng.internal.TestInvoker.invokeTestMethods(TestInvoker.java:146)
	at org.testng.internal.TestMethodWorker.invokeTestMethods(TestMethodWorker.java:146)
	at org.testng.internal.TestMethodWorker.run(TestMethodWorker.java:128)
	at java.base/java.util.ArrayList.forEach(ArrayList.java:1511)
	at org.testng.TestRunner.privateRun(TestRunner.java:794)
	at org.testng.TestRunner.run(TestRunner.java:596)
	at org.testng.SuiteRunner.runTest(SuiteRunner.java:377)
	at org.testng.SuiteRunner.runSequentially(SuiteRunner.java:371)
	at org.testng.SuiteRunner.privateRun(SuiteRunner.java:332)
	at org.testng.SuiteRunner.run(SuiteRunner.java:276)
	at org.testng.SuiteRunnerWorker.runSuite(SuiteRunnerWorker.java:53)
	at org.testng.SuiteRunnerWorker.run(SuiteRunnerWorker.java:96)
	at org.testng.TestNG.runSuitesSequentially(TestNG.java:1212)
	at org.testng.TestNG.runSuitesLocally(TestNG.java:1134)
	at org.testng.TestNG.runSuites(TestNG.java:1063)
	at org.testng.TestNG.run(TestNG.java:1031)
	at org.testng.remote.AbstractRemoteTestNG.run(AbstractRemoteTestNG.java:115)
	at org.testng.remote.RemoteTestNG.initAndRun(RemoteTestNG.java:251)
	at org.testng.remote.RemoteTestNG.main(RemoteTestNG.java:77)

	at com.test.user.Joinnow_CST_Scenarios.RUNALL(Joinnow_CST_Scenarios.java:1195)
	at java.base/jdk.internal.reflect.DirectMethodHandleAccessor.invoke(DirectMethodHandleAccessor.java:104)
	at java.base/java.lang.reflect.Method.invoke(Method.java:577)
	at org.testng.internal.MethodInvocationHelper.invokeMethod(MethodInvocationHelper.java:133)
	at org.testng.internal.TestInvoker.invokeMethod(TestInvoker.java:598)
	at org.testng.internal.TestInvoker.invokeTestMethod(TestInvoker.java:173)
	at org.testng.internal.MethodRunner.runInSequence(MethodRunner.java:46)
	at org.testng.internal.TestInvoker$MethodInvocationAgent.invoke(TestInvoker.java:824)
	at org.testng.internal.TestInvoker.invokeTestMethods(TestInvoker.java:146)
	at org.testng.internal.TestMethodWorker.invokeTestMethods(TestMethodWorker.java:146)
	at org.testng.internal.TestMethodWorker.run(TestMethodWorker.java:128)
	at java.base/java.util.ArrayList.forEach(ArrayList.java:1511)
	at org.testng.TestRunner.privateRun(TestRunner.java:794)
	at org.testng.TestRunner.run(TestRunner.java:596)
	at org.testng.SuiteRunner.runTest(SuiteRunner.java:377)
	at org.testng.SuiteRunner.runSequentially(SuiteRunner.java:371)
	at org.testng.SuiteRunner.privateRun(SuiteRunner.java:332)
	at org.testng.SuiteRunner.run(SuiteRunner.java:276)
	at org.testng.SuiteRunnerWorker.runSuite(SuiteRunnerWorker.java:53)
	at org.testng.SuiteRunnerWorker.run(SuiteRunnerWorker.java:96)
	at org.testng.TestNG.runSuitesSequentially(TestNG.java:1212)
	at org.testng.TestNG.runSuitesLocally(TestNG.java:1134)
	at org.testng.TestNG.runSuites(TestNG.java:1063)
	at org.testng.TestNG.run(TestNG.java:1031)
	at org.testng.remote.AbstractRemoteTestNG.run(AbstractRemoteTestNG.java:115)
	at org.testng.remote.RemoteTestNG.initAndRun(RemoteTestNG.java:251)
	at org.testng.remote.RemoteTestNG.main(RemoteTestNG.java:77)
</pre></div></td>
<td>77</td>
<td>com.test.user.Joinnow_CST_Scenarios@223d2c72</td></tr>
</table><p>
</body>
</html>