<?xml version="1.0" encoding="UTF-8"?>
<!-- Generated by org.testng.reporters.JUnitXMLReporter -->
<testsuite ignored="0" hostname="CPC-ShaikIrF-B1" failures="2" tests="2" name="Joinnow_CST_Scenarios(failed)(failed)" time="167.194" errors="0" timestamp="2023-06-01T20:58:25 IST">
  <testcase classname="com.test.user.Joinnow_CST_Scenarios" name="RUNALL" time="77.896">
    <failure type="java.lang.Exception" message="java.lang.AssertionError: Additional Member 2 mobile not validated expected [9848022338] but found [9848022551]
	at org.testng.Assert.fail(Assert.java:99)
	at org.testng.Assert.failNotEquals(Assert.java:1037)
	at org.testng.Assert.assertEqualsImpl(Assert.java:140)
	at org.testng.Assert.assertEquals(Assert.java:122)
	at org.testng.Assert.assertEquals(Assert.java:629)
	at com.pages.Joinnow_CST.user_AMdetails_inreviewpage_for4persons(Joinnow_CST.java:16685)
	at com.pages.Joinnow_CST.Validate_MI_inRP_for4persons(Joinnow_CST.java:16873)
	at com.test.user.Joinnow_CST_Scenarios.RUNALL(Joinnow_CST_Scenarios.java:878)
	at java.base/jdk.internal.reflect.DirectMethodHandleAccessor.invoke(DirectMethodHandleAccessor.java:104)
	at java.base/java.lang.reflect.Method.invoke(Method.java:577)
	at org.testng.internal.MethodInvocationHelper.invokeMethod(MethodInvocationHelper.java:133)
	at org.testng.internal.TestInvoker.invokeMethod(TestInvoker.java:598)
	at org.testng.internal.TestInvoker.invokeTestMethod(TestInvoker.java:173)
	at org.testng.internal.MethodRunner.runInSequence(MethodRunner.java:46)
	at org.testng.internal.TestInvoker$MethodInvocationAgent.invoke(TestInvoker.java:824)
	at org.testng.internal.TestInvoker.invokeTestMethods(TestInvoker.java:146)
	at org.testng.internal.TestMethodWorker.invokeTestMethods(TestMethodWorker.java:146)
	at org.testng.internal.TestMethodWorker.run(TestMethodWorker.java:128)
	at java.base/java.util.ArrayList.forEach(ArrayList.java:1511)
	at org.testng.TestRunner.privateRun(TestRunner.java:794)
	at org.testng.TestRunner.run(TestRunner.java:596)
	at org.testng.SuiteRunner.runTest(SuiteRunner.java:377)
	at org.testng.SuiteRunner.runSequentially(SuiteRunner.java:371)
	at org.testng.SuiteRunner.privateRun(SuiteRunner.java:332)
	at org.testng.SuiteRunner.run(SuiteRunner.java:276)
	at org.testng.SuiteRunnerWorker.runSuite(SuiteRunnerWorker.java:53)
	at org.testng.SuiteRunnerWorker.run(SuiteRunnerWorker.java:96)
	at org.testng.TestNG.runSuitesSequentially(TestNG.java:1212)
	at org.testng.TestNG.runSuitesLocally(TestNG.java:1134)
	at org.testng.TestNG.runSuites(TestNG.java:1063)
	at org.testng.TestNG.run(TestNG.java:1031)
	at org.testng.remote.AbstractRemoteTestNG.run(AbstractRemoteTestNG.java:115)
	at org.testng.remote.RemoteTestNG.initAndRun(RemoteTestNG.java:251)
	at org.testng.remote.RemoteTestNG.main(RemoteTestNG.java:77)
">
      <![CDATA[java.lang.Exception: java.lang.AssertionError: Additional Member 2 mobile not validated expected [9848022338] but found [9848022551]
at com.pages.Joinnow_CST.user_AMdetails_inreviewpage_for4persons(Joinnow_CST.java:16685)
at com.pages.Joinnow_CST.Validate_MI_inRP_for4persons(Joinnow_CST.java:16873)
at com.test.user.Joinnow_CST_Scenarios.RUNALL(Joinnow_CST_Scenarios.java:878)
at java.base/java.util.ArrayList.forEach(ArrayList.java:1511)

at com.test.user.Joinnow_CST_Scenarios.RUNALL(Joinnow_CST_Scenarios.java:1195)
at java.base/java.util.ArrayList.forEach(ArrayList.java:1511)
... Removed 55 stack frames]]>
    </failure>
  </testcase> <!-- RUNALL -->
  <testcase classname="com.test.user.Joinnow_CST_Scenarios" name="RUNALL" time="86.937">
    <failure type="java.lang.Exception" message="org.openqa.selenium.NoSuchElementException: Cannot locate element with text: 1 for $189.00/month
For documentation on this error, please visit: https://www.seleniumhq.org/exceptions/no_such_element.html
Build info: version: &amp;apos;3.141.59&amp;apos;, revision: &amp;apos;e82be7d358&amp;apos;, time: &amp;apos;2018-11-14T08:17:03&amp;apos;
System info: host: &amp;apos;CPC-ShaikIrF-B1&amp;apos;, ip: &amp;apos;10.23.13.18&amp;apos;, os.name: &amp;apos;Windows 11&amp;apos;, os.arch: &amp;apos;amd64&amp;apos;, os.version: &amp;apos;10.0&amp;apos;, java.version: &amp;apos;18.0.1.1&amp;apos;
Driver info: driver.version: unknown
	at org.openqa.selenium.support.ui.Select.selectByVisibleText(Select.java:147)
	at com.pages.Joinnow_CST.Select_Noofpersons_dd(Joinnow_CST.java:4391)
	at com.pages.Joinnow_CST.Validate_YHC_edit(Joinnow_CST.java:20491)
	at com.test.user.Joinnow_CST_Scenarios.RUNALL(Joinnow_CST_Scenarios.java:1004)
	at java.base/jdk.internal.reflect.DirectMethodHandleAccessor.invoke(DirectMethodHandleAccessor.java:104)
	at java.base/java.lang.reflect.Method.invoke(Method.java:577)
	at org.testng.internal.MethodInvocationHelper.invokeMethod(MethodInvocationHelper.java:133)
	at org.testng.internal.TestInvoker.invokeMethod(TestInvoker.java:598)
	at org.testng.internal.TestInvoker.invokeTestMethod(TestInvoker.java:173)
	at org.testng.internal.MethodRunner.runInSequence(MethodRunner.java:46)
	at org.testng.internal.TestInvoker$MethodInvocationAgent.invoke(TestInvoker.java:824)
	at org.testng.internal.TestInvoker.invokeTestMethods(TestInvoker.java:146)
	at org.testng.internal.TestMethodWorker.invokeTestMethods(TestMethodWorker.java:146)
	at org.testng.internal.TestMethodWorker.run(TestMethodWorker.java:128)
	at java.base/java.util.ArrayList.forEach(ArrayList.java:1511)
	at org.testng.TestRunner.privateRun(TestRunner.java:794)
	at org.testng.TestRunner.run(TestRunner.java:596)
	at org.testng.SuiteRunner.runTest(SuiteRunner.java:377)
	at org.testng.SuiteRunner.runSequentially(SuiteRunner.java:371)
	at org.testng.SuiteRunner.privateRun(SuiteRunner.java:332)
	at org.testng.SuiteRunner.run(SuiteRunner.java:276)
	at org.testng.SuiteRunnerWorker.runSuite(SuiteRunnerWorker.java:53)
	at org.testng.SuiteRunnerWorker.run(SuiteRunnerWorker.java:96)
	at org.testng.TestNG.runSuitesSequentially(TestNG.java:1212)
	at org.testng.TestNG.runSuitesLocally(TestNG.java:1134)
	at org.testng.TestNG.runSuites(TestNG.java:1063)
	at org.testng.TestNG.run(TestNG.java:1031)
	at org.testng.remote.AbstractRemoteTestNG.run(AbstractRemoteTestNG.java:115)
	at org.testng.remote.RemoteTestNG.initAndRun(RemoteTestNG.java:251)
	at org.testng.remote.RemoteTestNG.main(RemoteTestNG.java:77)
">
      <![CDATA[java.lang.Exception: org.openqa.selenium.NoSuchElementException: Cannot locate element with text: 1 for $189.00/month
For documentation on this error, please visit: https://www.seleniumhq.org/exceptions/no_such_element.html
Build info: version: '3.141.59', revision: 'e82be7d358', time: '2018-11-14T08:17:03'
System info: host: 'CPC-ShaikIrF-B1', ip: '10.23.13.18', os.name: 'Windows 11', os.arch: 'amd64', os.version: '10.0', java.version: '18.0.1.1'
Driver info: driver.version: unknown
at org.openqa.selenium.support.ui.Select.selectByVisibleText(Select.java:147)
at com.pages.Joinnow_CST.Select_Noofpersons_dd(Joinnow_CST.java:4391)
at com.pages.Joinnow_CST.Validate_YHC_edit(Joinnow_CST.java:20491)
at com.test.user.Joinnow_CST_Scenarios.RUNALL(Joinnow_CST_Scenarios.java:1004)
at java.base/java.util.ArrayList.forEach(ArrayList.java:1511)

at com.test.user.Joinnow_CST_Scenarios.RUNALL(Joinnow_CST_Scenarios.java:1157)
at java.base/java.util.ArrayList.forEach(ArrayList.java:1511)
... Removed 50 stack frames]]>
    </failure>
  </testcase> <!-- RUNALL -->
</testsuite> <!-- Joinnow_CST_Scenarios(failed)(failed) -->
