<?xml version="1.0" encoding="UTF-8"?>
<!-- Generated by org.testng.reporters.JUnitXMLReporter -->
<testsuite ignored="0" hostname="CPC-ShaikIrF-B1" failures="7" tests="22" name="Career_Opportunities_CSC_scenarios(failed)" time="782.794" errors="0" timestamp="2023-10-26T00:36:57 IST">
  <testcase classname="com.test.user.Career_Opportunities_CSC_scenarios" name="RUNALL" time="22.82">
    <failure type="java.lang.Exception" message="java.lang.AssertionError: Text below Employment Application text not validated expected [FITNESS INTERNATIONAL, LLC, IS AN EQUAL OPPORTUNITY EMPLOYER WHO RECOGNIZES THE VALUE OF HAVING A DIVERSE WORKFORCE. WE SEEK AND ENCOURAGE QUALIFIED APPLICANTS REGARDLESS OF GENDER, ETHNICITY, RELIGION OR OTHER CULTURAL OR PHYSICAL CHARACTERISTICS, IN COMPLIANCE WITH STATE AND FEDERAL LAW. MUST BE AT LEAST 18 YEARS OF AGE. FOR INDIVIDUALS WITH DISABILITIES, ACCOMMODATIONS ARE AVAILABLE UPON REQUEST. CALIFORNIA APPLICANTS: FOR PURPOSES OF THE CALIFORNIA CONSUMER PRIVACY ACT, PLEASE SEE OUR CA APPLICANT PRIVACY NOTICE AND YOUR PRIVACY CHOICES.] but found [FITNESS INTERNATIONAL, LLC, IS AN EQUAL OPPORTUNITY EMPLOYER WHO RECOGNIZES THE VALUE OF HAVING A DIVERSE WORKFORCE. WE SEEK AND ENCOURAGE QUALIFIED APPLICANTS REGARDLESS OF GENDER, ETHNICITY, RELIGION OR OTHER CULTURAL OR PHYSICAL CHARACTERISTICS, IN COMPLIANCE WITH STATE AND FEDERAL LAW. MUST BE AT LEAST 18 YEARS OF AGE. FOR INDIVIDUALS WITH DISABILITIES, ACCOMMODATIONS ARE AVAILABLE UPON REQUEST. CALIFORNIA APPLICANTS: FOR PURPOSES OF THE CALIFORNIA CONSUMER PRIVACY ACT, PLEASE SEE OUR NOTICE AT COLLECTION AND YOUR PRIVACY CHOICES.]
	at org.testng.Assert.fail(Assert.java:99)
	at org.testng.Assert.failNotEquals(Assert.java:1037)
	at org.testng.Assert.assertEqualsImpl(Assert.java:140)
	at org.testng.Assert.assertEquals(Assert.java:122)
	at org.testng.Assert.assertEquals(Assert.java:629)
	at com.pages.CareerOpportunities_CSC.TC_02_CS_Validate_Text_Below_EmploymentApp_PT(CareerOpportunities_CSC.java:476)
	at com.test.user.Career_Opportunities_CSC_scenarios.RUNALL(Career_Opportunities_CSC_scenarios.java:248)
	at java.base/jdk.internal.reflect.DirectMethodHandleAccessor.invoke(DirectMethodHandleAccessor.java:104)
	at java.base/java.lang.reflect.Method.invoke(Method.java:577)
	at org.testng.internal.MethodInvocationHelper.invokeMethod(MethodInvocationHelper.java:133)
	at org.testng.internal.TestInvoker.invokeMethod(TestInvoker.java:598)
	at org.testng.internal.TestInvoker.invokeTestMethod(TestInvoker.java:173)
	at org.testng.internal.MethodRunner.runInSequence(MethodRunner.java:46)
	at org.testng.internal.TestInvoker$MethodInvocationAgent.invoke(TestInvoker.java:824)
	at org.testng.internal.TestInvoker.invokeTestMethods(TestInvoker.java:146)
	at org.testng.internal.TestMethodWorker.invokeTestMethods(TestMethodWorker.java:146)
	at org.testng.internal.TestMethodWorker.run(TestMethodWorker.java:128)
	at java.base/java.util.ArrayList.forEach(ArrayList.java:1511)
	at org.testng.TestRunner.privateRun(TestRunner.java:794)
	at org.testng.TestRunner.run(TestRunner.java:596)
	at org.testng.SuiteRunner.runTest(SuiteRunner.java:377)
	at org.testng.SuiteRunner.runSequentially(SuiteRunner.java:371)
	at org.testng.SuiteRunner.privateRun(SuiteRunner.java:332)
	at org.testng.SuiteRunner.run(SuiteRunner.java:276)
	at org.testng.SuiteRunnerWorker.runSuite(SuiteRunnerWorker.java:53)
	at org.testng.SuiteRunnerWorker.run(SuiteRunnerWorker.java:96)
	at org.testng.TestNG.runSuitesSequentially(TestNG.java:1212)
	at org.testng.TestNG.runSuitesLocally(TestNG.java:1134)
	at org.testng.TestNG.runSuites(TestNG.java:1063)
	at org.testng.TestNG.run(TestNG.java:1031)
	at org.testng.remote.AbstractRemoteTestNG.run(AbstractRemoteTestNG.java:115)
	at org.testng.remote.RemoteTestNG.initAndRun(RemoteTestNG.java:251)
	at org.testng.remote.RemoteTestNG.main(RemoteTestNG.java:77)
">
      <![CDATA[java.lang.Exception: java.lang.AssertionError: Text below Employment Application text not validated expected [FITNESS INTERNATIONAL, LLC, IS AN EQUAL OPPORTUNITY EMPLOYER WHO RECOGNIZES THE VALUE OF HAVING A DIVERSE WORKFORCE. WE SEEK AND ENCOURAGE QUALIFIED APPLICANTS REGARDLESS OF GENDER, ETHNICITY, RELIGION OR OTHER CULTURAL OR PHYSICAL CHARACTERISTICS, IN COMPLIANCE WITH STATE AND FEDERAL LAW. MUST BE AT LEAST 18 YEARS OF AGE. FOR INDIVIDUALS WITH DISABILITIES, ACCOMMODATIONS ARE AVAILABLE UPON REQUEST. CALIFORNIA APPLICANTS: FOR PURPOSES OF THE CALIFORNIA CONSUMER PRIVACY ACT, PLEASE SEE OUR CA APPLICANT PRIVACY NOTICE AND YOUR PRIVACY CHOICES.] but found [FITNESS INTERNATIONAL, LLC, IS AN EQUAL OPPORTUNITY EMPLOYER WHO RECOGNIZES THE VALUE OF HAVING A DIVERSE WORKFORCE. WE SEEK AND ENCOURAGE QUALIFIED APPLICANTS REGARDLESS OF GENDER, ETHNICITY, RELIGION OR OTHER CULTURAL OR PHYSICAL CHARACTERISTICS, IN COMPLIANCE WITH STATE AND FEDERAL LAW. MUST BE AT LEAST 18 YEARS OF AGE. FOR INDIVIDUALS WITH DISABILITIES, ACCOMMODATIONS ARE AVAILABLE UPON REQUEST. CALIFORNIA APPLICANTS: FOR PURPOSES OF THE CALIFORNIA CONSUMER PRIVACY ACT, PLEASE SEE OUR NOTICE AT COLLECTION AND YOUR PRIVACY CHOICES.]
at com.pages.CareerOpportunities_CSC.TC_02_CS_Validate_Text_Below_EmploymentApp_PT(CareerOpportunities_CSC.java:476)
at com.test.user.Career_Opportunities_CSC_scenarios.RUNALL(Career_Opportunities_CSC_scenarios.java:248)
at java.base/java.util.ArrayList.forEach(ArrayList.java:1511)

at com.test.user.Career_Opportunities_CSC_scenarios.RUNALL(Career_Opportunities_CSC_scenarios.java:2380)
at java.base/java.util.ArrayList.forEach(ArrayList.java:1511)
... Removed 55 stack frames]]>
    </failure>
  </testcase> <!-- RUNALL -->
  <testcase classname="com.test.user.Career_Opportunities_CSC_scenarios" name="RUNALL" time="19.268"/>
  <testcase classname="com.test.user.Career_Opportunities_CSC_scenarios" name="RUNALL" time="18.563"/>
  <testcase classname="com.test.user.Career_Opportunities_CSC_scenarios" name="RUNALL" time="32.25"/>
  <testcase classname="com.test.user.Career_Opportunities_CSC_scenarios" name="RUNALL" time="31.364"/>
  <testcase classname="com.test.user.Career_Opportunities_CSC_scenarios" name="RUNALL" time="25.011">
    <failure type="java.lang.Exception" message="org.openqa.selenium.ElementNotInteractableException: element not interactable: [object HTMLSelectElement] has no size and location
  (Session info: chrome=115.0.5790.170)
Build info: version: &amp;apos;4.11.0&amp;apos;, revision: &amp;apos;040bc5406b&amp;apos;
System info: os.name: &amp;apos;Windows 11&amp;apos;, os.arch: &amp;apos;amd64&amp;apos;, os.version: &amp;apos;10.0&amp;apos;, java.version: &amp;apos;18.0.1.1&amp;apos;
Driver info: org.openqa.selenium.chrome.ChromeDriver
Command: [afb2f09d932ece9510b657e74ee8f935, actions {actions=[org.openqa.selenium.interactions.Sequence@85cd413]}]
Capabilities {acceptInsecureCerts: false, browserName: chrome, browserVersion: 115.0.5790.170, chrome: {chromedriverVersion: 115.0.5790.170 (cc0d30c2ca5..., userDataDir: C:\Users\SHAIK~1.IRS\AppDat...}, goog:chromeOptions: {debuggerAddress: localhost:59355}, networkConnectionEnabled: false, pageLoadStrategy: eager, platformName: windows, proxy: Proxy(), se:cdp: ws://localhost:59355/devtoo..., se:cdpVersion: 115.0.5790.170, setWindowRect: true, strictFileInteractability: false, timeouts: {implicit: 0, pageLoad: 300000, script: 30000}, unhandledPromptBehavior: dismiss and notify, webauthn:extension:credBlob: true, webauthn:extension:largeBlob: true, webauthn:extension:minPinLength: true, webauthn:extension:prf: true, webauthn:virtualAuthenticators: true}
Session ID: afb2f09d932ece9510b657e74ee8f935
	at java.base/jdk.internal.reflect.DirectConstructorHandleAccessor.newInstance(DirectConstructorHandleAccessor.java:67)
	at java.base/java.lang.reflect.Constructor.newInstanceWithCaller(Constructor.java:499)
	at java.base/java.lang.reflect.Constructor.newInstance(Constructor.java:483)
	at org.openqa.selenium.remote.codec.w3c.W3CHttpResponseCodec.createException(W3CHttpResponseCodec.java:200)
	at org.openqa.selenium.remote.codec.w3c.W3CHttpResponseCodec.decode(W3CHttpResponseCodec.java:133)
	at org.openqa.selenium.remote.codec.w3c.W3CHttpResponseCodec.decode(W3CHttpResponseCodec.java:52)
	at org.openqa.selenium.remote.HttpCommandExecutor.execute(HttpCommandExecutor.java:191)
	at org.openqa.selenium.remote.service.DriverCommandExecutor.invokeExecute(DriverCommandExecutor.java:196)
	at org.openqa.selenium.remote.service.DriverCommandExecutor.execute(DriverCommandExecutor.java:171)
	at org.openqa.selenium.remote.RemoteWebDriver.execute(RemoteWebDriver.java:518)
	at org.openqa.selenium.remote.RemoteWebDriver.perform(RemoteWebDriver.java:604)
	at org.openqa.selenium.interactions.Actions$BuiltAction.perform(Actions.java:605)
	at org.openqa.selenium.interactions.Actions.perform(Actions.java:574)
	at com.BasePackage.Base_Class.MoveToElement(Base_Class.java:491)
	at com.pages.CareerOpportunities_CSC.TC_21_CS_Validate_NextPage_ClickofELNextbutton_PT(CareerOpportunities_CSC.java:1231)
	at com.pages.CareerOpportunities_CSC.TC_37_CS_Validate_Click_AddCertificate_PT(CareerOpportunities_CSC.java:1839)
	at com.test.user.Career_Opportunities_CSC_scenarios.RUNALL(Career_Opportunities_CSC_scenarios.java:539)
	at java.base/jdk.internal.reflect.DirectMethodHandleAccessor.invoke(DirectMethodHandleAccessor.java:104)
	at java.base/java.lang.reflect.Method.invoke(Method.java:577)
	at org.testng.internal.MethodInvocationHelper.invokeMethod(MethodInvocationHelper.java:133)
	at org.testng.internal.TestInvoker.invokeMethod(TestInvoker.java:598)
	at org.testng.internal.TestInvoker.invokeTestMethod(TestInvoker.java:173)
	at org.testng.internal.MethodRunner.runInSequence(MethodRunner.java:46)
	at org.testng.internal.TestInvoker$MethodInvocationAgent.invoke(TestInvoker.java:824)
	at org.testng.internal.TestInvoker.invokeTestMethods(TestInvoker.java:146)
	at org.testng.internal.TestMethodWorker.invokeTestMethods(TestMethodWorker.java:146)
	at org.testng.internal.TestMethodWorker.run(TestMethodWorker.java:128)
	at java.base/java.util.ArrayList.forEach(ArrayList.java:1511)
	at org.testng.TestRunner.privateRun(TestRunner.java:794)
	at org.testng.TestRunner.run(TestRunner.java:596)
	at org.testng.SuiteRunner.runTest(SuiteRunner.java:377)
	at org.testng.SuiteRunner.runSequentially(SuiteRunner.java:371)
	at org.testng.SuiteRunner.privateRun(SuiteRunner.java:332)
	at org.testng.SuiteRunner.run(SuiteRunner.java:276)
	at org.testng.SuiteRunnerWorker.runSuite(SuiteRunnerWorker.java:53)
	at org.testng.SuiteRunnerWorker.run(SuiteRunnerWorker.java:96)
	at org.testng.TestNG.runSuitesSequentially(TestNG.java:1212)
	at org.testng.TestNG.runSuitesLocally(TestNG.java:1134)
	at org.testng.TestNG.runSuites(TestNG.java:1063)
	at org.testng.TestNG.run(TestNG.java:1031)
	at org.testng.remote.AbstractRemoteTestNG.run(AbstractRemoteTestNG.java:115)
	at org.testng.remote.RemoteTestNG.initAndRun(RemoteTestNG.java:251)
	at org.testng.remote.RemoteTestNG.main(RemoteTestNG.java:77)
">
      <![CDATA[java.lang.Exception: org.openqa.selenium.ElementNotInteractableException: element not interactable: [object HTMLSelectElement] has no size and location
  (Session info: chrome=115.0.5790.170)
Build info: version: '4.11.0', revision: '040bc5406b'
System info: os.name: 'Windows 11', os.arch: 'amd64', os.version: '10.0', java.version: '18.0.1.1'
Driver info: org.openqa.selenium.chrome.ChromeDriver
Command: [afb2f09d932ece9510b657e74ee8f935, actions {actions=[org.openqa.selenium.interactions.Sequence@85cd413]}]
Capabilities {acceptInsecureCerts: false, browserName: chrome, browserVersion: 115.0.5790.170, chrome: {chromedriverVersion: 115.0.5790.170 (cc0d30c2ca5..., userDataDir: C:\Users\SHAIK~1.IRS\AppDat...}, goog:chromeOptions: {debuggerAddress: localhost:59355}, networkConnectionEnabled: false, pageLoadStrategy: eager, platformName: windows, proxy: Proxy(), se:cdp: ws://localhost:59355/devtoo..., se:cdpVersion: 115.0.5790.170, setWindowRect: true, strictFileInteractability: false, timeouts: {implicit: 0, pageLoad: 300000, script: 30000}, unhandledPromptBehavior: dismiss and notify, webauthn:extension:credBlob: true, webauthn:extension:largeBlob: true, webauthn:extension:minPinLength: true, webauthn:extension:prf: true, webauthn:virtualAuthenticators: true}
Session ID: afb2f09d932ece9510b657e74ee8f935
at org.openqa.selenium.remote.codec.w3c.W3CHttpResponseCodec.createException(W3CHttpResponseCodec.java:200)
at org.openqa.selenium.remote.codec.w3c.W3CHttpResponseCodec.decode(W3CHttpResponseCodec.java:133)
at org.openqa.selenium.remote.codec.w3c.W3CHttpResponseCodec.decode(W3CHttpResponseCodec.java:52)
at org.openqa.selenium.remote.HttpCommandExecutor.execute(HttpCommandExecutor.java:191)
at org.openqa.selenium.remote.service.DriverCommandExecutor.invokeExecute(DriverCommandExecutor.java:196)
at org.openqa.selenium.remote.service.DriverCommandExecutor.execute(DriverCommandExecutor.java:171)
at org.openqa.selenium.remote.RemoteWebDriver.execute(RemoteWebDriver.java:518)
at org.openqa.selenium.remote.RemoteWebDriver.perform(RemoteWebDriver.java:604)
at org.openqa.selenium.interactions.Actions$BuiltAction.perform(Actions.java:605)
at org.openqa.selenium.interactions.Actions.perform(Actions.java:574)
at com.BasePackage.Base_Class.MoveToElement(Base_Class.java:491)
at com.pages.CareerOpportunities_CSC.TC_21_CS_Validate_NextPage_ClickofELNextbutton_PT(CareerOpportunities_CSC.java:1231)
at com.pages.CareerOpportunities_CSC.TC_37_CS_Validate_Click_AddCertificate_PT(CareerOpportunities_CSC.java:1839)
at com.test.user.Career_Opportunities_CSC_scenarios.RUNALL(Career_Opportunities_CSC_scenarios.java:539)
at java.base/java.util.ArrayList.forEach(ArrayList.java:1511)

at com.test.user.Career_Opportunities_CSC_scenarios.RUNALL(Career_Opportunities_CSC_scenarios.java:2342)
at java.base/java.util.ArrayList.forEach(ArrayList.java:1511)
... Removed 53 stack frames]]>
    </failure>
  </testcase> <!-- RUNALL -->
  <testcase classname="com.test.user.Career_Opportunities_CSC_scenarios" name="RUNALL" time="31.527"/>
  <testcase classname="com.test.user.Career_Opportunities_CSC_scenarios" name="RUNALL" time="31.763"/>
  <testcase classname="com.test.user.Career_Opportunities_CSC_scenarios" name="RUNALL" time="23.91">
    <failure type="java.lang.Exception" message="org.openqa.selenium.ElementNotInteractableException: element not interactable: [object HTMLSelectElement] has no size and location
  (Session info: chrome=115.0.5790.170)
Build info: version: &amp;apos;4.11.0&amp;apos;, revision: &amp;apos;040bc5406b&amp;apos;
System info: os.name: &amp;apos;Windows 11&amp;apos;, os.arch: &amp;apos;amd64&amp;apos;, os.version: &amp;apos;10.0&amp;apos;, java.version: &amp;apos;18.0.1.1&amp;apos;
Driver info: org.openqa.selenium.chrome.ChromeDriver
Command: [54eba8e4e1302cf52bbbcca9b3ee529f, actions {actions=[org.openqa.selenium.interactions.Sequence@5d10df04]}]
Capabilities {acceptInsecureCerts: false, browserName: chrome, browserVersion: 115.0.5790.170, chrome: {chromedriverVersion: 115.0.5790.170 (cc0d30c2ca5..., userDataDir: C:\Users\SHAIK~1.IRS\AppDat...}, goog:chromeOptions: {debuggerAddress: localhost:59669}, networkConnectionEnabled: false, pageLoadStrategy: eager, platformName: windows, proxy: Proxy(), se:cdp: ws://localhost:59669/devtoo..., se:cdpVersion: 115.0.5790.170, setWindowRect: true, strictFileInteractability: false, timeouts: {implicit: 0, pageLoad: 300000, script: 30000}, unhandledPromptBehavior: dismiss and notify, webauthn:extension:credBlob: true, webauthn:extension:largeBlob: true, webauthn:extension:minPinLength: true, webauthn:extension:prf: true, webauthn:virtualAuthenticators: true}
Session ID: 54eba8e4e1302cf52bbbcca9b3ee529f
	at java.base/jdk.internal.reflect.DirectConstructorHandleAccessor.newInstance(DirectConstructorHandleAccessor.java:67)
	at java.base/java.lang.reflect.Constructor.newInstanceWithCaller(Constructor.java:499)
	at java.base/java.lang.reflect.Constructor.newInstance(Constructor.java:483)
	at org.openqa.selenium.remote.codec.w3c.W3CHttpResponseCodec.createException(W3CHttpResponseCodec.java:200)
	at org.openqa.selenium.remote.codec.w3c.W3CHttpResponseCodec.decode(W3CHttpResponseCodec.java:133)
	at org.openqa.selenium.remote.codec.w3c.W3CHttpResponseCodec.decode(W3CHttpResponseCodec.java:52)
	at org.openqa.selenium.remote.HttpCommandExecutor.execute(HttpCommandExecutor.java:191)
	at org.openqa.selenium.remote.service.DriverCommandExecutor.invokeExecute(DriverCommandExecutor.java:196)
	at org.openqa.selenium.remote.service.DriverCommandExecutor.execute(DriverCommandExecutor.java:171)
	at org.openqa.selenium.remote.RemoteWebDriver.execute(RemoteWebDriver.java:518)
	at org.openqa.selenium.remote.RemoteWebDriver.perform(RemoteWebDriver.java:604)
	at org.openqa.selenium.interactions.Actions$BuiltAction.perform(Actions.java:605)
	at org.openqa.selenium.interactions.Actions.perform(Actions.java:574)
	at com.BasePackage.Base_Class.MoveToElement(Base_Class.java:491)
	at com.pages.CareerOpportunities_CSC.TC_21_CS_Validate_NextPage_ClickofELNextbutton_PT(CareerOpportunities_CSC.java:1231)
	at com.pages.CareerOpportunities_CSC.TC_41_CS_Validate_Click_NextExperInfopage_PT(CareerOpportunities_CSC.java:2102)
	at com.pages.CareerOpportunities_CSC.TC_50_CS_Validate_UploadFile_ChooseFile_OnClickofIwillupload_EH_PT(CareerOpportunities_CSC.java:2322)
	at com.test.user.Career_Opportunities_CSC_scenarios.RUNALL(Career_Opportunities_CSC_scenarios.java:651)
	at java.base/jdk.internal.reflect.DirectMethodHandleAccessor.invoke(DirectMethodHandleAccessor.java:104)
	at java.base/java.lang.reflect.Method.invoke(Method.java:577)
	at org.testng.internal.MethodInvocationHelper.invokeMethod(MethodInvocationHelper.java:133)
	at org.testng.internal.TestInvoker.invokeMethod(TestInvoker.java:598)
	at org.testng.internal.TestInvoker.invokeTestMethod(TestInvoker.java:173)
	at org.testng.internal.MethodRunner.runInSequence(MethodRunner.java:46)
	at org.testng.internal.TestInvoker$MethodInvocationAgent.invoke(TestInvoker.java:824)
	at org.testng.internal.TestInvoker.invokeTestMethods(TestInvoker.java:146)
	at org.testng.internal.TestMethodWorker.invokeTestMethods(TestMethodWorker.java:146)
	at org.testng.internal.TestMethodWorker.run(TestMethodWorker.java:128)
	at java.base/java.util.ArrayList.forEach(ArrayList.java:1511)
	at org.testng.TestRunner.privateRun(TestRunner.java:794)
	at org.testng.TestRunner.run(TestRunner.java:596)
	at org.testng.SuiteRunner.runTest(SuiteRunner.java:377)
	at org.testng.SuiteRunner.runSequentially(SuiteRunner.java:371)
	at org.testng.SuiteRunner.privateRun(SuiteRunner.java:332)
	at org.testng.SuiteRunner.run(SuiteRunner.java:276)
	at org.testng.SuiteRunnerWorker.runSuite(SuiteRunnerWorker.java:53)
	at org.testng.SuiteRunnerWorker.run(SuiteRunnerWorker.java:96)
	at org.testng.TestNG.runSuitesSequentially(TestNG.java:1212)
	at org.testng.TestNG.runSuitesLocally(TestNG.java:1134)
	at org.testng.TestNG.runSuites(TestNG.java:1063)
	at org.testng.TestNG.run(TestNG.java:1031)
	at org.testng.remote.AbstractRemoteTestNG.run(AbstractRemoteTestNG.java:115)
	at org.testng.remote.RemoteTestNG.initAndRun(RemoteTestNG.java:251)
	at org.testng.remote.RemoteTestNG.main(RemoteTestNG.java:77)
">
      <![CDATA[java.lang.Exception: org.openqa.selenium.ElementNotInteractableException: element not interactable: [object HTMLSelectElement] has no size and location
  (Session info: chrome=115.0.5790.170)
Build info: version: '4.11.0', revision: '040bc5406b'
System info: os.name: 'Windows 11', os.arch: 'amd64', os.version: '10.0', java.version: '18.0.1.1'
Driver info: org.openqa.selenium.chrome.ChromeDriver
Command: [54eba8e4e1302cf52bbbcca9b3ee529f, actions {actions=[org.openqa.selenium.interactions.Sequence@5d10df04]}]
Capabilities {acceptInsecureCerts: false, browserName: chrome, browserVersion: 115.0.5790.170, chrome: {chromedriverVersion: 115.0.5790.170 (cc0d30c2ca5..., userDataDir: C:\Users\SHAIK~1.IRS\AppDat...}, goog:chromeOptions: {debuggerAddress: localhost:59669}, networkConnectionEnabled: false, pageLoadStrategy: eager, platformName: windows, proxy: Proxy(), se:cdp: ws://localhost:59669/devtoo..., se:cdpVersion: 115.0.5790.170, setWindowRect: true, strictFileInteractability: false, timeouts: {implicit: 0, pageLoad: 300000, script: 30000}, unhandledPromptBehavior: dismiss and notify, webauthn:extension:credBlob: true, webauthn:extension:largeBlob: true, webauthn:extension:minPinLength: true, webauthn:extension:prf: true, webauthn:virtualAuthenticators: true}
Session ID: 54eba8e4e1302cf52bbbcca9b3ee529f
at org.openqa.selenium.remote.codec.w3c.W3CHttpResponseCodec.createException(W3CHttpResponseCodec.java:200)
at org.openqa.selenium.remote.codec.w3c.W3CHttpResponseCodec.decode(W3CHttpResponseCodec.java:133)
at org.openqa.selenium.remote.codec.w3c.W3CHttpResponseCodec.decode(W3CHttpResponseCodec.java:52)
at org.openqa.selenium.remote.HttpCommandExecutor.execute(HttpCommandExecutor.java:191)
at org.openqa.selenium.remote.service.DriverCommandExecutor.invokeExecute(DriverCommandExecutor.java:196)
at org.openqa.selenium.remote.service.DriverCommandExecutor.execute(DriverCommandExecutor.java:171)
at org.openqa.selenium.remote.RemoteWebDriver.execute(RemoteWebDriver.java:518)
at org.openqa.selenium.remote.RemoteWebDriver.perform(RemoteWebDriver.java:604)
at org.openqa.selenium.interactions.Actions$BuiltAction.perform(Actions.java:605)
at org.openqa.selenium.interactions.Actions.perform(Actions.java:574)
at com.BasePackage.Base_Class.MoveToElement(Base_Class.java:491)
at com.pages.CareerOpportunities_CSC.TC_21_CS_Validate_NextPage_ClickofELNextbutton_PT(CareerOpportunities_CSC.java:1231)
at com.pages.CareerOpportunities_CSC.TC_41_CS_Validate_Click_NextExperInfopage_PT(CareerOpportunities_CSC.java:2102)
at com.pages.CareerOpportunities_CSC.TC_50_CS_Validate_UploadFile_ChooseFile_OnClickofIwillupload_EH_PT(CareerOpportunities_CSC.java:2322)
at com.test.user.Career_Opportunities_CSC_scenarios.RUNALL(Career_Opportunities_CSC_scenarios.java:651)
at java.base/java.util.ArrayList.forEach(ArrayList.java:1511)

at com.test.user.Career_Opportunities_CSC_scenarios.RUNALL(Career_Opportunities_CSC_scenarios.java:2342)
at java.base/java.util.ArrayList.forEach(ArrayList.java:1511)
... Removed 53 stack frames]]>
    </failure>
  </testcase> <!-- RUNALL -->
  <testcase classname="com.test.user.Career_Opportunities_CSC_scenarios" name="RUNALL" time="34.701"/>
  <testcase classname="com.test.user.Career_Opportunities_CSC_scenarios" name="RUNALL" time="34.36"/>
  <testcase classname="com.test.user.Career_Opportunities_CSC_scenarios" name="RUNALL" time="35.567"/>
  <testcase classname="com.test.user.Career_Opportunities_CSC_scenarios" name="RUNALL" time="34.666"/>
  <testcase classname="com.test.user.Career_Opportunities_CSC_scenarios" name="RUNALL" time="36.453"/>
  <testcase classname="com.test.user.Career_Opportunities_CSC_scenarios" name="RUNALL" time="45.915"/>
  <testcase classname="com.test.user.Career_Opportunities_CSC_scenarios" name="RUNALL" time="46.693"/>
  <testcase classname="com.test.user.Career_Opportunities_CSC_scenarios" name="RUNALL" time="53.836">
    <failure type="java.lang.Exception" message="java.lang.AssertionError: acknowledg text doesnot matched expected [I, ,  ACKNOWLEDGE THAT I AM OF LEGAL AGE AND I HEREBY CONSENT TO THE USE OF AN ELECTRONIC SIGNATURE TO RECORD MY AGREEMENT WITH THE TERMS OF THIS EMPLOYMENT APPLICATION AS OF  THURSDAY, OCTOBER 26, 2023.] but found [I, ,  ACKNOWLEDGE THAT I AM OF LEGAL AGE AND I HEREBY CONSENT TO THE USE OF AN ELECTRONIC SIGNATURE TO RECORD MY AGREEMENT WITH THE TERMS OF THIS EMPLOYMENT APPLICATION AS OF  WEDNESDAY, OCTOBER 25, 2023.]
	at org.testng.Assert.fail(Assert.java:99)
	at org.testng.Assert.failNotEquals(Assert.java:1037)
	at org.testng.Assert.assertEqualsImpl(Assert.java:140)
	at org.testng.Assert.assertEquals(Assert.java:122)
	at org.testng.Assert.assertEquals(Assert.java:629)
	at com.pages.CareerOpportunities_CSC.TC_107_CS_Validate_text_Iacknowledge_AS_PT(CareerOpportunities_CSC.java:4324)
	at com.test.user.Career_Opportunities_CSC_scenarios.RUNALL(Career_Opportunities_CSC_scenarios.java:1085)
	at java.base/jdk.internal.reflect.DirectMethodHandleAccessor.invoke(DirectMethodHandleAccessor.java:104)
	at java.base/java.lang.reflect.Method.invoke(Method.java:577)
	at org.testng.internal.MethodInvocationHelper.invokeMethod(MethodInvocationHelper.java:133)
	at org.testng.internal.TestInvoker.invokeMethod(TestInvoker.java:598)
	at org.testng.internal.TestInvoker.invokeTestMethod(TestInvoker.java:173)
	at org.testng.internal.MethodRunner.runInSequence(MethodRunner.java:46)
	at org.testng.internal.TestInvoker$MethodInvocationAgent.invoke(TestInvoker.java:824)
	at org.testng.internal.TestInvoker.invokeTestMethods(TestInvoker.java:146)
	at org.testng.internal.TestMethodWorker.invokeTestMethods(TestMethodWorker.java:146)
	at org.testng.internal.TestMethodWorker.run(TestMethodWorker.java:128)
	at java.base/java.util.ArrayList.forEach(ArrayList.java:1511)
	at org.testng.TestRunner.privateRun(TestRunner.java:794)
	at org.testng.TestRunner.run(TestRunner.java:596)
	at org.testng.SuiteRunner.runTest(SuiteRunner.java:377)
	at org.testng.SuiteRunner.runSequentially(SuiteRunner.java:371)
	at org.testng.SuiteRunner.privateRun(SuiteRunner.java:332)
	at org.testng.SuiteRunner.run(SuiteRunner.java:276)
	at org.testng.SuiteRunnerWorker.runSuite(SuiteRunnerWorker.java:53)
	at org.testng.SuiteRunnerWorker.run(SuiteRunnerWorker.java:96)
	at org.testng.TestNG.runSuitesSequentially(TestNG.java:1212)
	at org.testng.TestNG.runSuitesLocally(TestNG.java:1134)
	at org.testng.TestNG.runSuites(TestNG.java:1063)
	at org.testng.TestNG.run(TestNG.java:1031)
	at org.testng.remote.AbstractRemoteTestNG.run(AbstractRemoteTestNG.java:115)
	at org.testng.remote.RemoteTestNG.initAndRun(RemoteTestNG.java:251)
	at org.testng.remote.RemoteTestNG.main(RemoteTestNG.java:77)
">
      <![CDATA[java.lang.Exception: java.lang.AssertionError: acknowledg text doesnot matched expected [I, ,  ACKNOWLEDGE THAT I AM OF LEGAL AGE AND I HEREBY CONSENT TO THE USE OF AN ELECTRONIC SIGNATURE TO RECORD MY AGREEMENT WITH THE TERMS OF THIS EMPLOYMENT APPLICATION AS OF  THURSDAY, OCTOBER 26, 2023.] but found [I, ,  ACKNOWLEDGE THAT I AM OF LEGAL AGE AND I HEREBY CONSENT TO THE USE OF AN ELECTRONIC SIGNATURE TO RECORD MY AGREEMENT WITH THE TERMS OF THIS EMPLOYMENT APPLICATION AS OF  WEDNESDAY, OCTOBER 25, 2023.]
at com.pages.CareerOpportunities_CSC.TC_107_CS_Validate_text_Iacknowledge_AS_PT(CareerOpportunities_CSC.java:4324)
at com.test.user.Career_Opportunities_CSC_scenarios.RUNALL(Career_Opportunities_CSC_scenarios.java:1085)
at java.base/java.util.ArrayList.forEach(ArrayList.java:1511)

at com.test.user.Career_Opportunities_CSC_scenarios.RUNALL(Career_Opportunities_CSC_scenarios.java:2380)
at java.base/java.util.ArrayList.forEach(ArrayList.java:1511)
... Removed 55 stack frames]]>
    </failure>
  </testcase> <!-- RUNALL -->
  <testcase classname="com.test.user.Career_Opportunities_CSC_scenarios" name="RUNALL" time="24.077">
    <failure type="java.lang.Exception" message="org.openqa.selenium.ElementNotInteractableException: element not interactable: [object HTMLSelectElement] has no size and location
  (Session info: chrome=115.0.5790.170)
Build info: version: &amp;apos;4.11.0&amp;apos;, revision: &amp;apos;040bc5406b&amp;apos;
System info: os.name: &amp;apos;Windows 11&amp;apos;, os.arch: &amp;apos;amd64&amp;apos;, os.version: &amp;apos;10.0&amp;apos;, java.version: &amp;apos;18.0.1.1&amp;apos;
Driver info: org.openqa.selenium.chrome.ChromeDriver
Command: [cf409c6631faae1d379153797295934f, actions {actions=[org.openqa.selenium.interactions.Sequence@11cac750]}]
Capabilities {acceptInsecureCerts: false, browserName: chrome, browserVersion: 115.0.5790.170, chrome: {chromedriverVersion: 115.0.5790.170 (cc0d30c2ca5..., userDataDir: C:\Users\SHAIK~1.IRS\AppDat...}, goog:chromeOptions: {debuggerAddress: localhost:60647}, networkConnectionEnabled: false, pageLoadStrategy: eager, platformName: windows, proxy: Proxy(), se:cdp: ws://localhost:60647/devtoo..., se:cdpVersion: 115.0.5790.170, setWindowRect: true, strictFileInteractability: false, timeouts: {implicit: 0, pageLoad: 300000, script: 30000}, unhandledPromptBehavior: dismiss and notify, webauthn:extension:credBlob: true, webauthn:extension:largeBlob: true, webauthn:extension:minPinLength: true, webauthn:extension:prf: true, webauthn:virtualAuthenticators: true}
Session ID: cf409c6631faae1d379153797295934f
	at java.base/jdk.internal.reflect.DirectConstructorHandleAccessor.newInstance(DirectConstructorHandleAccessor.java:67)
	at java.base/java.lang.reflect.Constructor.newInstanceWithCaller(Constructor.java:499)
	at java.base/java.lang.reflect.Constructor.newInstance(Constructor.java:483)
	at org.openqa.selenium.remote.codec.w3c.W3CHttpResponseCodec.createException(W3CHttpResponseCodec.java:200)
	at org.openqa.selenium.remote.codec.w3c.W3CHttpResponseCodec.decode(W3CHttpResponseCodec.java:133)
	at org.openqa.selenium.remote.codec.w3c.W3CHttpResponseCodec.decode(W3CHttpResponseCodec.java:52)
	at org.openqa.selenium.remote.HttpCommandExecutor.execute(HttpCommandExecutor.java:191)
	at org.openqa.selenium.remote.service.DriverCommandExecutor.invokeExecute(DriverCommandExecutor.java:196)
	at org.openqa.selenium.remote.service.DriverCommandExecutor.execute(DriverCommandExecutor.java:171)
	at org.openqa.selenium.remote.RemoteWebDriver.execute(RemoteWebDriver.java:518)
	at org.openqa.selenium.remote.RemoteWebDriver.perform(RemoteWebDriver.java:604)
	at org.openqa.selenium.interactions.Actions$BuiltAction.perform(Actions.java:605)
	at org.openqa.selenium.interactions.Actions.perform(Actions.java:574)
	at com.BasePackage.Base_Class.MoveToElement(Base_Class.java:491)
	at com.pages.CareerOpportunities_CSC.TC_21_CS_Validate_NextPage_ClickofELNextbutton_PT(CareerOpportunities_CSC.java:1231)
	at com.pages.CareerOpportunities_CSC.TC_41_CS_Validate_Click_NextExperInfopage_PT(CareerOpportunities_CSC.java:2102)
	at com.pages.CareerOpportunities_CSC.TC_67_CS_Validate_onClickNextbtn_EH_PT(CareerOpportunities_CSC.java:2938)
	at com.pages.CareerOpportunities_CSC.TC_72_CS_Validate_OnClickNextBtn_LanguageSkills_PT(CareerOpportunities_CSC.java:3114)
	at com.pages.CareerOpportunities_CSC.TC_86_CS_Validate_OnClickNextBtn_CO_PT(CareerOpportunities_CSC.java:3582)
	at com.pages.CareerOpportunities_CSC.TC_103_CS_Validate_NextBtn_EOE_PT(CareerOpportunities_CSC.java:4173)
	at com.pages.CareerOpportunities_CSC.TC_109_CS_Validate_Nextbtn_AS_PT(CareerOpportunities_CSC.java:4358)
	at com.pages.CareerOpportunities_CSC.TC_115_CS_Validate_Text_IunderstandthatifIdofile_AandD_PT(CareerOpportunities_CSC.java:4474)
	at com.test.user.Career_Opportunities_CSC_scenarios.RUNALL(Career_Opportunities_CSC_scenarios.java:1143)
	at java.base/jdk.internal.reflect.DirectMethodHandleAccessor.invoke(DirectMethodHandleAccessor.java:104)
	at java.base/java.lang.reflect.Method.invoke(Method.java:577)
	at org.testng.internal.MethodInvocationHelper.invokeMethod(MethodInvocationHelper.java:133)
	at org.testng.internal.TestInvoker.invokeMethod(TestInvoker.java:598)
	at org.testng.internal.TestInvoker.invokeTestMethod(TestInvoker.java:173)
	at org.testng.internal.MethodRunner.runInSequence(MethodRunner.java:46)
	at org.testng.internal.TestInvoker$MethodInvocationAgent.invoke(TestInvoker.java:824)
	at org.testng.internal.TestInvoker.invokeTestMethods(TestInvoker.java:146)
	at org.testng.internal.TestMethodWorker.invokeTestMethods(TestMethodWorker.java:146)
	at org.testng.internal.TestMethodWorker.run(TestMethodWorker.java:128)
	at java.base/java.util.ArrayList.forEach(ArrayList.java:1511)
	at org.testng.TestRunner.privateRun(TestRunner.java:794)
	at org.testng.TestRunner.run(TestRunner.java:596)
	at org.testng.SuiteRunner.runTest(SuiteRunner.java:377)
	at org.testng.SuiteRunner.runSequentially(SuiteRunner.java:371)
	at org.testng.SuiteRunner.privateRun(SuiteRunner.java:332)
	at org.testng.SuiteRunner.run(SuiteRunner.java:276)
	at org.testng.SuiteRunnerWorker.runSuite(SuiteRunnerWorker.java:53)
	at org.testng.SuiteRunnerWorker.run(SuiteRunnerWorker.java:96)
	at org.testng.TestNG.runSuitesSequentially(TestNG.java:1212)
	at org.testng.TestNG.runSuitesLocally(TestNG.java:1134)
	at org.testng.TestNG.runSuites(TestNG.java:1063)
	at org.testng.TestNG.run(TestNG.java:1031)
	at org.testng.remote.AbstractRemoteTestNG.run(AbstractRemoteTestNG.java:115)
	at org.testng.remote.RemoteTestNG.initAndRun(RemoteTestNG.java:251)
	at org.testng.remote.RemoteTestNG.main(RemoteTestNG.java:77)
">
      <![CDATA[java.lang.Exception: org.openqa.selenium.ElementNotInteractableException: element not interactable: [object HTMLSelectElement] has no size and location
  (Session info: chrome=115.0.5790.170)
Build info: version: '4.11.0', revision: '040bc5406b'
System info: os.name: 'Windows 11', os.arch: 'amd64', os.version: '10.0', java.version: '18.0.1.1'
Driver info: org.openqa.selenium.chrome.ChromeDriver
Command: [cf409c6631faae1d379153797295934f, actions {actions=[org.openqa.selenium.interactions.Sequence@11cac750]}]
Capabilities {acceptInsecureCerts: false, browserName: chrome, browserVersion: 115.0.5790.170, chrome: {chromedriverVersion: 115.0.5790.170 (cc0d30c2ca5..., userDataDir: C:\Users\SHAIK~1.IRS\AppDat...}, goog:chromeOptions: {debuggerAddress: localhost:60647}, networkConnectionEnabled: false, pageLoadStrategy: eager, platformName: windows, proxy: Proxy(), se:cdp: ws://localhost:60647/devtoo..., se:cdpVersion: 115.0.5790.170, setWindowRect: true, strictFileInteractability: false, timeouts: {implicit: 0, pageLoad: 300000, script: 30000}, unhandledPromptBehavior: dismiss and notify, webauthn:extension:credBlob: true, webauthn:extension:largeBlob: true, webauthn:extension:minPinLength: true, webauthn:extension:prf: true, webauthn:virtualAuthenticators: true}
Session ID: cf409c6631faae1d379153797295934f
at org.openqa.selenium.remote.codec.w3c.W3CHttpResponseCodec.createException(W3CHttpResponseCodec.java:200)
at org.openqa.selenium.remote.codec.w3c.W3CHttpResponseCodec.decode(W3CHttpResponseCodec.java:133)
at org.openqa.selenium.remote.codec.w3c.W3CHttpResponseCodec.decode(W3CHttpResponseCodec.java:52)
at org.openqa.selenium.remote.HttpCommandExecutor.execute(HttpCommandExecutor.java:191)
at org.openqa.selenium.remote.service.DriverCommandExecutor.invokeExecute(DriverCommandExecutor.java:196)
at org.openqa.selenium.remote.service.DriverCommandExecutor.execute(DriverCommandExecutor.java:171)
at org.openqa.selenium.remote.RemoteWebDriver.execute(RemoteWebDriver.java:518)
at org.openqa.selenium.remote.RemoteWebDriver.perform(RemoteWebDriver.java:604)
at org.openqa.selenium.interactions.Actions$BuiltAction.perform(Actions.java:605)
at org.openqa.selenium.interactions.Actions.perform(Actions.java:574)
at com.BasePackage.Base_Class.MoveToElement(Base_Class.java:491)
at com.pages.CareerOpportunities_CSC.TC_21_CS_Validate_NextPage_ClickofELNextbutton_PT(CareerOpportunities_CSC.java:1231)
at com.pages.CareerOpportunities_CSC.TC_41_CS_Validate_Click_NextExperInfopage_PT(CareerOpportunities_CSC.java:2102)
at com.pages.CareerOpportunities_CSC.TC_67_CS_Validate_onClickNextbtn_EH_PT(CareerOpportunities_CSC.java:2938)
at com.pages.CareerOpportunities_CSC.TC_72_CS_Validate_OnClickNextBtn_LanguageSkills_PT(CareerOpportunities_CSC.java:3114)
at com.pages.CareerOpportunities_CSC.TC_86_CS_Validate_OnClickNextBtn_CO_PT(CareerOpportunities_CSC.java:3582)
at com.pages.CareerOpportunities_CSC.TC_103_CS_Validate_NextBtn_EOE_PT(CareerOpportunities_CSC.java:4173)
at com.pages.CareerOpportunities_CSC.TC_109_CS_Validate_Nextbtn_AS_PT(CareerOpportunities_CSC.java:4358)
at com.pages.CareerOpportunities_CSC.TC_115_CS_Validate_Text_IunderstandthatifIdofile_AandD_PT(CareerOpportunities_CSC.java:4474)
at com.test.user.Career_Opportunities_CSC_scenarios.RUNALL(Career_Opportunities_CSC_scenarios.java:1143)
at java.base/java.util.ArrayList.forEach(ArrayList.java:1511)

at com.test.user.Career_Opportunities_CSC_scenarios.RUNALL(Career_Opportunities_CSC_scenarios.java:2342)
at java.base/java.util.ArrayList.forEach(ArrayList.java:1511)
... Removed 53 stack frames]]>
    </failure>
  </testcase> <!-- RUNALL -->
  <testcase classname="com.test.user.Career_Opportunities_CSC_scenarios" name="RUNALL" time="27.731">
    <failure type="java.lang.Exception" message="org.openqa.selenium.ElementNotInteractableException: element not interactable: [object HTMLSelectElement] has no size and location
  (Session info: chrome=115.0.5790.170)
Build info: version: &amp;apos;4.11.0&amp;apos;, revision: &amp;apos;040bc5406b&amp;apos;
System info: os.name: &amp;apos;Windows 11&amp;apos;, os.arch: &amp;apos;amd64&amp;apos;, os.version: &amp;apos;10.0&amp;apos;, java.version: &amp;apos;18.0.1.1&amp;apos;
Driver info: org.openqa.selenium.chrome.ChromeDriver
Command: [edfd07e8d7bda488d42085ab454df444, actions {actions=[org.openqa.selenium.interactions.Sequence@67205ec8]}]
Capabilities {acceptInsecureCerts: false, browserName: chrome, browserVersion: 115.0.5790.170, chrome: {chromedriverVersion: 115.0.5790.170 (cc0d30c2ca5..., userDataDir: C:\Users\SHAIK~1.IRS\AppDat...}, goog:chromeOptions: {debuggerAddress: localhost:60748}, networkConnectionEnabled: false, pageLoadStrategy: eager, platformName: windows, proxy: Proxy(), se:cdp: ws://localhost:60748/devtoo..., se:cdpVersion: 115.0.5790.170, setWindowRect: true, strictFileInteractability: false, timeouts: {implicit: 0, pageLoad: 300000, script: 30000}, unhandledPromptBehavior: dismiss and notify, webauthn:extension:credBlob: true, webauthn:extension:largeBlob: true, webauthn:extension:minPinLength: true, webauthn:extension:prf: true, webauthn:virtualAuthenticators: true}
Session ID: edfd07e8d7bda488d42085ab454df444
	at java.base/jdk.internal.reflect.DirectConstructorHandleAccessor.newInstance(DirectConstructorHandleAccessor.java:67)
	at java.base/java.lang.reflect.Constructor.newInstanceWithCaller(Constructor.java:499)
	at java.base/java.lang.reflect.Constructor.newInstance(Constructor.java:483)
	at org.openqa.selenium.remote.codec.w3c.W3CHttpResponseCodec.createException(W3CHttpResponseCodec.java:200)
	at org.openqa.selenium.remote.codec.w3c.W3CHttpResponseCodec.decode(W3CHttpResponseCodec.java:133)
	at org.openqa.selenium.remote.codec.w3c.W3CHttpResponseCodec.decode(W3CHttpResponseCodec.java:52)
	at org.openqa.selenium.remote.HttpCommandExecutor.execute(HttpCommandExecutor.java:191)
	at org.openqa.selenium.remote.service.DriverCommandExecutor.invokeExecute(DriverCommandExecutor.java:196)
	at org.openqa.selenium.remote.service.DriverCommandExecutor.execute(DriverCommandExecutor.java:171)
	at org.openqa.selenium.remote.RemoteWebDriver.execute(RemoteWebDriver.java:518)
	at org.openqa.selenium.remote.RemoteWebDriver.perform(RemoteWebDriver.java:604)
	at org.openqa.selenium.interactions.Actions$BuiltAction.perform(Actions.java:605)
	at org.openqa.selenium.interactions.Actions.perform(Actions.java:574)
	at com.BasePackage.Base_Class.MoveToElement(Base_Class.java:491)
	at com.pages.CareerOpportunities_CSC.TC_21_CS_Validate_NextPage_ClickofELNextbutton_PT(CareerOpportunities_CSC.java:1231)
	at com.pages.CareerOpportunities_CSC.TC_41_CS_Validate_Click_NextExperInfopage_PT(CareerOpportunities_CSC.java:2102)
	at com.pages.CareerOpportunities_CSC.TC_67_CS_Validate_onClickNextbtn_EH_PT(CareerOpportunities_CSC.java:2938)
	at com.pages.CareerOpportunities_CSC.TC_72_CS_Validate_OnClickNextBtn_LanguageSkills_PT(CareerOpportunities_CSC.java:3114)
	at com.pages.CareerOpportunities_CSC.TC_86_CS_Validate_OnClickNextBtn_CO_PT(CareerOpportunities_CSC.java:3582)
	at com.pages.CareerOpportunities_CSC.TC_103_CS_Validate_NextBtn_EOE_PT(CareerOpportunities_CSC.java:4173)
	at com.pages.CareerOpportunities_CSC.TC_109_CS_Validate_Nextbtn_AS_PT(CareerOpportunities_CSC.java:4358)
	at com.pages.CareerOpportunities_CSC.TC_118_CS_Validate_Text_IAGreenAcknReceipt_AandD_PT(CareerOpportunities_CSC.java:4542)
	at com.test.user.Career_Opportunities_CSC_scenarios.RUNALL(Career_Opportunities_CSC_scenarios.java:1164)
	at java.base/jdk.internal.reflect.DirectMethodHandleAccessor.invoke(DirectMethodHandleAccessor.java:104)
	at java.base/java.lang.reflect.Method.invoke(Method.java:577)
	at org.testng.internal.MethodInvocationHelper.invokeMethod(MethodInvocationHelper.java:133)
	at org.testng.internal.TestInvoker.invokeMethod(TestInvoker.java:598)
	at org.testng.internal.TestInvoker.invokeTestMethod(TestInvoker.java:173)
	at org.testng.internal.MethodRunner.runInSequence(MethodRunner.java:46)
	at org.testng.internal.TestInvoker$MethodInvocationAgent.invoke(TestInvoker.java:824)
	at org.testng.internal.TestInvoker.invokeTestMethods(TestInvoker.java:146)
	at org.testng.internal.TestMethodWorker.invokeTestMethods(TestMethodWorker.java:146)
	at org.testng.internal.TestMethodWorker.run(TestMethodWorker.java:128)
	at java.base/java.util.ArrayList.forEach(ArrayList.java:1511)
	at org.testng.TestRunner.privateRun(TestRunner.java:794)
	at org.testng.TestRunner.run(TestRunner.java:596)
	at org.testng.SuiteRunner.runTest(SuiteRunner.java:377)
	at org.testng.SuiteRunner.runSequentially(SuiteRunner.java:371)
	at org.testng.SuiteRunner.privateRun(SuiteRunner.java:332)
	at org.testng.SuiteRunner.run(SuiteRunner.java:276)
	at org.testng.SuiteRunnerWorker.runSuite(SuiteRunnerWorker.java:53)
	at org.testng.SuiteRunnerWorker.run(SuiteRunnerWorker.java:96)
	at org.testng.TestNG.runSuitesSequentially(TestNG.java:1212)
	at org.testng.TestNG.runSuitesLocally(TestNG.java:1134)
	at org.testng.TestNG.runSuites(TestNG.java:1063)
	at org.testng.TestNG.run(TestNG.java:1031)
	at org.testng.remote.AbstractRemoteTestNG.run(AbstractRemoteTestNG.java:115)
	at org.testng.remote.RemoteTestNG.initAndRun(RemoteTestNG.java:251)
	at org.testng.remote.RemoteTestNG.main(RemoteTestNG.java:77)
">
      <![CDATA[java.lang.Exception: org.openqa.selenium.ElementNotInteractableException: element not interactable: [object HTMLSelectElement] has no size and location
  (Session info: chrome=115.0.5790.170)
Build info: version: '4.11.0', revision: '040bc5406b'
System info: os.name: 'Windows 11', os.arch: 'amd64', os.version: '10.0', java.version: '18.0.1.1'
Driver info: org.openqa.selenium.chrome.ChromeDriver
Command: [edfd07e8d7bda488d42085ab454df444, actions {actions=[org.openqa.selenium.interactions.Sequence@67205ec8]}]
Capabilities {acceptInsecureCerts: false, browserName: chrome, browserVersion: 115.0.5790.170, chrome: {chromedriverVersion: 115.0.5790.170 (cc0d30c2ca5..., userDataDir: C:\Users\SHAIK~1.IRS\AppDat...}, goog:chromeOptions: {debuggerAddress: localhost:60748}, networkConnectionEnabled: false, pageLoadStrategy: eager, platformName: windows, proxy: Proxy(), se:cdp: ws://localhost:60748/devtoo..., se:cdpVersion: 115.0.5790.170, setWindowRect: true, strictFileInteractability: false, timeouts: {implicit: 0, pageLoad: 300000, script: 30000}, unhandledPromptBehavior: dismiss and notify, webauthn:extension:credBlob: true, webauthn:extension:largeBlob: true, webauthn:extension:minPinLength: true, webauthn:extension:prf: true, webauthn:virtualAuthenticators: true}
Session ID: edfd07e8d7bda488d42085ab454df444
at org.openqa.selenium.remote.codec.w3c.W3CHttpResponseCodec.createException(W3CHttpResponseCodec.java:200)
at org.openqa.selenium.remote.codec.w3c.W3CHttpResponseCodec.decode(W3CHttpResponseCodec.java:133)
at org.openqa.selenium.remote.codec.w3c.W3CHttpResponseCodec.decode(W3CHttpResponseCodec.java:52)
at org.openqa.selenium.remote.HttpCommandExecutor.execute(HttpCommandExecutor.java:191)
at org.openqa.selenium.remote.service.DriverCommandExecutor.invokeExecute(DriverCommandExecutor.java:196)
at org.openqa.selenium.remote.service.DriverCommandExecutor.execute(DriverCommandExecutor.java:171)
at org.openqa.selenium.remote.RemoteWebDriver.execute(RemoteWebDriver.java:518)
at org.openqa.selenium.remote.RemoteWebDriver.perform(RemoteWebDriver.java:604)
at org.openqa.selenium.interactions.Actions$BuiltAction.perform(Actions.java:605)
at org.openqa.selenium.interactions.Actions.perform(Actions.java:574)
at com.BasePackage.Base_Class.MoveToElement(Base_Class.java:491)
at com.pages.CareerOpportunities_CSC.TC_21_CS_Validate_NextPage_ClickofELNextbutton_PT(CareerOpportunities_CSC.java:1231)
at com.pages.CareerOpportunities_CSC.TC_41_CS_Validate_Click_NextExperInfopage_PT(CareerOpportunities_CSC.java:2102)
at com.pages.CareerOpportunities_CSC.TC_67_CS_Validate_onClickNextbtn_EH_PT(CareerOpportunities_CSC.java:2938)
at com.pages.CareerOpportunities_CSC.TC_72_CS_Validate_OnClickNextBtn_LanguageSkills_PT(CareerOpportunities_CSC.java:3114)
at com.pages.CareerOpportunities_CSC.TC_86_CS_Validate_OnClickNextBtn_CO_PT(CareerOpportunities_CSC.java:3582)
at com.pages.CareerOpportunities_CSC.TC_103_CS_Validate_NextBtn_EOE_PT(CareerOpportunities_CSC.java:4173)
at com.pages.CareerOpportunities_CSC.TC_109_CS_Validate_Nextbtn_AS_PT(CareerOpportunities_CSC.java:4358)
at com.pages.CareerOpportunities_CSC.TC_118_CS_Validate_Text_IAGreenAcknReceipt_AandD_PT(CareerOpportunities_CSC.java:4542)
at com.test.user.Career_Opportunities_CSC_scenarios.RUNALL(Career_Opportunities_CSC_scenarios.java:1164)
at java.base/java.util.ArrayList.forEach(ArrayList.java:1511)

at com.test.user.Career_Opportunities_CSC_scenarios.RUNALL(Career_Opportunities_CSC_scenarios.java:2342)
at java.base/java.util.ArrayList.forEach(ArrayList.java:1511)
... Removed 53 stack frames]]>
    </failure>
  </testcase> <!-- RUNALL -->
  <testcase classname="com.test.user.Career_Opportunities_CSC_scenarios" name="RUNALL" time="52.63">
    <failure type="java.lang.Exception" message="java.lang.AssertionError:  Day Month Year matched doesnot matched expected [THURSDAY, OCTOBER 26, 2023] but found [WEDNESDAY, OCTOBER 25, 2023]
	at org.testng.Assert.fail(Assert.java:99)
	at org.testng.Assert.failNotEquals(Assert.java:1037)
	at org.testng.Assert.assertEqualsImpl(Assert.java:140)
	at org.testng.Assert.assertEquals(Assert.java:122)
	at org.testng.Assert.assertEquals(Assert.java:629)
	at com.pages.CareerOpportunities_CSC.TC_119_CS_Validate_Text_DateweekMonth_AandD_PT(CareerOpportunities_CSC.java:4595)
	at com.test.user.Career_Opportunities_CSC_scenarios.RUNALL(Career_Opportunities_CSC_scenarios.java:1172)
	at java.base/jdk.internal.reflect.DirectMethodHandleAccessor.invoke(DirectMethodHandleAccessor.java:104)
	at java.base/java.lang.reflect.Method.invoke(Method.java:577)
	at org.testng.internal.MethodInvocationHelper.invokeMethod(MethodInvocationHelper.java:133)
	at org.testng.internal.TestInvoker.invokeMethod(TestInvoker.java:598)
	at org.testng.internal.TestInvoker.invokeTestMethod(TestInvoker.java:173)
	at org.testng.internal.MethodRunner.runInSequence(MethodRunner.java:46)
	at org.testng.internal.TestInvoker$MethodInvocationAgent.invoke(TestInvoker.java:824)
	at org.testng.internal.TestInvoker.invokeTestMethods(TestInvoker.java:146)
	at org.testng.internal.TestMethodWorker.invokeTestMethods(TestMethodWorker.java:146)
	at org.testng.internal.TestMethodWorker.run(TestMethodWorker.java:128)
	at java.base/java.util.ArrayList.forEach(ArrayList.java:1511)
	at org.testng.TestRunner.privateRun(TestRunner.java:794)
	at org.testng.TestRunner.run(TestRunner.java:596)
	at org.testng.SuiteRunner.runTest(SuiteRunner.java:377)
	at org.testng.SuiteRunner.runSequentially(SuiteRunner.java:371)
	at org.testng.SuiteRunner.privateRun(SuiteRunner.java:332)
	at org.testng.SuiteRunner.run(SuiteRunner.java:276)
	at org.testng.SuiteRunnerWorker.runSuite(SuiteRunnerWorker.java:53)
	at org.testng.SuiteRunnerWorker.run(SuiteRunnerWorker.java:96)
	at org.testng.TestNG.runSuitesSequentially(TestNG.java:1212)
	at org.testng.TestNG.runSuitesLocally(TestNG.java:1134)
	at org.testng.TestNG.runSuites(TestNG.java:1063)
	at org.testng.TestNG.run(TestNG.java:1031)
	at org.testng.remote.AbstractRemoteTestNG.run(AbstractRemoteTestNG.java:115)
	at org.testng.remote.RemoteTestNG.initAndRun(RemoteTestNG.java:251)
	at org.testng.remote.RemoteTestNG.main(RemoteTestNG.java:77)
">
      <![CDATA[java.lang.Exception: java.lang.AssertionError:  Day Month Year matched doesnot matched expected [THURSDAY, OCTOBER 26, 2023] but found [WEDNESDAY, OCTOBER 25, 2023]
at com.pages.CareerOpportunities_CSC.TC_119_CS_Validate_Text_DateweekMonth_AandD_PT(CareerOpportunities_CSC.java:4595)
at com.test.user.Career_Opportunities_CSC_scenarios.RUNALL(Career_Opportunities_CSC_scenarios.java:1172)
at java.base/java.util.ArrayList.forEach(ArrayList.java:1511)

at com.test.user.Career_Opportunities_CSC_scenarios.RUNALL(Career_Opportunities_CSC_scenarios.java:2380)
at java.base/java.util.ArrayList.forEach(ArrayList.java:1511)
... Removed 55 stack frames]]>
    </failure>
  </testcase> <!-- RUNALL -->
  <testcase classname="com.test.user.Career_Opportunities_CSC_scenarios" name="RUNALL" time="58.016"/>
  <testcase classname="com.test.user.Career_Opportunities_CSC_scenarios" name="RUNALL" time="58.08"/>
</testsuite> <!-- Career_Opportunities_CSC_scenarios(failed) -->
