<html>
<head>
<title>TestNG:  Career_Opportunities_CSC_scenarios(failed)(failed)(failed)(failed)</title>
<link href="../testng.css" rel="stylesheet" type="text/css" />
<link href="../my-testng.css" rel="stylesheet" type="text/css" />

<style type="text/css">
.log { display: none;} 
.stack-trace { display: none;} 
</style>
<script type="text/javascript">
<!--
function flip(e) {
  current = e.style.display;
  if (current == 'block') {
    e.style.display = 'none';
    return 0;
  }
  else {
    e.style.display = 'block';
    return 1;
  }
}

function toggleBox(szDivId, elem, msg1, msg2)
{
  var res = -1;  if (document.getElementById) {
    res = flip(document.getElementById(szDivId));
  }
  else if (document.all) {
    // this is the way old msie versions work
    res = flip(document.all[szDivId]);
  }
  if(elem) {
    if(res == 0) elem.innerHTML = msg1; else elem.innerHTML = msg2;
  }

}

function toggleAllBoxes() {
  if (document.getElementsByTagName) {
    d = document.getElementsByTagName('div');
    for (i = 0; i < d.length; i++) {
      if (d[i].className == 'log') {
        flip(d[i]);
      }
    }
  }
}

// -->
</script>

</head>
<body>
<h2 align='center'>Career_Opportunities_CSC_scenarios(failed)(failed)(failed)(failed)</h2><table border='1' align="center">
<tr>
<td>Tests passed/Failed/Skipped:</td><td>0/3/0</td>
</tr><tr>
<td>Started on:</td><td>Thu Oct 26 13:24:49 IST 2023</td>
</tr>
<tr><td>Total time:</td><td>93 seconds (93952 ms)</td>
</tr><tr>
<td>Included groups:</td><td></td>
</tr><tr>
<td>Excluded groups:</td><td></td>
</tr>
</table><p/>
<small><i>(Hover the method name to see the test class name)</i></small><p/>
<table width='100%' border='1' class='invocation-failed'>
<tr><td colspan='4' align='center'><b>FAILED TESTS</b></td></tr>
<tr><td><b>Test method</b></td>
<td width="30%"><b>Exception</b></td>
<td width="10%"><b>Time (seconds)</b></td>
<td><b>Instance</b></td>
</tr>
<tr>
<td title='com.test.user.Career_Opportunities_CSC_scenarios.RUNALL()'><b>RUNALL</b><br>Test class: com.test.user.Career_Opportunities_CSC_scenarios<br>Parameters: {Account_number=, Add_amenities=, additional_input=, Aerobics_Instructor_Exp_DD=, Amount_details=, Annual_Fee_Per_Person=, Billing_Frequency=, Brand=City Sports Club, Can_contact_radio_button=, Card_name=, Card_number=, Certificate_No=, Certification_IssuedByDPValues=WITS PT, Certified_In_DD=, Change_brand_name=, Checkbox_class_formats=, Class_per_week=, Club_Address=, Club_city=, Club_Employer_DD=, Club_name=, Club_phone=, Club_zip=, Considered_for_chkbx=, Country=, Date_to_begin=, Dropdown_values=Facebook, E_EducationLeve_Dropdown=No High School Diploma, Email=lingraj.patil@fitnessintl.com, Emp_details=, Emp_gap=, Employer_name=, EmploymentHowResigned_dd=, EmploymentSuccess_ip=, EmploymentWhatDislike_ip=, EmploymentWhatLike_ip=, EmploymentWhyLeaveCurrent_ip=, EmploymentWhyReapply_ip=, EmploymentWhyResignInFuture_ip=, Everemployed_rdobtn=, Ex_month=, Ex_year=, F_Name=Ajay, File_name=, First_Month_Dues=, From_date=12022015, Full_name=Ajay Test, Gender_dd=, Hold_cert_GT_AC_ratio_button=, How_hear_abt_us=, Included_amenities=, Initial_Term=, Initiation_Fee=, input_data=, input_data1=, input_data2=, input_data3=, input_data4=Hispanic or Latino, input_data5=Female, input_data6=, IP_Address=, Job_long_des=, Job_short_des=, Job_title=, L_Name=Test, Languages=, Last_Month_Dues=, Leaving_Reason=Resigned with Notice, Member_address=New York, Member_City=, Member_Phone=9188253430, Member_Zipcode=95118, Mobile_Device=, Module=Career Opportunities, No_Prev_emp_chk_box=, Number_of_Persons1=, Payment_type=, Personal_Training_ExperienceDPValues=less than 1 year, Plan_rates=, Prepayment=, PriorEmploymentWhyResigned_ip=, RaceEthnicity_dd=, Radiobtn18YearsOld=, Radius_travel_to_work=, Rates/amenities=, Rates_details=, Res_Run=, Routing_number=, Run=Yes, State=, Supervisor_name=, TestScenario=TC_107_CS_Validate_text_Iacknowledge_AS_PT, Text_input=I, ,  acknowledge that I am of legal age and I hereby consent to the use of an electronic signature to record my agreement with the terms of this Employment Application as of  DD/MM/YYYY., TextMessage=CS_Validate_text_Iacknowledge_AS_PT, Time_period_DD=, To_date=12022024, Total_initial_Payment=, Url=, Work_time=}, org.testng.TestRunner@6f6962ba</td>
<td><div><pre>java.lang.Exception: org.openqa.selenium.ElementNotInteractableException: element not interactable: [object HTMLSelectElement] has no size and location
  (Session info: chrome=115.0.5790.170)
Build info: version: &apos;4.11.0&apos;, revision: &apos;040bc5406b&apos;
System info: os.name: &apos;Windows 11&apos;, os.arch: &apos;amd64&apos;, os.version: &apos;10.0&apos;, java.version: &apos;18.0.1.1&apos;
Driver info: org.openqa.selenium.chrome.ChromeDriver
Command: [098cfb706007989c17c4ada0141861c5, actions {actions=[org.openqa.selenium.interactions.Sequence@2b441e56]}]
Capabilities {acceptInsecureCerts: false, browserName: chrome, browserVersion: 115.0.5790.170, chrome: {chromedriverVersion: 115.0.5790.170 (cc0d30c2ca5..., userDataDir: C:\Users\SHAIK~1.IRS\AppDat...}, goog:chromeOptions: {debuggerAddress: localhost:55464}, networkConnectionEnabled: false, pageLoadStrategy: eager, platformName: windows, proxy: Proxy(), se:cdp: ws://localhost:55464/devtoo..., se:cdpVersion: 115.0.5790.170, setWindowRect: true, strictFileInteractability: false, timeouts: {implicit: 0, pageLoad: 300000, script: 30000}, unhandledPromptBehavior: dismiss and notify, webauthn:extension:credBlob: true, webauthn:extension:largeBlob: true, webauthn:extension:minPinLength: true, webauthn:extension:prf: true, webauthn:virtualAuthenticators: true}
Session ID: 098cfb706007989c17c4ada0141861c5
	at org.openqa.selenium.remote.codec.w3c.W3CHttpResponseCodec.createException(W3CHttpResponseCodec.java:200)
	at org.openqa.selenium.remote.codec.w3c.W3CHttpResponseCodec.decode(W3CHttpResponseCodec.java:133)
	at org.openqa.selenium.remote.codec.w3c.W3CHttpResponseCodec.decode(W3CHttpResponseCodec.java:52)
	at org.openqa.selenium.remote.HttpCommandExecutor.execute(HttpCommandExecutor.java:191)
	at org.openqa.selenium.remote.service.DriverCommandExecutor.invokeExecute(DriverCommandExecutor.java:196)
	at org.openqa.selenium.remote.service.DriverCommandExecutor.execute(DriverCommandExecutor.java:171)
	at org.openqa.selenium.remote.RemoteWebDriver.execute(RemoteWebDriver.java:518)
	at org.openqa.selenium.remote.RemoteWebDriver.perform(RemoteWebDriver.java:604)
	at org.openqa.selenium.interactions.Actions$BuiltAction.perform(Actions.java:605)
	at org.openqa.selenium.interactions.Actions.perform(Actions.java:574)
	at com.BasePackage.Base_Class.MoveToElement(Base_Class.java:491)
	at com.pages.CareerOpportunities_CSC.TC_21_CS_Validate_NextPage_ClickofELNextbutton_PT(CareerOpportunities_CSC.java:1231)
	at com.pages.CareerOpportunities_CSC.TC_41_CS_Validate_Click_NextExperInfopage_PT(CareerOpportunities_CSC.java:2102)
	at com.pages.CareerOpportunities_CSC.TC_67_CS_Validate_onClickNextbtn_EH_PT(CareerOpportunities_CSC.java:2938)
	at com.pages.CareerOpportunities_CSC.TC_72_CS_Validate_OnClickNextBtn_LanguageSkills_PT(CareerOpportunities_CSC.java:3114)
	at com.pages.CareerOpportunities_CSC.TC_86_CS_Validate_OnClickNextBtn_CO_PT(CareerOpportunities_CSC.java:3582)
	at com.pages.CareerOpportunities_CSC.TC_103_CS_Validate_NextBtn_EOE_PT(CareerOpportunities_CSC.java:4173)
	at com.pages.CareerOpportunities_CSC.TC_107_CS_Validate_text_Iacknowledge_AS_PT(CareerOpportunities_CSC.java:4297)
	at com.test.user.Career_Opportunities_CSC_scenarios.RUNALL(Career_Opportunities_CSC_scenarios.java:1085)
	at java.base/java.util.ArrayList.forEach(ArrayList.java:1511)

	at com.test.user.Career_Opportunities_CSC_scenarios.RUNALL(Career_Opportunities_CSC_scenarios.java:2342)
	at java.base/java.util.ArrayList.forEach(ArrayList.java:1511)
... Removed 53 stack frames</pre></div><a href='#' onClick='toggleBox("stack-trace37427881", this, "Click to show all stack frames", "Click to hide stack frames")'>Click to show all stack frames</a>
<div class='stack-trace' id='stack-trace37427881'><pre>java.lang.Exception: org.openqa.selenium.ElementNotInteractableException: element not interactable: [object HTMLSelectElement] has no size and location
  (Session info: chrome=115.0.5790.170)
Build info: version: &apos;4.11.0&apos;, revision: &apos;040bc5406b&apos;
System info: os.name: &apos;Windows 11&apos;, os.arch: &apos;amd64&apos;, os.version: &apos;10.0&apos;, java.version: &apos;18.0.1.1&apos;
Driver info: org.openqa.selenium.chrome.ChromeDriver
Command: [098cfb706007989c17c4ada0141861c5, actions {actions=[org.openqa.selenium.interactions.Sequence@2b441e56]}]
Capabilities {acceptInsecureCerts: false, browserName: chrome, browserVersion: 115.0.5790.170, chrome: {chromedriverVersion: 115.0.5790.170 (cc0d30c2ca5..., userDataDir: C:\Users\SHAIK~1.IRS\AppDat...}, goog:chromeOptions: {debuggerAddress: localhost:55464}, networkConnectionEnabled: false, pageLoadStrategy: eager, platformName: windows, proxy: Proxy(), se:cdp: ws://localhost:55464/devtoo..., se:cdpVersion: 115.0.5790.170, setWindowRect: true, strictFileInteractability: false, timeouts: {implicit: 0, pageLoad: 300000, script: 30000}, unhandledPromptBehavior: dismiss and notify, webauthn:extension:credBlob: true, webauthn:extension:largeBlob: true, webauthn:extension:minPinLength: true, webauthn:extension:prf: true, webauthn:virtualAuthenticators: true}
Session ID: 098cfb706007989c17c4ada0141861c5
	at java.base/jdk.internal.reflect.DirectConstructorHandleAccessor.newInstance(DirectConstructorHandleAccessor.java:67)
	at java.base/java.lang.reflect.Constructor.newInstanceWithCaller(Constructor.java:499)
	at java.base/java.lang.reflect.Constructor.newInstance(Constructor.java:483)
	at org.openqa.selenium.remote.codec.w3c.W3CHttpResponseCodec.createException(W3CHttpResponseCodec.java:200)
	at org.openqa.selenium.remote.codec.w3c.W3CHttpResponseCodec.decode(W3CHttpResponseCodec.java:133)
	at org.openqa.selenium.remote.codec.w3c.W3CHttpResponseCodec.decode(W3CHttpResponseCodec.java:52)
	at org.openqa.selenium.remote.HttpCommandExecutor.execute(HttpCommandExecutor.java:191)
	at org.openqa.selenium.remote.service.DriverCommandExecutor.invokeExecute(DriverCommandExecutor.java:196)
	at org.openqa.selenium.remote.service.DriverCommandExecutor.execute(DriverCommandExecutor.java:171)
	at org.openqa.selenium.remote.RemoteWebDriver.execute(RemoteWebDriver.java:518)
	at org.openqa.selenium.remote.RemoteWebDriver.perform(RemoteWebDriver.java:604)
	at org.openqa.selenium.interactions.Actions$BuiltAction.perform(Actions.java:605)
	at org.openqa.selenium.interactions.Actions.perform(Actions.java:574)
	at com.BasePackage.Base_Class.MoveToElement(Base_Class.java:491)
	at com.pages.CareerOpportunities_CSC.TC_21_CS_Validate_NextPage_ClickofELNextbutton_PT(CareerOpportunities_CSC.java:1231)
	at com.pages.CareerOpportunities_CSC.TC_41_CS_Validate_Click_NextExperInfopage_PT(CareerOpportunities_CSC.java:2102)
	at com.pages.CareerOpportunities_CSC.TC_67_CS_Validate_onClickNextbtn_EH_PT(CareerOpportunities_CSC.java:2938)
	at com.pages.CareerOpportunities_CSC.TC_72_CS_Validate_OnClickNextBtn_LanguageSkills_PT(CareerOpportunities_CSC.java:3114)
	at com.pages.CareerOpportunities_CSC.TC_86_CS_Validate_OnClickNextBtn_CO_PT(CareerOpportunities_CSC.java:3582)
	at com.pages.CareerOpportunities_CSC.TC_103_CS_Validate_NextBtn_EOE_PT(CareerOpportunities_CSC.java:4173)
	at com.pages.CareerOpportunities_CSC.TC_107_CS_Validate_text_Iacknowledge_AS_PT(CareerOpportunities_CSC.java:4297)
	at com.test.user.Career_Opportunities_CSC_scenarios.RUNALL(Career_Opportunities_CSC_scenarios.java:1085)
	at java.base/jdk.internal.reflect.DirectMethodHandleAccessor.invoke(DirectMethodHandleAccessor.java:104)
	at java.base/java.lang.reflect.Method.invoke(Method.java:577)
	at org.testng.internal.MethodInvocationHelper.invokeMethod(MethodInvocationHelper.java:133)
	at org.testng.internal.TestInvoker.invokeMethod(TestInvoker.java:598)
	at org.testng.internal.TestInvoker.invokeTestMethod(TestInvoker.java:173)
	at org.testng.internal.MethodRunner.runInSequence(MethodRunner.java:46)
	at org.testng.internal.TestInvoker$MethodInvocationAgent.invoke(TestInvoker.java:824)
	at org.testng.internal.TestInvoker.invokeTestMethods(TestInvoker.java:146)
	at org.testng.internal.TestMethodWorker.invokeTestMethods(TestMethodWorker.java:146)
	at org.testng.internal.TestMethodWorker.run(TestMethodWorker.java:128)
	at java.base/java.util.ArrayList.forEach(ArrayList.java:1511)
	at org.testng.TestRunner.privateRun(TestRunner.java:794)
	at org.testng.TestRunner.run(TestRunner.java:596)
	at org.testng.SuiteRunner.runTest(SuiteRunner.java:377)
	at org.testng.SuiteRunner.runSequentially(SuiteRunner.java:371)
	at org.testng.SuiteRunner.privateRun(SuiteRunner.java:332)
	at org.testng.SuiteRunner.run(SuiteRunner.java:276)
	at org.testng.SuiteRunnerWorker.runSuite(SuiteRunnerWorker.java:53)
	at org.testng.SuiteRunnerWorker.run(SuiteRunnerWorker.java:96)
	at org.testng.TestNG.runSuitesSequentially(TestNG.java:1212)
	at org.testng.TestNG.runSuitesLocally(TestNG.java:1134)
	at org.testng.TestNG.runSuites(TestNG.java:1063)
	at org.testng.TestNG.run(TestNG.java:1031)
	at org.testng.remote.AbstractRemoteTestNG.run(AbstractRemoteTestNG.java:115)
	at org.testng.remote.RemoteTestNG.initAndRun(RemoteTestNG.java:251)
	at org.testng.remote.RemoteTestNG.main(RemoteTestNG.java:77)

	at com.test.user.Career_Opportunities_CSC_scenarios.RUNALL(Career_Opportunities_CSC_scenarios.java:2342)
	at java.base/jdk.internal.reflect.DirectMethodHandleAccessor.invoke(DirectMethodHandleAccessor.java:104)
	at java.base/java.lang.reflect.Method.invoke(Method.java:577)
	at org.testng.internal.MethodInvocationHelper.invokeMethod(MethodInvocationHelper.java:133)
	at org.testng.internal.TestInvoker.invokeMethod(TestInvoker.java:598)
	at org.testng.internal.TestInvoker.invokeTestMethod(TestInvoker.java:173)
	at org.testng.internal.MethodRunner.runInSequence(MethodRunner.java:46)
	at org.testng.internal.TestInvoker$MethodInvocationAgent.invoke(TestInvoker.java:824)
	at org.testng.internal.TestInvoker.invokeTestMethods(TestInvoker.java:146)
	at org.testng.internal.TestMethodWorker.invokeTestMethods(TestMethodWorker.java:146)
	at org.testng.internal.TestMethodWorker.run(TestMethodWorker.java:128)
	at java.base/java.util.ArrayList.forEach(ArrayList.java:1511)
	at org.testng.TestRunner.privateRun(TestRunner.java:794)
	at org.testng.TestRunner.run(TestRunner.java:596)
	at org.testng.SuiteRunner.runTest(SuiteRunner.java:377)
	at org.testng.SuiteRunner.runSequentially(SuiteRunner.java:371)
	at org.testng.SuiteRunner.privateRun(SuiteRunner.java:332)
	at org.testng.SuiteRunner.run(SuiteRunner.java:276)
	at org.testng.SuiteRunnerWorker.runSuite(SuiteRunnerWorker.java:53)
	at org.testng.SuiteRunnerWorker.run(SuiteRunnerWorker.java:96)
	at org.testng.TestNG.runSuitesSequentially(TestNG.java:1212)
	at org.testng.TestNG.runSuitesLocally(TestNG.java:1134)
	at org.testng.TestNG.runSuites(TestNG.java:1063)
	at org.testng.TestNG.run(TestNG.java:1031)
	at org.testng.remote.AbstractRemoteTestNG.run(AbstractRemoteTestNG.java:115)
	at org.testng.remote.RemoteTestNG.initAndRun(RemoteTestNG.java:251)
	at org.testng.remote.RemoteTestNG.main(RemoteTestNG.java:77)
</pre></div></td>
<td>31</td>
<td>com.test.user.Career_Opportunities_CSC_scenarios@10683d9d</td></tr>
<tr>
<td title='com.test.user.Career_Opportunities_CSC_scenarios.RUNALL()'><b>RUNALL</b><br>Test class: com.test.user.Career_Opportunities_CSC_scenarios<br>Parameters: {Account_number=, Add_amenities=, additional_input=, Aerobics_Instructor_Exp_DD=, Amount_details=, Annual_Fee_Per_Person=, Billing_Frequency=, Brand=City Sports Club, Can_contact_radio_button=, Card_name=, Card_number=, Certificate_No=, Certification_IssuedByDPValues=, Certified_In_DD=, Change_brand_name=, Checkbox_class_formats=, Class_per_week=, Club_Address=, Club_city=, Club_Employer_DD=, Club_name=, Club_phone=, Club_zip=, Considered_for_chkbx=, Country=, Date_to_begin=, Dropdown_values=, E_EducationLeve_Dropdown=, Email=thiyag.spe21@speridian.com, Emp_details=, Emp_gap=, Employer_name=, EmploymentHowResigned_dd=, EmploymentSuccess_ip=, EmploymentWhatDislike_ip=, EmploymentWhatLike_ip=, EmploymentWhyLeaveCurrent_ip=, EmploymentWhyReapply_ip=, EmploymentWhyResignInFuture_ip=, Everemployed_rdobtn=, Ex_month=, Ex_year=, F_Name=, File_name=, First_Month_Dues=, From_date=, Full_name=, Gender_dd=, Hold_cert_GT_AC_ratio_button=, How_hear_abt_us=, Included_amenities=, Initial_Term=, Initiation_Fee=, input_data=, input_data1=, input_data2=, input_data3=, input_data4=, input_data5=, input_data6=, IP_Address=, Job_long_des=, Job_short_des=, Job_title=, L_Name=, Languages=, Last_Month_Dues=, Leaving_Reason=, Member_address=, Member_City=, Member_Phone=1234567899, Member_Zipcode=, Mobile_Device=, Module=Career Opportunities, No_Prev_emp_chk_box=, Number_of_Persons1=, Payment_type=, Personal_Training_ExperienceDPValues=, Plan_rates=, Prepayment=, PriorEmploymentWhyResigned_ip=, RaceEthnicity_dd=, Radiobtn18YearsOld=, Radius_travel_to_work=, Rates/amenities=, Rates_details=, Res_Run=No, Routing_number=, Run=Yes, State=, Supervisor_name=, TestScenario=TC_02_CS_Validate_Text_Below_EmploymentApp_PT, Text_input=Fitness International, LLC, is an equal opportunity employer who recognizes the value of having a diverse workforce. We seek and encourage qualified applicants regardless of gender, ethnicity, religion or other cultural or physical characteristics, in compliance with State and Federal Law. Must be at least 18 years of age. For individuals with disabilities, accommodations are available upon request. California applicants: For purposes of the California Consumer Privacy Act, please see our CA Applicant Privacy Notice and Your Privacy Choices., TextMessage=CS_Validate_Text_Below_EmploymentApp_PT, Time_period_DD=, To_date=, Total_initial_Payment=, Url=, Work_time=}, org.testng.TestRunner@6f6962ba</td>
<td><div><pre>java.lang.Exception: java.lang.AssertionError: Text below Employment Application text not validated expected [FITNESS INTERNATIONAL, LLC, IS AN EQUAL OPPORTUNITY EMPLOYER WHO RECOGNIZES THE VALUE OF HAVING A DIVERSE WORKFORCE. WE SEEK AND ENCOURAGE QUALIFIED APPLICANTS REGARDLESS OF GENDER, ETHNICITY, RELIGION OR OTHER CULTURAL OR PHYSICAL CHARACTERISTICS, IN COMPLIANCE WITH STATE AND FEDERAL LAW. MUST BE AT LEAST 18 YEARS OF AGE. FOR INDIVIDUALS WITH DISABILITIES, ACCOMMODATIONS ARE AVAILABLE UPON REQUEST. CALIFORNIA APPLICANTS: FOR PURPOSES OF THE CALIFORNIA CONSUMER PRIVACY ACT, PLEASE SEE OUR CA APPLICANT PRIVACY NOTICE AND YOUR PRIVACY CHOICES.] but found [FITNESS INTERNATIONAL, LLC, IS AN EQUAL OPPORTUNITY EMPLOYER WHO RECOGNIZES THE VALUE OF HAVING A DIVERSE WORKFORCE. WE SEEK AND ENCOURAGE QUALIFIED APPLICANTS REGARDLESS OF GENDER, ETHNICITY, RELIGION OR OTHER CULTURAL OR PHYSICAL CHARACTERISTICS, IN COMPLIANCE WITH STATE AND FEDERAL LAW. MUST BE AT LEAST 18 YEARS OF AGE. FOR INDIVIDUALS WITH DISABILITIES, ACCOMMODATIONS ARE AVAILABLE UPON REQUEST. CALIFORNIA APPLICANTS: FOR PURPOSES OF THE CALIFORNIA CONSUMER PRIVACY ACT, PLEASE SEE OUR NOTICE AT COLLECTION AND YOUR PRIVACY CHOICES.]
	at com.pages.CareerOpportunities_CSC.TC_02_CS_Validate_Text_Below_EmploymentApp_PT(CareerOpportunities_CSC.java:476)
	at com.test.user.Career_Opportunities_CSC_scenarios.RUNALL(Career_Opportunities_CSC_scenarios.java:248)
	at java.base/java.util.ArrayList.forEach(ArrayList.java:1511)

	at com.test.user.Career_Opportunities_CSC_scenarios.RUNALL(Career_Opportunities_CSC_scenarios.java:2380)
	at java.base/java.util.ArrayList.forEach(ArrayList.java:1511)
... Removed 55 stack frames</pre></div><a href='#' onClick='toggleBox("stack-trace836371508", this, "Click to show all stack frames", "Click to hide stack frames")'>Click to show all stack frames</a>
<div class='stack-trace' id='stack-trace836371508'><pre>java.lang.Exception: java.lang.AssertionError: Text below Employment Application text not validated expected [FITNESS INTERNATIONAL, LLC, IS AN EQUAL OPPORTUNITY EMPLOYER WHO RECOGNIZES THE VALUE OF HAVING A DIVERSE WORKFORCE. WE SEEK AND ENCOURAGE QUALIFIED APPLICANTS REGARDLESS OF GENDER, ETHNICITY, RELIGION OR OTHER CULTURAL OR PHYSICAL CHARACTERISTICS, IN COMPLIANCE WITH STATE AND FEDERAL LAW. MUST BE AT LEAST 18 YEARS OF AGE. FOR INDIVIDUALS WITH DISABILITIES, ACCOMMODATIONS ARE AVAILABLE UPON REQUEST. CALIFORNIA APPLICANTS: FOR PURPOSES OF THE CALIFORNIA CONSUMER PRIVACY ACT, PLEASE SEE OUR CA APPLICANT PRIVACY NOTICE AND YOUR PRIVACY CHOICES.] but found [FITNESS INTERNATIONAL, LLC, IS AN EQUAL OPPORTUNITY EMPLOYER WHO RECOGNIZES THE VALUE OF HAVING A DIVERSE WORKFORCE. WE SEEK AND ENCOURAGE QUALIFIED APPLICANTS REGARDLESS OF GENDER, ETHNICITY, RELIGION OR OTHER CULTURAL OR PHYSICAL CHARACTERISTICS, IN COMPLIANCE WITH STATE AND FEDERAL LAW. MUST BE AT LEAST 18 YEARS OF AGE. FOR INDIVIDUALS WITH DISABILITIES, ACCOMMODATIONS ARE AVAILABLE UPON REQUEST. CALIFORNIA APPLICANTS: FOR PURPOSES OF THE CALIFORNIA CONSUMER PRIVACY ACT, PLEASE SEE OUR NOTICE AT COLLECTION AND YOUR PRIVACY CHOICES.]
	at org.testng.Assert.fail(Assert.java:99)
	at org.testng.Assert.failNotEquals(Assert.java:1037)
	at org.testng.Assert.assertEqualsImpl(Assert.java:140)
	at org.testng.Assert.assertEquals(Assert.java:122)
	at org.testng.Assert.assertEquals(Assert.java:629)
	at com.pages.CareerOpportunities_CSC.TC_02_CS_Validate_Text_Below_EmploymentApp_PT(CareerOpportunities_CSC.java:476)
	at com.test.user.Career_Opportunities_CSC_scenarios.RUNALL(Career_Opportunities_CSC_scenarios.java:248)
	at java.base/jdk.internal.reflect.DirectMethodHandleAccessor.invoke(DirectMethodHandleAccessor.java:104)
	at java.base/java.lang.reflect.Method.invoke(Method.java:577)
	at org.testng.internal.MethodInvocationHelper.invokeMethod(MethodInvocationHelper.java:133)
	at org.testng.internal.TestInvoker.invokeMethod(TestInvoker.java:598)
	at org.testng.internal.TestInvoker.invokeTestMethod(TestInvoker.java:173)
	at org.testng.internal.MethodRunner.runInSequence(MethodRunner.java:46)
	at org.testng.internal.TestInvoker$MethodInvocationAgent.invoke(TestInvoker.java:824)
	at org.testng.internal.TestInvoker.invokeTestMethods(TestInvoker.java:146)
	at org.testng.internal.TestMethodWorker.invokeTestMethods(TestMethodWorker.java:146)
	at org.testng.internal.TestMethodWorker.run(TestMethodWorker.java:128)
	at java.base/java.util.ArrayList.forEach(ArrayList.java:1511)
	at org.testng.TestRunner.privateRun(TestRunner.java:794)
	at org.testng.TestRunner.run(TestRunner.java:596)
	at org.testng.SuiteRunner.runTest(SuiteRunner.java:377)
	at org.testng.SuiteRunner.runSequentially(SuiteRunner.java:371)
	at org.testng.SuiteRunner.privateRun(SuiteRunner.java:332)
	at org.testng.SuiteRunner.run(SuiteRunner.java:276)
	at org.testng.SuiteRunnerWorker.runSuite(SuiteRunnerWorker.java:53)
	at org.testng.SuiteRunnerWorker.run(SuiteRunnerWorker.java:96)
	at org.testng.TestNG.runSuitesSequentially(TestNG.java:1212)
	at org.testng.TestNG.runSuitesLocally(TestNG.java:1134)
	at org.testng.TestNG.runSuites(TestNG.java:1063)
	at org.testng.TestNG.run(TestNG.java:1031)
	at org.testng.remote.AbstractRemoteTestNG.run(AbstractRemoteTestNG.java:115)
	at org.testng.remote.RemoteTestNG.initAndRun(RemoteTestNG.java:251)
	at org.testng.remote.RemoteTestNG.main(RemoteTestNG.java:77)

	at com.test.user.Career_Opportunities_CSC_scenarios.RUNALL(Career_Opportunities_CSC_scenarios.java:2380)
	at java.base/jdk.internal.reflect.DirectMethodHandleAccessor.invoke(DirectMethodHandleAccessor.java:104)
	at java.base/java.lang.reflect.Method.invoke(Method.java:577)
	at org.testng.internal.MethodInvocationHelper.invokeMethod(MethodInvocationHelper.java:133)
	at org.testng.internal.TestInvoker.invokeMethod(TestInvoker.java:598)
	at org.testng.internal.TestInvoker.invokeTestMethod(TestInvoker.java:173)
	at org.testng.internal.MethodRunner.runInSequence(MethodRunner.java:46)
	at org.testng.internal.TestInvoker$MethodInvocationAgent.invoke(TestInvoker.java:824)
	at org.testng.internal.TestInvoker.invokeTestMethods(TestInvoker.java:146)
	at org.testng.internal.TestMethodWorker.invokeTestMethods(TestMethodWorker.java:146)
	at org.testng.internal.TestMethodWorker.run(TestMethodWorker.java:128)
	at java.base/java.util.ArrayList.forEach(ArrayList.java:1511)
	at org.testng.TestRunner.privateRun(TestRunner.java:794)
	at org.testng.TestRunner.run(TestRunner.java:596)
	at org.testng.SuiteRunner.runTest(SuiteRunner.java:377)
	at org.testng.SuiteRunner.runSequentially(SuiteRunner.java:371)
	at org.testng.SuiteRunner.privateRun(SuiteRunner.java:332)
	at org.testng.SuiteRunner.run(SuiteRunner.java:276)
	at org.testng.SuiteRunnerWorker.runSuite(SuiteRunnerWorker.java:53)
	at org.testng.SuiteRunnerWorker.run(SuiteRunnerWorker.java:96)
	at org.testng.TestNG.runSuitesSequentially(TestNG.java:1212)
	at org.testng.TestNG.runSuitesLocally(TestNG.java:1134)
	at org.testng.TestNG.runSuites(TestNG.java:1063)
	at org.testng.TestNG.run(TestNG.java:1031)
	at org.testng.remote.AbstractRemoteTestNG.run(AbstractRemoteTestNG.java:115)
	at org.testng.remote.RemoteTestNG.initAndRun(RemoteTestNG.java:251)
	at org.testng.remote.RemoteTestNG.main(RemoteTestNG.java:77)
</pre></div></td>
<td>23</td>
<td>com.test.user.Career_Opportunities_CSC_scenarios@10683d9d</td></tr>
<tr>
<td title='com.test.user.Career_Opportunities_CSC_scenarios.RUNALL()'><b>RUNALL</b><br>Test class: com.test.user.Career_Opportunities_CSC_scenarios<br>Parameters: {Account_number=, Add_amenities=, additional_input=, Aerobics_Instructor_Exp_DD=, Amount_details=, Annual_Fee_Per_Person=, Billing_Frequency=, Brand=City Sports Club, Can_contact_radio_button=, Card_name=, Card_number=, Certificate_No=, Certification_IssuedByDPValues=WITS PT, Certified_In_DD=, Change_brand_name=, Checkbox_class_formats=, Class_per_week=, Club_Address=, Club_city=, Club_Employer_DD=, Club_name=, Club_phone=, Club_zip=, Considered_for_chkbx=, Country=, Date_to_begin=, Dropdown_values=Facebook, E_EducationLeve_Dropdown=No High School Diploma, Email=lingraj.patil@fitnessintl.com, Emp_details=, Emp_gap=, Employer_name=, EmploymentHowResigned_dd=, EmploymentSuccess_ip=, EmploymentWhatDislike_ip=, EmploymentWhatLike_ip=, EmploymentWhyLeaveCurrent_ip=, EmploymentWhyReapply_ip=, EmploymentWhyResignInFuture_ip=, Everemployed_rdobtn=, Ex_month=, Ex_year=, F_Name=Ajay, File_name=, First_Month_Dues=, From_date=12022015, Full_name=Ajay Test, Gender_dd=, Hold_cert_GT_AC_ratio_button=, How_hear_abt_us=, Included_amenities=, Initial_Term=, Initiation_Fee=, input_data=, input_data1=, input_data2=, input_data3=, input_data4=Hispanic or Latino, input_data5=Female, input_data6=, IP_Address=, Job_long_des=, Job_short_des=, Job_title=, L_Name=Test, Languages=, Last_Month_Dues=, Leaving_Reason=Resigned with Notice, Member_address=New York, Member_City=, Member_Phone=9188253442, Member_Zipcode=95118, Mobile_Device=, Module=Career Opportunities, No_Prev_emp_chk_box=, Number_of_Persons1=, Payment_type=, Personal_Training_ExperienceDPValues=less than 1 year, Plan_rates=, Prepayment=, PriorEmploymentWhyResigned_ip=, RaceEthnicity_dd=, Radiobtn18YearsOld=, Radius_travel_to_work=, Rates/amenities=, Rates_details=, Res_Run=, Routing_number=, Run=Yes, State=, Supervisor_name=, TestScenario=TC_119_CS_Validate_Text_DateweekMonth_AandD_PT, Text_input=DD/MM/YYYY, TextMessage=CS_Validate_Text_DateweekMonth_AandD_PT, Time_period_DD=, To_date=12022024, Total_initial_Payment=, Url=, Work_time=}, org.testng.TestRunner@6f6962ba</td>
<td><div><pre>java.lang.Exception: org.openqa.selenium.StaleElementReferenceException: stale element reference: stale element not found
  (Session info: chrome=115.0.5790.170)
For documentation on this error, please visit: https://www.selenium.dev/documentation/webdriver/troubleshooting/errors#stale-element-reference-exception
Build info: version: &apos;4.11.0&apos;, revision: &apos;040bc5406b&apos;
System info: os.name: &apos;Windows 11&apos;, os.arch: &apos;amd64&apos;, os.version: &apos;10.0&apos;, java.version: &apos;18.0.1.1&apos;
Driver info: org.openqa.selenium.chrome.ChromeDriver
Command: [2a6a26640b76cc8ec2f649e2836b162f, actions {actions=[org.openqa.selenium.interactions.Sequence@5dae5a70]}]
Capabilities {acceptInsecureCerts: false, browserName: chrome, browserVersion: 115.0.5790.170, chrome: {chromedriverVersion: 115.0.5790.170 (cc0d30c2ca5..., userDataDir: C:\Users\SHAIK~1.IRS\AppDat...}, goog:chromeOptions: {debuggerAddress: localhost:55610}, networkConnectionEnabled: false, pageLoadStrategy: eager, platformName: windows, proxy: Proxy(), se:cdp: ws://localhost:55610/devtoo..., se:cdpVersion: 115.0.5790.170, setWindowRect: true, strictFileInteractability: false, timeouts: {implicit: 0, pageLoad: 300000, script: 30000}, unhandledPromptBehavior: dismiss and notify, webauthn:extension:credBlob: true, webauthn:extension:largeBlob: true, webauthn:extension:minPinLength: true, webauthn:extension:prf: true, webauthn:virtualAuthenticators: true}
Session ID: 2a6a26640b76cc8ec2f649e2836b162f
	at org.openqa.selenium.remote.codec.w3c.W3CHttpResponseCodec.createException(W3CHttpResponseCodec.java:200)
	at org.openqa.selenium.remote.codec.w3c.W3CHttpResponseCodec.decode(W3CHttpResponseCodec.java:133)
	at org.openqa.selenium.remote.codec.w3c.W3CHttpResponseCodec.decode(W3CHttpResponseCodec.java:52)
	at org.openqa.selenium.remote.HttpCommandExecutor.execute(HttpCommandExecutor.java:191)
	at org.openqa.selenium.remote.service.DriverCommandExecutor.invokeExecute(DriverCommandExecutor.java:196)
	at org.openqa.selenium.remote.service.DriverCommandExecutor.execute(DriverCommandExecutor.java:171)
	at org.openqa.selenium.remote.RemoteWebDriver.execute(RemoteWebDriver.java:518)
	at org.openqa.selenium.remote.RemoteWebDriver.perform(RemoteWebDriver.java:604)
	at org.openqa.selenium.interactions.Actions$BuiltAction.perform(Actions.java:605)
	at org.openqa.selenium.interactions.Actions.perform(Actions.java:574)
	at com.BasePackage.Base_Class.MoveToElement(Base_Class.java:491)
	at com.pages.CareerOpportunities_CSC.TC_41_CS_Validate_Click_NextExperInfopage_PT(CareerOpportunities_CSC.java:2137)
	at com.pages.CareerOpportunities_CSC.TC_67_CS_Validate_onClickNextbtn_EH_PT(CareerOpportunities_CSC.java:2938)
	at com.pages.CareerOpportunities_CSC.TC_72_CS_Validate_OnClickNextBtn_LanguageSkills_PT(CareerOpportunities_CSC.java:3114)
	at com.pages.CareerOpportunities_CSC.TC_86_CS_Validate_OnClickNextBtn_CO_PT(CareerOpportunities_CSC.java:3582)
	at com.pages.CareerOpportunities_CSC.TC_103_CS_Validate_NextBtn_EOE_PT(CareerOpportunities_CSC.java:4173)
	at com.pages.CareerOpportunities_CSC.TC_109_CS_Validate_Nextbtn_AS_PT(CareerOpportunities_CSC.java:4358)
	at com.pages.CareerOpportunities_CSC.TC_119_CS_Validate_Text_DateweekMonth_AandD_PT(CareerOpportunities_CSC.java:4564)
	at com.test.user.Career_Opportunities_CSC_scenarios.RUNALL(Career_Opportunities_CSC_scenarios.java:1172)
	at java.base/java.util.ArrayList.forEach(ArrayList.java:1511)

	at com.test.user.Career_Opportunities_CSC_scenarios.RUNALL(Career_Opportunities_CSC_scenarios.java:2342)
	at java.base/java.util.ArrayList.forEach(ArrayList.java:1511)
... Removed 53 stack frames</pre></div><a href='#' onClick='toggleBox("stack-trace744967512", this, "Click to show all stack frames", "Click to hide stack frames")'>Click to show all stack frames</a>
<div class='stack-trace' id='stack-trace744967512'><pre>java.lang.Exception: org.openqa.selenium.StaleElementReferenceException: stale element reference: stale element not found
  (Session info: chrome=115.0.5790.170)
For documentation on this error, please visit: https://www.selenium.dev/documentation/webdriver/troubleshooting/errors#stale-element-reference-exception
Build info: version: &apos;4.11.0&apos;, revision: &apos;040bc5406b&apos;
System info: os.name: &apos;Windows 11&apos;, os.arch: &apos;amd64&apos;, os.version: &apos;10.0&apos;, java.version: &apos;18.0.1.1&apos;
Driver info: org.openqa.selenium.chrome.ChromeDriver
Command: [2a6a26640b76cc8ec2f649e2836b162f, actions {actions=[org.openqa.selenium.interactions.Sequence@5dae5a70]}]
Capabilities {acceptInsecureCerts: false, browserName: chrome, browserVersion: 115.0.5790.170, chrome: {chromedriverVersion: 115.0.5790.170 (cc0d30c2ca5..., userDataDir: C:\Users\SHAIK~1.IRS\AppDat...}, goog:chromeOptions: {debuggerAddress: localhost:55610}, networkConnectionEnabled: false, pageLoadStrategy: eager, platformName: windows, proxy: Proxy(), se:cdp: ws://localhost:55610/devtoo..., se:cdpVersion: 115.0.5790.170, setWindowRect: true, strictFileInteractability: false, timeouts: {implicit: 0, pageLoad: 300000, script: 30000}, unhandledPromptBehavior: dismiss and notify, webauthn:extension:credBlob: true, webauthn:extension:largeBlob: true, webauthn:extension:minPinLength: true, webauthn:extension:prf: true, webauthn:virtualAuthenticators: true}
Session ID: 2a6a26640b76cc8ec2f649e2836b162f
	at java.base/jdk.internal.reflect.DirectConstructorHandleAccessor.newInstance(DirectConstructorHandleAccessor.java:67)
	at java.base/java.lang.reflect.Constructor.newInstanceWithCaller(Constructor.java:499)
	at java.base/java.lang.reflect.Constructor.newInstance(Constructor.java:483)
	at org.openqa.selenium.remote.codec.w3c.W3CHttpResponseCodec.createException(W3CHttpResponseCodec.java:200)
	at org.openqa.selenium.remote.codec.w3c.W3CHttpResponseCodec.decode(W3CHttpResponseCodec.java:133)
	at org.openqa.selenium.remote.codec.w3c.W3CHttpResponseCodec.decode(W3CHttpResponseCodec.java:52)
	at org.openqa.selenium.remote.HttpCommandExecutor.execute(HttpCommandExecutor.java:191)
	at org.openqa.selenium.remote.service.DriverCommandExecutor.invokeExecute(DriverCommandExecutor.java:196)
	at org.openqa.selenium.remote.service.DriverCommandExecutor.execute(DriverCommandExecutor.java:171)
	at org.openqa.selenium.remote.RemoteWebDriver.execute(RemoteWebDriver.java:518)
	at org.openqa.selenium.remote.RemoteWebDriver.perform(RemoteWebDriver.java:604)
	at org.openqa.selenium.interactions.Actions$BuiltAction.perform(Actions.java:605)
	at org.openqa.selenium.interactions.Actions.perform(Actions.java:574)
	at com.BasePackage.Base_Class.MoveToElement(Base_Class.java:491)
	at com.pages.CareerOpportunities_CSC.TC_41_CS_Validate_Click_NextExperInfopage_PT(CareerOpportunities_CSC.java:2137)
	at com.pages.CareerOpportunities_CSC.TC_67_CS_Validate_onClickNextbtn_EH_PT(CareerOpportunities_CSC.java:2938)
	at com.pages.CareerOpportunities_CSC.TC_72_CS_Validate_OnClickNextBtn_LanguageSkills_PT(CareerOpportunities_CSC.java:3114)
	at com.pages.CareerOpportunities_CSC.TC_86_CS_Validate_OnClickNextBtn_CO_PT(CareerOpportunities_CSC.java:3582)
	at com.pages.CareerOpportunities_CSC.TC_103_CS_Validate_NextBtn_EOE_PT(CareerOpportunities_CSC.java:4173)
	at com.pages.CareerOpportunities_CSC.TC_109_CS_Validate_Nextbtn_AS_PT(CareerOpportunities_CSC.java:4358)
	at com.pages.CareerOpportunities_CSC.TC_119_CS_Validate_Text_DateweekMonth_AandD_PT(CareerOpportunities_CSC.java:4564)
	at com.test.user.Career_Opportunities_CSC_scenarios.RUNALL(Career_Opportunities_CSC_scenarios.java:1172)
	at java.base/jdk.internal.reflect.DirectMethodHandleAccessor.invoke(DirectMethodHandleAccessor.java:104)
	at java.base/java.lang.reflect.Method.invoke(Method.java:577)
	at org.testng.internal.MethodInvocationHelper.invokeMethod(MethodInvocationHelper.java:133)
	at org.testng.internal.TestInvoker.invokeMethod(TestInvoker.java:598)
	at org.testng.internal.TestInvoker.invokeTestMethod(TestInvoker.java:173)
	at org.testng.internal.MethodRunner.runInSequence(MethodRunner.java:46)
	at org.testng.internal.TestInvoker$MethodInvocationAgent.invoke(TestInvoker.java:824)
	at org.testng.internal.TestInvoker.invokeTestMethods(TestInvoker.java:146)
	at org.testng.internal.TestMethodWorker.invokeTestMethods(TestMethodWorker.java:146)
	at org.testng.internal.TestMethodWorker.run(TestMethodWorker.java:128)
	at java.base/java.util.ArrayList.forEach(ArrayList.java:1511)
	at org.testng.TestRunner.privateRun(TestRunner.java:794)
	at org.testng.TestRunner.run(TestRunner.java:596)
	at org.testng.SuiteRunner.runTest(SuiteRunner.java:377)
	at org.testng.SuiteRunner.runSequentially(SuiteRunner.java:371)
	at org.testng.SuiteRunner.privateRun(SuiteRunner.java:332)
	at org.testng.SuiteRunner.run(SuiteRunner.java:276)
	at org.testng.SuiteRunnerWorker.runSuite(SuiteRunnerWorker.java:53)
	at org.testng.SuiteRunnerWorker.run(SuiteRunnerWorker.java:96)
	at org.testng.TestNG.runSuitesSequentially(TestNG.java:1212)
	at org.testng.TestNG.runSuitesLocally(TestNG.java:1134)
	at org.testng.TestNG.runSuites(TestNG.java:1063)
	at org.testng.TestNG.run(TestNG.java:1031)
	at org.testng.remote.AbstractRemoteTestNG.run(AbstractRemoteTestNG.java:115)
	at org.testng.remote.RemoteTestNG.initAndRun(RemoteTestNG.java:251)
	at org.testng.remote.RemoteTestNG.main(RemoteTestNG.java:77)

	at com.test.user.Career_Opportunities_CSC_scenarios.RUNALL(Career_Opportunities_CSC_scenarios.java:2342)
	at java.base/jdk.internal.reflect.DirectMethodHandleAccessor.invoke(DirectMethodHandleAccessor.java:104)
	at java.base/java.lang.reflect.Method.invoke(Method.java:577)
	at org.testng.internal.MethodInvocationHelper.invokeMethod(MethodInvocationHelper.java:133)
	at org.testng.internal.TestInvoker.invokeMethod(TestInvoker.java:598)
	at org.testng.internal.TestInvoker.invokeTestMethod(TestInvoker.java:173)
	at org.testng.internal.MethodRunner.runInSequence(MethodRunner.java:46)
	at org.testng.internal.TestInvoker$MethodInvocationAgent.invoke(TestInvoker.java:824)
	at org.testng.internal.TestInvoker.invokeTestMethods(TestInvoker.java:146)
	at org.testng.internal.TestMethodWorker.invokeTestMethods(TestMethodWorker.java:146)
	at org.testng.internal.TestMethodWorker.run(TestMethodWorker.java:128)
	at java.base/java.util.ArrayList.forEach(ArrayList.java:1511)
	at org.testng.TestRunner.privateRun(TestRunner.java:794)
	at org.testng.TestRunner.run(TestRunner.java:596)
	at org.testng.SuiteRunner.runTest(SuiteRunner.java:377)
	at org.testng.SuiteRunner.runSequentially(SuiteRunner.java:371)
	at org.testng.SuiteRunner.privateRun(SuiteRunner.java:332)
	at org.testng.SuiteRunner.run(SuiteRunner.java:276)
	at org.testng.SuiteRunnerWorker.runSuite(SuiteRunnerWorker.java:53)
	at org.testng.SuiteRunnerWorker.run(SuiteRunnerWorker.java:96)
	at org.testng.TestNG.runSuitesSequentially(TestNG.java:1212)
	at org.testng.TestNG.runSuitesLocally(TestNG.java:1134)
	at org.testng.TestNG.runSuites(TestNG.java:1063)
	at org.testng.TestNG.run(TestNG.java:1031)
	at org.testng.remote.AbstractRemoteTestNG.run(AbstractRemoteTestNG.java:115)
	at org.testng.remote.RemoteTestNG.initAndRun(RemoteTestNG.java:251)
	at org.testng.remote.RemoteTestNG.main(RemoteTestNG.java:77)
</pre></div></td>
<td>34</td>
<td>com.test.user.Career_Opportunities_CSC_scenarios@10683d9d</td></tr>
</table><p>
</body>
</html>