<?xml version="1.0" encoding="UTF-8"?>
<!-- Generated by org.testng.reporters.JUnitXMLReporter -->
<testsuite ignored="0" hostname="CPC-ShaikIrF-B1" failures="1" tests="1" name="ClubStudio_scenarios(failed)(failed)(failed)(failed)" time="74.787" errors="0" timestamp="2023-07-31T14:31:01 IST">
  <testcase classname="com.test.user.ClubStudio_scenarios" name="RUNALL" time="70.131">
    <failure type="java.lang.Exception" message="java.lang.Exception: Element: By.id: ctl00_MainContent_ApplicantAerobicsExperience_ButtonAddGroupFitnessEmploymentDetail is not displayed
	at com.BasePackage.Base_Class.Element_isdisplayed(Base_Class.java:415)
	at com.pages.ClubStudio.Validate_alert_nomorethan3_Emprs_in_l3_RI(ClubStudio.java:17816)
	at com.test.user.ClubStudio_scenarios.RUNALL(ClubStudio_scenarios.java:3078)
	at java.base/jdk.internal.reflect.DirectMethodHandleAccessor.invoke(DirectMethodHandleAccessor.java:104)
	at java.base/java.lang.reflect.Method.invoke(Method.java:577)
	at org.testng.internal.invokers.MethodInvocationHelper.invokeMethod(MethodInvocationHelper.java:139)
	at org.testng.internal.invokers.TestInvoker.invokeMethod(TestInvoker.java:664)
	at org.testng.internal.invokers.TestInvoker.invokeTestMethod(TestInvoker.java:227)
	at org.testng.internal.invokers.MethodRunner.runInSequence(MethodRunner.java:50)
	at org.testng.internal.invokers.TestInvoker$MethodInvocationAgent.invoke(TestInvoker.java:957)
	at org.testng.internal.invokers.TestInvoker.invokeTestMethods(TestInvoker.java:200)
	at org.testng.internal.invokers.TestMethodWorker.invokeTestMethods(TestMethodWorker.java:148)
	at org.testng.internal.invokers.TestMethodWorker.run(TestMethodWorker.java:128)
	at java.base/java.util.ArrayList.forEach(ArrayList.java:1511)
	at org.testng.TestRunner.privateRun(TestRunner.java:848)
	at org.testng.TestRunner.run(TestRunner.java:621)
	at org.testng.SuiteRunner.runTest(SuiteRunner.java:443)
	at org.testng.SuiteRunner.runSequentially(SuiteRunner.java:437)
	at org.testng.SuiteRunner.privateRun(SuiteRunner.java:397)
	at org.testng.SuiteRunner.run(SuiteRunner.java:336)
	at org.testng.SuiteRunnerWorker.runSuite(SuiteRunnerWorker.java:52)
	at org.testng.SuiteRunnerWorker.run(SuiteRunnerWorker.java:95)
	at org.testng.TestNG.runSuitesSequentially(TestNG.java:1280)
	at org.testng.TestNG.runSuitesLocally(TestNG.java:1200)
	at org.testng.TestNG.runSuites(TestNG.java:1114)
	at org.testng.TestNG.run(TestNG.java:1082)
	at org.testng.remote.AbstractRemoteTestNG.run(AbstractRemoteTestNG.java:115)
	at org.testng.remote.RemoteTestNG.initAndRun(RemoteTestNG.java:251)
	at org.testng.remote.RemoteTestNG.main(RemoteTestNG.java:77)
">
      <![CDATA[java.lang.Exception: java.lang.Exception: Element: By.id: ctl00_MainContent_ApplicantAerobicsExperience_ButtonAddGroupFitnessEmploymentDetail is not displayed
at com.BasePackage.Base_Class.Element_isdisplayed(Base_Class.java:415)
at com.pages.ClubStudio.Validate_alert_nomorethan3_Emprs_in_l3_RI(ClubStudio.java:17816)
at com.test.user.ClubStudio_scenarios.RUNALL(ClubStudio_scenarios.java:3078)
at java.base/java.util.ArrayList.forEach(ArrayList.java:1511)

at com.test.user.ClubStudio_scenarios.RUNALL(ClubStudio_scenarios.java:3183)
at java.base/java.util.ArrayList.forEach(ArrayList.java:1511)
... Removed 50 stack frames]]>
    </failure>
  </testcase> <!-- RUNALL -->
</testsuite> <!-- ClubStudio_scenarios(failed)(failed)(failed)(failed) -->
