<html>
<head>
<title>TestNG:  Joinnow_CST_Scenarios(failed)(failed)(failed)</title>
<link href="../testng.css" rel="stylesheet" type="text/css" />
<link href="../my-testng.css" rel="stylesheet" type="text/css" />

<style type="text/css">
.log { display: none;} 
.stack-trace { display: none;} 
</style>
<script type="text/javascript">
<!--
function flip(e) {
  current = e.style.display;
  if (current == 'block') {
    e.style.display = 'none';
    return 0;
  }
  else {
    e.style.display = 'block';
    return 1;
  }
}

function toggleBox(szDivId, elem, msg1, msg2)
{
  var res = -1;  if (document.getElementById) {
    res = flip(document.getElementById(szDivId));
  }
  else if (document.all) {
    // this is the way old msie versions work
    res = flip(document.all[szDivId]);
  }
  if(elem) {
    if(res == 0) elem.innerHTML = msg1; else elem.innerHTML = msg2;
  }

}

function toggleAllBoxes() {
  if (document.getElementsByTagName) {
    d = document.getElementsByTagName('div');
    for (i = 0; i < d.length; i++) {
      if (d[i].className == 'log') {
        flip(d[i]);
      }
    }
  }
}

// -->
</script>

</head>
<body>
<h2 align='center'>Joinnow_CST_Scenarios(failed)(failed)(failed)</h2><table border='1' align="center">
<tr>
<td>Tests passed/Failed/Skipped:</td><td>0/1/0</td>
</tr><tr>
<td>Started on:</td><td>Fri Oct 13 13:26:05 IST 2023</td>
</tr>
<tr><td>Total time:</td><td>69 seconds (69485 ms)</td>
</tr><tr>
<td>Included groups:</td><td></td>
</tr><tr>
<td>Excluded groups:</td><td></td>
</tr>
</table><p/>
<small><i>(Hover the method name to see the test class name)</i></small><p/>
<table width='100%' border='1' class='invocation-failed'>
<tr><td colspan='4' align='center'><b>FAILED TESTS</b></td></tr>
<tr><td><b>Test method</b></td>
<td width="30%"><b>Exception</b></td>
<td width="10%"><b>Time (seconds)</b></td>
<td><b>Instance</b></td>
</tr>
<tr>
<td title='com.test.user.Joinnow_CST_Scenarios.RUNALL()'><b>RUNALL</b><br>Test class: com.test.user.Joinnow_CST_Scenarios<br>Parameters: {A_number=, A_number_1=, Add_amenities=, additional_input=, Aerobics_Instructor_Exp_DD=, Amount_details=, Annual_Fee_Per_Person=, Billing_Fname=, Billing_Frequency=, Billing_Lname=, Brand=ClubStudio, C_number=, C_number_1=, Can_contact_radio_button=, Card_name=, Certificate_No=, Certification_IssuedByDPValues=, Certified_In_DD=, Change_brand_name=, Checkbox_class_formats=, Class_per_week=, Club_Address=, Club_Address2=, Club_city=, Club_Employer_DD=, Club_name=IRVINE - JEFFREY RD, Club_name1=, Club_phone=, Club_zip=, Country=USA, Date_to_begin=, Dropdown_values=CA, E_EducationLeve_Dropdown=, Email=, Email1=, Emp_details=, Emp_gap=, Employer_name=, EmploymentHowResigned_dd=, EmploymentSuccess_ip=, EmploymentWhatDislike_ip=, EmploymentWhatLike_ip=, EmploymentWhyLeaveCurrent_ip=, EmploymentWhyReapply_ip=, EmploymentWhyResignInFuture_ip=, Everemployed_rdobtn=, Ex1_month=, Ex1_year=, Ex_month=, Ex_year=, F_Name=, F_Name1=, File_name=, First_Month_Dues=, From_date=, Full_name=, Gender_dd=, Hold_cert_GT_AC_ratio_button=, How_hear_abt_us=, Included_amenities=Racquetball/Squash Courts: Included,Towels: Included,Group Fitness: Included,Cycle Class: Included,Pool/Whirlpool Spa: Included,Esporta Brand Access: Included,City Sports Brand Access: Included,Club Studio Brand Access: Included,LA Fitness Brand Access: Included,Club Studio: Included,Box Studio: Included,Bounce Studio: Included,CS4 Studio: Included,Ride Studio: Included,Reform Studio: Included,Sweat Plus Studio: Included, Initial_Term=, Initiation_Fee=, input_data=Club Studio Fitness | Online Membership - Rate | , input_data1=, input_data2=, input_data3=, input_data4=, input_data5=, input_data6=, input_data7=, IP_Address=, Job_long_des=, Job_short_des=, Job_title=, L_Name=, L_Name1=, Languages=, Last_Month_Dues=, Leaving_Reason=, MD_amount=, Member_address=, Member_City=, Member_Phone=, Member_Zipcode=, Mobile_Device=, Module=Joinnow, No_Prev_emp_chk_box=, Number_of_Persons1=, Payment_type=, Payment_type_1=, Personal_Training_ExperienceDPValues=, Plan_rates=199.00, Prepayment=, PriorEmploymentWhyResigned_ip=, RaceEthnicity_dd=, Radiobtn18YearsOld=, Radius_travel_to_work=, Rates/amenities=, Rates_details=, Res_Run=, Routing_number=, Routing_number_1=, Run=Yes, State=, Supervisor_name=, TestScenario=TC_17_Validate_1stplan_menities_list, Text_input=, TextMessage=Validate_1stplan_menities_list, Time_period_DD=, To_date=, Total_initial_Payment=, Url=, Work_time=}, org.testng.TestRunner@6f6962ba</td>
<td><div><pre>java.lang.Exception: org.openqa.selenium.NoSuchElementException: no such element: Unable to locate element: {&quot;method&quot;:&quot;xpath&quot;,&quot;selector&quot;:&quot;ctl00_MainContent_TabRates_ctl00_ctl00_lblMonthlyFee&quot;}
  (Session info: chrome=115.0.5790.170)
For documentation on this error, please visit: https://www.selenium.dev/documentation/webdriver/troubleshooting/errors#no-such-element-exception
Build info: version: &apos;4.11.0&apos;, revision: &apos;040bc5406b&apos;
System info: os.name: &apos;Windows 11&apos;, os.arch: &apos;amd64&apos;, os.version: &apos;10.0&apos;, java.version: &apos;18.0.1.1&apos;
Driver info: org.openqa.selenium.chrome.ChromeDriver
Command: [e84b40801ccfabf04eef31906f3cf974, findElement {using=xpath, value=ctl00_MainContent_TabRates_ctl00_ctl00_lblMonthlyFee}]
Capabilities {acceptInsecureCerts: false, browserName: chrome, browserVersion: 115.0.5790.170, chrome: {chromedriverVersion: 115.0.5790.170 (cc0d30c2ca5..., userDataDir: C:\Users\SHAIK~1.IRS\AppDat...}, goog:chromeOptions: {debuggerAddress: localhost:64676}, networkConnectionEnabled: false, pageLoadStrategy: eager, platformName: windows, proxy: Proxy(), se:cdp: ws://localhost:64676/devtoo..., se:cdpVersion: 115.0.5790.170, setWindowRect: true, strictFileInteractability: false, timeouts: {implicit: 0, pageLoad: 300000, script: 30000}, unhandledPromptBehavior: dismiss and notify, webauthn:extension:credBlob: true, webauthn:extension:largeBlob: true, webauthn:extension:minPinLength: true, webauthn:extension:prf: true, webauthn:virtualAuthenticators: true}
Session ID: e84b40801ccfabf04eef31906f3cf974
	at org.openqa.selenium.remote.codec.w3c.W3CHttpResponseCodec.createException(W3CHttpResponseCodec.java:200)
	at org.openqa.selenium.remote.codec.w3c.W3CHttpResponseCodec.decode(W3CHttpResponseCodec.java:133)
	at org.openqa.selenium.remote.codec.w3c.W3CHttpResponseCodec.decode(W3CHttpResponseCodec.java:52)
	at org.openqa.selenium.remote.HttpCommandExecutor.execute(HttpCommandExecutor.java:191)
	at org.openqa.selenium.remote.service.DriverCommandExecutor.invokeExecute(DriverCommandExecutor.java:196)
	at org.openqa.selenium.remote.service.DriverCommandExecutor.execute(DriverCommandExecutor.java:171)
	at org.openqa.selenium.remote.RemoteWebDriver.execute(RemoteWebDriver.java:518)
	at org.openqa.selenium.remote.ElementLocation$ElementFinder$2.findElement(ElementLocation.java:165)
	at org.openqa.selenium.remote.ElementLocation.findElement(ElementLocation.java:59)
	at org.openqa.selenium.remote.RemoteWebDriver.findElement(RemoteWebDriver.java:355)
	at org.openqa.selenium.remote.RemoteWebDriver.findElement(RemoteWebDriver.java:349)
	at com.BasePackage.Base_Class.MoveToElement(Base_Class.java:489)
	at com.pages.Joinnow_CST.Validate_MR_1st_plan_Includedamenities(Joinnow_CST.java:2586)
	at com.pages.Joinnow_CST.Validate_1stplan_menities_list(Joinnow_CST.java:3226)
	at com.test.user.Joinnow_CST_Scenarios.RUNALL(Joinnow_CST_Scenarios.java:378)
	at java.base/java.util.ArrayList.forEach(ArrayList.java:1511)

	at com.test.user.Joinnow_CST_Scenarios.RUNALL(Joinnow_CST_Scenarios.java:1157)
	at java.base/java.util.ArrayList.forEach(ArrayList.java:1511)
... Removed 53 stack frames</pre></div><a href='#' onClick='toggleBox("stack-trace1708786164", this, "Click to show all stack frames", "Click to hide stack frames")'>Click to show all stack frames</a>
<div class='stack-trace' id='stack-trace1708786164'><pre>java.lang.Exception: org.openqa.selenium.NoSuchElementException: no such element: Unable to locate element: {&quot;method&quot;:&quot;xpath&quot;,&quot;selector&quot;:&quot;ctl00_MainContent_TabRates_ctl00_ctl00_lblMonthlyFee&quot;}
  (Session info: chrome=115.0.5790.170)
For documentation on this error, please visit: https://www.selenium.dev/documentation/webdriver/troubleshooting/errors#no-such-element-exception
Build info: version: &apos;4.11.0&apos;, revision: &apos;040bc5406b&apos;
System info: os.name: &apos;Windows 11&apos;, os.arch: &apos;amd64&apos;, os.version: &apos;10.0&apos;, java.version: &apos;18.0.1.1&apos;
Driver info: org.openqa.selenium.chrome.ChromeDriver
Command: [e84b40801ccfabf04eef31906f3cf974, findElement {using=xpath, value=ctl00_MainContent_TabRates_ctl00_ctl00_lblMonthlyFee}]
Capabilities {acceptInsecureCerts: false, browserName: chrome, browserVersion: 115.0.5790.170, chrome: {chromedriverVersion: 115.0.5790.170 (cc0d30c2ca5..., userDataDir: C:\Users\SHAIK~1.IRS\AppDat...}, goog:chromeOptions: {debuggerAddress: localhost:64676}, networkConnectionEnabled: false, pageLoadStrategy: eager, platformName: windows, proxy: Proxy(), se:cdp: ws://localhost:64676/devtoo..., se:cdpVersion: 115.0.5790.170, setWindowRect: true, strictFileInteractability: false, timeouts: {implicit: 0, pageLoad: 300000, script: 30000}, unhandledPromptBehavior: dismiss and notify, webauthn:extension:credBlob: true, webauthn:extension:largeBlob: true, webauthn:extension:minPinLength: true, webauthn:extension:prf: true, webauthn:virtualAuthenticators: true}
Session ID: e84b40801ccfabf04eef31906f3cf974
	at java.base/jdk.internal.reflect.DirectConstructorHandleAccessor.newInstance(DirectConstructorHandleAccessor.java:67)
	at java.base/java.lang.reflect.Constructor.newInstanceWithCaller(Constructor.java:499)
	at java.base/java.lang.reflect.Constructor.newInstance(Constructor.java:483)
	at org.openqa.selenium.remote.codec.w3c.W3CHttpResponseCodec.createException(W3CHttpResponseCodec.java:200)
	at org.openqa.selenium.remote.codec.w3c.W3CHttpResponseCodec.decode(W3CHttpResponseCodec.java:133)
	at org.openqa.selenium.remote.codec.w3c.W3CHttpResponseCodec.decode(W3CHttpResponseCodec.java:52)
	at org.openqa.selenium.remote.HttpCommandExecutor.execute(HttpCommandExecutor.java:191)
	at org.openqa.selenium.remote.service.DriverCommandExecutor.invokeExecute(DriverCommandExecutor.java:196)
	at org.openqa.selenium.remote.service.DriverCommandExecutor.execute(DriverCommandExecutor.java:171)
	at org.openqa.selenium.remote.RemoteWebDriver.execute(RemoteWebDriver.java:518)
	at org.openqa.selenium.remote.ElementLocation$ElementFinder$2.findElement(ElementLocation.java:165)
	at org.openqa.selenium.remote.ElementLocation.findElement(ElementLocation.java:59)
	at org.openqa.selenium.remote.RemoteWebDriver.findElement(RemoteWebDriver.java:355)
	at org.openqa.selenium.remote.RemoteWebDriver.findElement(RemoteWebDriver.java:349)
	at com.BasePackage.Base_Class.MoveToElement(Base_Class.java:489)
	at com.pages.Joinnow_CST.Validate_MR_1st_plan_Includedamenities(Joinnow_CST.java:2586)
	at com.pages.Joinnow_CST.Validate_1stplan_menities_list(Joinnow_CST.java:3226)
	at com.test.user.Joinnow_CST_Scenarios.RUNALL(Joinnow_CST_Scenarios.java:378)
	at java.base/jdk.internal.reflect.DirectMethodHandleAccessor.invoke(DirectMethodHandleAccessor.java:104)
	at java.base/java.lang.reflect.Method.invoke(Method.java:577)
	at org.testng.internal.MethodInvocationHelper.invokeMethod(MethodInvocationHelper.java:133)
	at org.testng.internal.TestInvoker.invokeMethod(TestInvoker.java:598)
	at org.testng.internal.TestInvoker.invokeTestMethod(TestInvoker.java:173)
	at org.testng.internal.MethodRunner.runInSequence(MethodRunner.java:46)
	at org.testng.internal.TestInvoker$MethodInvocationAgent.invoke(TestInvoker.java:824)
	at org.testng.internal.TestInvoker.invokeTestMethods(TestInvoker.java:146)
	at org.testng.internal.TestMethodWorker.invokeTestMethods(TestMethodWorker.java:146)
	at org.testng.internal.TestMethodWorker.run(TestMethodWorker.java:128)
	at java.base/java.util.ArrayList.forEach(ArrayList.java:1511)
	at org.testng.TestRunner.privateRun(TestRunner.java:794)
	at org.testng.TestRunner.run(TestRunner.java:596)
	at org.testng.SuiteRunner.runTest(SuiteRunner.java:377)
	at org.testng.SuiteRunner.runSequentially(SuiteRunner.java:371)
	at org.testng.SuiteRunner.privateRun(SuiteRunner.java:332)
	at org.testng.SuiteRunner.run(SuiteRunner.java:276)
	at org.testng.SuiteRunnerWorker.runSuite(SuiteRunnerWorker.java:53)
	at org.testng.SuiteRunnerWorker.run(SuiteRunnerWorker.java:96)
	at org.testng.TestNG.runSuitesSequentially(TestNG.java:1212)
	at org.testng.TestNG.runSuitesLocally(TestNG.java:1134)
	at org.testng.TestNG.runSuites(TestNG.java:1063)
	at org.testng.TestNG.run(TestNG.java:1031)
	at org.testng.remote.AbstractRemoteTestNG.run(AbstractRemoteTestNG.java:115)
	at org.testng.remote.RemoteTestNG.initAndRun(RemoteTestNG.java:251)
	at org.testng.remote.RemoteTestNG.main(RemoteTestNG.java:77)

	at com.test.user.Joinnow_CST_Scenarios.RUNALL(Joinnow_CST_Scenarios.java:1157)
	at java.base/jdk.internal.reflect.DirectMethodHandleAccessor.invoke(DirectMethodHandleAccessor.java:104)
	at java.base/java.lang.reflect.Method.invoke(Method.java:577)
	at org.testng.internal.MethodInvocationHelper.invokeMethod(MethodInvocationHelper.java:133)
	at org.testng.internal.TestInvoker.invokeMethod(TestInvoker.java:598)
	at org.testng.internal.TestInvoker.invokeTestMethod(TestInvoker.java:173)
	at org.testng.internal.MethodRunner.runInSequence(MethodRunner.java:46)
	at org.testng.internal.TestInvoker$MethodInvocationAgent.invoke(TestInvoker.java:824)
	at org.testng.internal.TestInvoker.invokeTestMethods(TestInvoker.java:146)
	at org.testng.internal.TestMethodWorker.invokeTestMethods(TestMethodWorker.java:146)
	at org.testng.internal.TestMethodWorker.run(TestMethodWorker.java:128)
	at java.base/java.util.ArrayList.forEach(ArrayList.java:1511)
	at org.testng.TestRunner.privateRun(TestRunner.java:794)
	at org.testng.TestRunner.run(TestRunner.java:596)
	at org.testng.SuiteRunner.runTest(SuiteRunner.java:377)
	at org.testng.SuiteRunner.runSequentially(SuiteRunner.java:371)
	at org.testng.SuiteRunner.privateRun(SuiteRunner.java:332)
	at org.testng.SuiteRunner.run(SuiteRunner.java:276)
	at org.testng.SuiteRunnerWorker.runSuite(SuiteRunnerWorker.java:53)
	at org.testng.SuiteRunnerWorker.run(SuiteRunnerWorker.java:96)
	at org.testng.TestNG.runSuitesSequentially(TestNG.java:1212)
	at org.testng.TestNG.runSuitesLocally(TestNG.java:1134)
	at org.testng.TestNG.runSuites(TestNG.java:1063)
	at org.testng.TestNG.run(TestNG.java:1031)
	at org.testng.remote.AbstractRemoteTestNG.run(AbstractRemoteTestNG.java:115)
	at org.testng.remote.RemoteTestNG.initAndRun(RemoteTestNG.java:251)
	at org.testng.remote.RemoteTestNG.main(RemoteTestNG.java:77)
</pre></div></td>
<td>66</td>
<td>com.test.user.Joinnow_CST_Scenarios@10683d9d</td></tr>
</table><p>
</body>
</html>